Log file open, 02/21/17 14:19:45
LogInit:Display: Running engine for game: Aeon
LogPlatformFile: Not using cached read wrapper
LogInit:Display: RandInit(-1303352513) SRandInit(-1303352513).
LogTaskGraph: Started task graph with 5 named threads and 8 total threads with 1 sets of task threads.
LogStats: Stats thread started at 0.062846
LogPluginManager: Loaded Plugin Paper2D, From E:/Program Files (x86)/Epic Games/4.13/Engine/Plugins/2D/Paper2D/Paper2D.uplugin
LogPluginManager: Loaded Plugin LightPropagationVolume, From E:/Program Files (x86)/Epic Games/4.13/Engine/Plugins/Blendables/LightPropagationVolume/LightPropagationVolume.uplugin
LogPluginManager: Loaded Plugin BlankPlugin, From E:/Program Files (x86)/Epic Games/4.13/Engine/Plugins/Developer/BlankPlugin/BlankPlugin.uplugin
LogPluginManager: Loaded Plugin CodeLiteSourceCodeAccess, From E:/Program Files (x86)/Epic Games/4.13/Engine/Plugins/Developer/CodeLiteSourceCodeAccess/CodeLiteSourceCodeAccess.uplugin
LogPluginManager: Loaded Plugin GitSourceControl, From E:/Program Files (x86)/Epic Games/4.13/Engine/Plugins/Developer/GitSourceControl/GitSourceControl.uplugin
LogPluginManager: Loaded Plugin KDevelopSourceCodeAccess, From E:/Program Files (x86)/Epic Games/4.13/Engine/Plugins/Developer/KDevelopSourceCodeAccess/KDevelopSourceCodeAccess.uplugin
LogPluginManager: Loaded Plugin NullSourceCodeAccess, From E:/Program Files (x86)/Epic Games/4.13/Engine/Plugins/Developer/NullSourceCodeAccess/NullSourceCodeAccess.uplugin
LogPluginManager: Loaded Plugin OneSkyLocalizationService, From E:/Program Files (x86)/Epic Games/4.13/Engine/Plugins/Developer/OneSkyLocalizationService/OneSkyLocalizationService.uplugin
LogPluginManager: Loaded Plugin PerforceSourceControl, From E:/Program Files (x86)/Epic Games/4.13/Engine/Plugins/Developer/PerforceSourceControl/PerforceSourceControl.uplugin
LogPluginManager: Loaded Plugin SubversionSourceControl, From E:/Program Files (x86)/Epic Games/4.13/Engine/Plugins/Developer/SubversionSourceControl/SubversionSourceControl.uplugin
LogPluginManager: Loaded Plugin UObjectPlugin, From E:/Program Files (x86)/Epic Games/4.13/Engine/Plugins/Developer/UObjectPlugin/UObjectPlugin.uplugin
LogPluginManager: Loaded Plugin VisualStudioSourceCodeAccess, From E:/Program Files (x86)/Epic Games/4.13/Engine/Plugins/Developer/VisualStudioSourceCodeAccess/VisualStudioSourceCodeAccess.uplugin
LogPluginManager: Loaded Plugin XCodeSourceCodeAccess, From E:/Program Files (x86)/Epic Games/4.13/Engine/Plugins/Developer/XCodeSourceCodeAccess/XCodeSourceCodeAccess.uplugin
LogPluginManager: Loaded Plugin EpicSurvey, From E:/Program Files (x86)/Epic Games/4.13/Engine/Plugins/Editor/EpicSurvey/EpicSurvey.uplugin
LogPluginManager: Loaded Plugin MacGraphicsSwitching, From E:/Program Files (x86)/Epic Games/4.13/Engine/Plugins/Editor/MacGraphicsSwitching/MacGraphicsSwitching.uplugin
LogPluginManager: Loaded Plugin MobileLauncherProfileWizard, From E:/Program Files (x86)/Epic Games/4.13/Engine/Plugins/Editor/MobileLauncherProfileWizard/MobileLauncherProfileWizard.uplugin
LogPluginManager: Loaded Plugin PluginBrowser, From E:/Program Files (x86)/Epic Games/4.13/Engine/Plugins/Editor/PluginBrowser/PluginBrowser.uplugin
LogPluginManager: Loaded Plugin SpeedTreeImporter, From E:/Program Files (x86)/Epic Games/4.13/Engine/Plugins/Editor/SpeedTreeImporter/SpeedTreeImporter.uplugin
LogPluginManager: Loaded Plugin SuperSearchEditor, From E:/Program Files (x86)/Epic Games/4.13/Engine/Plugins/Editor/SuperSearchEditor/SuperSearchEditor.uplugin
LogPluginManager: Loaded Plugin AlembicImporter, From E:/Program Files (x86)/Epic Games/4.13/Engine/Plugins/Experimental/AlembicImporter/AlembicImporter.uplugin
LogPluginManager: Loaded Plugin BlueprintStats, From E:/Program Files (x86)/Epic Games/4.13/Engine/Plugins/Experimental/BlueprintStats/BlueprintStats.uplugin
LogPluginManager: Loaded Plugin CharacterAI, From E:/Program Files (x86)/Epic Games/4.13/Engine/Plugins/Experimental/CharacterAI/CharacterAI.uplugin
LogPluginManager: Loaded Plugin CodeEditor, From E:/Program Files (x86)/Epic Games/4.13/Engine/Plugins/Experimental/CodeEditor/CodeEditor.uplugin
LogPluginManager: Loaded Plugin CodeView, From E:/Program Files (x86)/Epic Games/4.13/Engine/Plugins/Experimental/CodeView/CodeView.uplugin
LogPluginManager: Loaded Plugin HTML5Networking, From E:/Program Files (x86)/Epic Games/4.13/Engine/Plugins/Experimental/HTML5Networking/HTML5Networking.uplugin
LogPluginManager: Loaded Plugin LiveEditor, From E:/Program Files (x86)/Epic Games/4.13/Engine/Plugins/Experimental/LiveEditor/LiveEditor.uplugin
LogPluginManager: Loaded Plugin OSVR, From E:/Program Files (x86)/Epic Games/4.13/Engine/Plugins/Experimental/OSVR/OSVR.uplugin
LogPluginManager: Loaded Plugin Phya, From E:/Program Files (x86)/Epic Games/4.13/Engine/Plugins/Experimental/Phya/Phya.uplugin
LogPluginManager: Loaded Plugin SignificanceManager, From E:/Program Files (x86)/Epic Games/4.13/Engine/Plugins/Experimental/SignificanceManager/SignificanceManager.uplugin
LogPluginManager: Loaded Plugin SimpleHMD, From E:/Program Files (x86)/Epic Games/4.13/Engine/Plugins/Experimental/SimpleHMD/SimpleHMD.uplugin
LogPluginManager: Loaded Plugin StereoPanorama, From E:/Program Files (x86)/Epic Games/4.13/Engine/Plugins/Experimental/StereoPanorama/StereoPanorama.uplugin
LogPluginManager: Loaded Plugin StructBox, From E:/Program Files (x86)/Epic Games/4.13/Engine/Plugins/Experimental/StructBox/StructBox.uplugin
LogPluginManager: Loaded Plugin AndroidMedia, From E:/Program Files (x86)/Epic Games/4.13/Engine/Plugins/Media/AndroidMedia/AndroidMedia.uplugin
LogPluginManager: Loaded Plugin AvfMedia, From E:/Program Files (x86)/Epic Games/4.13/Engine/Plugins/Media/AvfMedia/AvfMedia.uplugin
LogPluginManager: Loaded Plugin MediaPlayerEditor, From E:/Program Files (x86)/Epic Games/4.13/Engine/Plugins/Media/MediaPlayerEditor/MediaPlayerEditor.uplugin
LogPluginManager: Loaded Plugin WmfMedia, From E:/Program Files (x86)/Epic Games/4.13/Engine/Plugins/Media/WmfMedia/WmfMedia.uplugin
LogPluginManager: Loaded Plugin MessagingDebugger, From E:/Program Files (x86)/Epic Games/4.13/Engine/Plugins/Messaging/MessagingDebugger/MessagingDebugger.uplugin
LogPluginManager: Loaded Plugin TcpMessaging, From E:/Program Files (x86)/Epic Games/4.13/Engine/Plugins/Messaging/TcpMessaging/TcpMessaging.uplugin
LogPluginManager: Loaded Plugin UdpMessaging, From E:/Program Files (x86)/Epic Games/4.13/Engine/Plugins/Messaging/UdpMessaging/UdpMessaging.uplugin
LogPluginManager: Loaded Plugin LevelSequenceEditor, From E:/Program Files (x86)/Epic Games/4.13/Engine/Plugins/MovieScene/LevelSequenceEditor/LevelSequenceEditor.uplugin
LogPluginManager: Loaded Plugin MatineeToLevelSequence, From E:/Program Files (x86)/Epic Games/4.13/Engine/Plugins/MovieScene/MatineeToLevelSequence/MatineeToLevelSequence.uplugin
LogPluginManager: Loaded Plugin NetcodeUnitTest, From E:/Program Files (x86)/Epic Games/4.13/Engine/Plugins/NetcodeUnitTest/NetcodeUnitTest/NetcodeUnitTest.uplugin
LogPluginManager: Loaded Plugin NUTUnrealEngine4, From E:/Program Files (x86)/Epic Games/4.13/Engine/Plugins/NetcodeUnitTest/NUTUnrealEngine4/NUTUnrealEngine4.uplugin
LogPluginManager: Loaded Plugin OnlineSubsystemGooglePlay, From E:/Program Files (x86)/Epic Games/4.13/Engine/Plugins/Online/Android/OnlineSubsystemGooglePlay/OnlineSubsystemGooglePlay.uplugin
LogPluginManager: Loaded Plugin OnlineSubsystemIOS, From E:/Program Files (x86)/Epic Games/4.13/Engine/Plugins/Online/IOS/OnlineSubsystemIOS/OnlineSubsystemIOS.uplugin
LogPluginManager: Loaded Plugin OnlineFramework, From E:/Program Files (x86)/Epic Games/4.13/Engine/Plugins/Online/OnlineFramework/OnlineFramework.uplugin
LogPluginManager: Loaded Plugin OnlineSubsystem, From E:/Program Files (x86)/Epic Games/4.13/Engine/Plugins/Online/OnlineSubsystem/OnlineSubsystem.uplugin
LogPluginManager: Loaded Plugin OnlineSubsystemAmazon, From E:/Program Files (x86)/Epic Games/4.13/Engine/Plugins/Online/OnlineSubsystemAmazon/OnlineSubsystemAmazon.uplugin
LogPluginManager: Loaded Plugin OnlineSubsystemFacebook, From E:/Program Files (x86)/Epic Games/4.13/Engine/Plugins/Online/OnlineSubsystemFacebook/OnlineSubsystemFacebook.uplugin
LogPluginManager: Loaded Plugin OnlineSubsystemNull, From E:/Program Files (x86)/Epic Games/4.13/Engine/Plugins/Online/OnlineSubsystemNull/OnlineSubsystemNull.uplugin
LogPluginManager: Loaded Plugin OnlineSubsystemOculus, From E:/Program Files (x86)/Epic Games/4.13/Engine/Plugins/Online/OnlineSubsystemOculus/OnlineSubsystemOculus.uplugin
LogPluginManager: Loaded Plugin OnlineSubsystemSteam, From E:/Program Files (x86)/Epic Games/4.13/Engine/Plugins/Online/OnlineSubsystemSteam/OnlineSubsystemSteam.uplugin
LogPluginManager: Loaded Plugin OnlineSubsystemUtils, From E:/Program Files (x86)/Epic Games/4.13/Engine/Plugins/Online/OnlineSubsystemUtils/OnlineSubsystemUtils.uplugin
LogPluginManager: Loaded Plugin IOSTapJoy, From E:/Program Files (x86)/Epic Games/4.13/Engine/Plugins/Runtime/Advertising/IOSTapJoy/IOSTapJoy.uplugin
LogPluginManager: Loaded Plugin AnalyticsBlueprintLibrary, From E:/Program Files (x86)/Epic Games/4.13/Engine/Plugins/Runtime/Analytics/AnalyticsBlueprintLibrary/AnalyticsBlueprintLibrary.uplugin
LogPluginManager: Loaded Plugin AnalyticsMulticast, From E:/Program Files (x86)/Epic Games/4.13/Engine/Plugins/Runtime/Analytics/AnalyticsMulticast/AnalyticsMulticast.uplugin
LogPluginManager: Loaded Plugin Apsalar, From E:/Program Files (x86)/Epic Games/4.13/Engine/Plugins/Runtime/Analytics/Apsalar/Apsalar.uplugin
LogPluginManager: Loaded Plugin FileLogging, From E:/Program Files (x86)/Epic Games/4.13/Engine/Plugins/Runtime/Analytics/FileLogging/FileLogging.uplugin
LogPluginManager: Loaded Plugin Flurry, From E:/Program Files (x86)/Epic Games/4.13/Engine/Plugins/Runtime/Analytics/Flurry/Flurry.uplugin
LogPluginManager: Loaded Plugin AndroidDeviceProfileSelector, From E:/Program Files (x86)/Epic Games/4.13/Engine/Plugins/Runtime/AndroidDeviceProfileSelector/AndroidDeviceProfileSelector.uplugin
LogPluginManager: Loaded Plugin AndroidMoviePlayer, From E:/Program Files (x86)/Epic Games/4.13/Engine/Plugins/Runtime/AndroidMoviePlayer/AndroidMoviePlayer.uplugin
LogPluginManager: Loaded Plugin AppleMoviePlayer, From E:/Program Files (x86)/Epic Games/4.13/Engine/Plugins/Runtime/AppleMoviePlayer/AppleMoviePlayer.uplugin
LogPluginManager: Loaded Plugin ArchVisCharacter, From E:/Program Files (x86)/Epic Games/4.13/Engine/Plugins/Runtime/ArchVisCharacter/ArchVisCharacter.uplugin
LogPluginManager: Loaded Plugin CableComponent, From E:/Program Files (x86)/Epic Games/4.13/Engine/Plugins/Runtime/CableComponent/CableComponent.uplugin
LogPluginManager: Loaded Plugin CustomMeshComponent, From E:/Program Files (x86)/Epic Games/4.13/Engine/Plugins/Runtime/CustomMeshComponent/CustomMeshComponent.uplugin
LogPluginManager: Loaded Plugin ExampleDeviceProfileSelector, From E:/Program Files (x86)/Epic Games/4.13/Engine/Plugins/Runtime/ExampleDeviceProfileSelector/ExampleDeviceProfileSelector.uplugin
LogPluginManager: Loaded Plugin GearVR, From E:/Program Files (x86)/Epic Games/4.13/Engine/Plugins/Runtime/GearVR/GearVR.uplugin
LogPluginManager: Loaded Plugin GoogleVRController, From E:/Program Files (x86)/Epic Games/4.13/Engine/Plugins/Runtime/GoogleVR/GoogleVRController/GoogleVRController.uplugin
LogPluginManager: Loaded Plugin GoogleVRHMD, From E:/Program Files (x86)/Epic Games/4.13/Engine/Plugins/Runtime/GoogleVR/GoogleVRHMD/GoogleVRHMD.uplugin
LogPluginManager: Loaded Plugin IOSDeviceProfileSelector, From E:/Program Files (x86)/Epic Games/4.13/Engine/Plugins/Runtime/IOSDeviceProfileSelector/IOSDeviceProfileSelector.uplugin
LogPluginManager: Loaded Plugin LeapMotion, From E:/Program Files (x86)/Epic Games/4.13/Engine/Plugins/Runtime/LeapMotion/LeapMotion.uplugin
LogPluginManager: Loaded Plugin LinuxDeviceProfileSelector, From E:/Program Files (x86)/Epic Games/4.13/Engine/Plugins/Runtime/LinuxDeviceProfileSelector/LinuxDeviceProfileSelector.uplugin
LogPluginManager: Loaded Plugin LiveEditorListenServer, From E:/Program Files (x86)/Epic Games/4.13/Engine/Plugins/Runtime/LiveEditorListenServer/LiveEditorListenServer.uplugin
LogPluginManager: Loaded Plugin OculusAudio, From E:/Program Files (x86)/Epic Games/4.13/Engine/Plugins/Runtime/OculusAudio/OculusAudio.uplugin
LogPluginManager: Loaded Plugin OculusInput, From E:/Program Files (x86)/Epic Games/4.13/Engine/Plugins/Runtime/OculusInput/OculusInput.uplugin
LogPluginManager: Loaded Plugin OculusLibrary, From E:/Program Files (x86)/Epic Games/4.13/Engine/Plugins/Runtime/OculusLibrary/OculusLibrary.uplugin
LogPluginManager: Loaded Plugin OculusRift, From E:/Program Files (x86)/Epic Games/4.13/Engine/Plugins/Runtime/OculusRift/OculusRift.uplugin
LogPluginManager: Loaded Plugin Oodle, From E:/Program Files (x86)/Epic Games/4.13/Engine/Plugins/Runtime/PacketHandlers/CompressionComponents/Oodle/Oodle.uplugin
LogPluginManager: Loaded Plugin ProceduralMeshComponent, From E:/Program Files (x86)/Epic Games/4.13/Engine/Plugins/Runtime/ProceduralMeshComponent/ProceduralMeshComponent.uplugin
LogPluginManager: Loaded Plugin SoundMod, From E:/Program Files (x86)/Epic Games/4.13/Engine/Plugins/Runtime/SoundMod/SoundMod.uplugin
LogPluginManager: Loaded Plugin SoundVisualizations, From E:/Program Files (x86)/Epic Games/4.13/Engine/Plugins/Runtime/SoundVisualizations/SoundVisualizations.uplugin
LogPluginManager: Loaded Plugin SteamController, From E:/Program Files (x86)/Epic Games/4.13/Engine/Plugins/Runtime/Steam/SteamController/SteamController.uplugin
LogPluginManager: Loaded Plugin SteamVR, From E:/Program Files (x86)/Epic Games/4.13/Engine/Plugins/Runtime/Steam/SteamVR/SteamVR.uplugin
LogPluginManager: Loaded Plugin WebBrowserWidget, From E:/Program Files (x86)/Epic Games/4.13/Engine/Plugins/Runtime/WebBrowserWidget/WebBrowserWidget.uplugin
LogPluginManager: Loaded Plugin WindowsDeviceProfileSelector, From E:/Program Files (x86)/Epic Games/4.13/Engine/Plugins/Runtime/WindowsDeviceProfileSelector/WindowsDeviceProfileSelector.uplugin
LogPluginManager: Loaded Plugin WindowsMoviePlayer, From E:/Program Files (x86)/Epic Games/4.13/Engine/Plugins/Runtime/WindowsMoviePlayer/WindowsMoviePlayer.uplugin
LogPluginManager: Loaded Plugin ScriptPlugin, From E:/Program Files (x86)/Epic Games/4.13/Engine/Plugins/ScriptPlugin/ScriptPlugin.uplugin
LogPluginManager: Loaded Plugin SlateRemote, From E:/Program Files (x86)/Epic Games/4.13/Engine/Plugins/Slate/SlateRemote/SlateRemote.uplugin
LogInit: Using libcurl 7.47.1
LogInit:  - built for x86_64-pc-win32
LogInit:  - supports SSL with WinSSL
LogInit:  - other features:
LogInit:      CURL_VERSION_SSL
LogInit:      CURL_VERSION_IPV6
LogInit:      CURL_VERSION_ASYNCHDNS
LogInit:      CURL_VERSION_LARGEFILE
LogInit:      CURL_VERSION_IDN
LogInit:  CurlRequestOptions (configurable via config and command line):
LogInit:  - bVerifyPeer = false  - Libcurl will NOT verify peer certificate
LogInit:  - bUseHttpProxy = false  - Libcurl will NOT use HTTP proxy
LogInit:  - bDontReuseConnections = false  - Libcurl will reuse connections
LogInit:  - CertBundlePath = nullptr  - Libcurl will use whatever was configured at build time.
LogInit: Build: ++UE4+Release-4.13-CL-3106830
LogInit: Engine Version: 4.13.0-3106830+++UE4+Release-4.13
LogInit: Compatible Engine Version: 4.13.0-3106830+++UE4+Release-4.13
LogInit: Net CL: 3106830
LogDevObjectVersion: Number of dev versions registered: 13
LogDevObjectVersion:   Dev-Blueprints (B0D832E4-1F89-4F0D-ACCF-7EB736FD4AA2): 5
LogDevObjectVersion:   Dev-Build (E1C64328-A22C-4D53-A36C-8E866417BD8C): 0
LogDevObjectVersion:   Dev-Core (375EC13C-06E4-48FB-B500-84F0262A717E): 1
LogDevObjectVersion:   Dev-Editor (E4B068ED-F494-42E9-A231-DA0B2E46BB41): 6
LogDevObjectVersion:   Dev-Framework (CFFC743F-43B0-4480-9391-14DF171D2073): 12
LogDevObjectVersion:   Dev-Mobile (B02B49B5-BB20-44E9-A304-32B752E40360): 0
LogDevObjectVersion:   Dev-Networking (A4E4105C-59A1-49B5-A7C5-40C4547EDFEE): 0
LogDevObjectVersion:   Dev-Online (39C831C9-5AE6-47DC-9A44-9C173E1C8E7C): 0
LogDevObjectVersion:   Dev-Physics (78F01B33-EBEA-4F98-B9B4-84EACCB95AA2): 0
LogDevObjectVersion:   Dev-Platform (6631380F-2D4D-43E0-8009-CF276956A95A): 0
LogDevObjectVersion:   Dev-Rendering (12F88B9F-8875-4AFC-A67C-D90C383ABD29): 4
LogDevObjectVersion:   Dev-Sequencer (7B5AE74C-D270-4C10-A958-57980B212A5A): 0
LogDevObjectVersion:   Dev-VR (D7296918-1DD6-4BDD-9DE2-64A83CC13884): 0
LogInit: Compiled (64-bit): Aug 30 2016 18:11:39
LogInit: Compiled with Visual C++: 19.00.23026.00
LogInit: Build Configuration: Development
LogInit: Branch Name: ++UE4+Release-4.13
LogInit: Command line: -EpicPortal 
LogInit: Base directory: E:/Program Files (x86)/Epic Games/4.13/Engine/Binaries/Win64/
LogInit: Installed Engine Build: 1
LogInit: Presizing for max 8388607 objects, including 0 objects not considered by GC, pre-allocating 0 bytes for permanent pool.
LogInit: Object subsystem initialized
[2017.02.21-14.19.45:705][  0]LogInit: Selected Device Profile: [Windows]
[2017.02.21-14.19.45:705][  0]LogInit: Applying CVar settings loaded from the selected device profile: [Windows]
[2017.02.21-14.19.45:710][  0]LogInit: Computer: MONOLITH
[2017.02.21-14.19.45:710][  0]LogInit: User: Davis
[2017.02.21-14.19.45:710][  0]LogInit: CPU Page size=65536, Cores=4
[2017.02.21-14.19.45:710][  0]LogInit: High frequency timer resolution =3.417968 MHz
[2017.02.21-14.19.45:710][  0]LogMemory: Memory total: Physical=15.9GB (16GB approx)
[2017.02.21-14.19.45:710][  0]LogMemory: Platform Memory Stats for Windows
[2017.02.21-14.19.45:710][  0]LogMemory: Process Physical Memory: 253.42 MB used, 253.42 MB peak
[2017.02.21-14.19.45:710][  0]LogMemory: Process Virtual Memory: 259.68 MB used, 259.68 MB peak
[2017.02.21-14.19.45:710][  0]LogMemory: Physical Memory: 7998.27 MB used, 16261.19 MB total
[2017.02.21-14.19.45:710][  0]LogMemory: Virtual Memory: 604.34 MB used, 134217728.00 MB total
[2017.02.21-14.19.45:734][  0]LogTextLocalizationManager: No specific translations for ('en-US') exist, so ('en') translations will be used.
[2017.02.21-14.19.46:161][  0]LogD3D11RHI: D3D11 adapters:
[2017.02.21-14.19.46:591][  0]LogD3D11RHI:    0. 'NVIDIA GeForce GTX 960' (Feature Level 11_0)
[2017.02.21-14.19.46:591][  0]LogD3D11RHI:       3979/0/8130 MB DedicatedVideo/DedicatedSystem/SharedSystem, Outputs:1, VendorId:0x10de
[2017.02.21-14.19.46:596][  0]LogD3D11RHI:    1. 'Intel(R) HD Graphics 4600' (Feature Level 11_0)
[2017.02.21-14.19.46:596][  0]LogD3D11RHI:       160/0/1760 MB DedicatedVideo/DedicatedSystem/SharedSystem, Outputs:1, VendorId:0x8086
[2017.02.21-14.19.46:596][  0]LogD3D11RHI:    2. 'Microsoft Basic Render Driver' (Feature Level 11_0)
[2017.02.21-14.19.46:596][  0]LogD3D11RHI:       0/0/256 MB DedicatedVideo/DedicatedSystem/SharedSystem, Outputs:0, VendorId:0x1414
[2017.02.21-14.19.46:596][  0]LogD3D11RHI: Chosen D3D11 Adapter: 0
[2017.02.21-14.19.46:600][  0]LogD3D11RHI: Creating new Direct3DDevice
[2017.02.21-14.19.46:600][  0]LogD3D11RHI:     GPU DeviceId: 0x1401 (for the marketing name, search the web for "GPU Device Id")
[2017.02.21-14.19.46:600][  0]LogWindows: EnumDisplayDevices:
[2017.02.21-14.19.46:600][  0]LogWindows:    0. 'NVIDIA GeForce GTX 960' (P:1 D:1)
[2017.02.21-14.19.46:600][  0]LogWindows:    1. 'NVIDIA GeForce GTX 960' (P:0 D:0)
[2017.02.21-14.19.46:600][  0]LogWindows:    2. 'NVIDIA GeForce GTX 960' (P:0 D:0)
[2017.02.21-14.19.46:600][  0]LogWindows:    3. 'NVIDIA GeForce GTX 960' (P:0 D:0)
[2017.02.21-14.19.46:600][  0]LogWindows:    4. 'Intel(R) HD Graphics 4600' (P:0 D:1)
[2017.02.21-14.19.46:600][  0]LogWindows:    5. 'Intel(R) HD Graphics 4600' (P:0 D:0)
[2017.02.21-14.19.46:600][  0]LogWindows:    6. 'Intel(R) HD Graphics 4600' (P:0 D:0)
[2017.02.21-14.19.46:600][  0]LogWindows: DebugString: PrimaryIsNotTheChoosenAdapter PrimaryIsNotTheChoosenAdapter PrimaryIsNotTheChoosenAdapter FoundDriverCount:4 
[2017.02.21-14.19.46:600][  0]LogD3D11RHI:     Adapter Name: NVIDIA GeForce GTX 960
[2017.02.21-14.19.46:600][  0]LogD3D11RHI:   Driver Version: 378.49 (internal:21.21.13.7849, unified:378.49)
[2017.02.21-14.19.46:600][  0]LogD3D11RHI:      Driver Date: 1-20-2017
[2017.02.21-14.19.46:600][  0]LogRHI: Texture pool is 1361 MB (70% of 1945 MB)
[2017.02.21-14.19.47:000][  0]LogD3D11RHI: Async texture creation enabled
[2017.02.21-14.19.47:028][  0]LogD3D11RHI: GPU Timing Frequency: 1000.000000 (Debug: 2 2)
[2017.02.21-14.19.47:028][  0]LogShaderCompilers: Guid format shader working directory is 18 characters bigger than the processId version (D:/Unreal Projects/Aeon/Aeon/Intermediate/Shaders/WorkingDirectory/6256/).
[2017.02.21-14.19.47:028][  0]LogShaderCompilers: Cleaned the shader compiler working directory 'C:/Users/Davis/AppData/Local/Temp/UnrealShaderWorkingDir/EE6BD3924FCD779B36561AB439892961/'.
[2017.02.21-14.19.47:028][  0]LogShaderCompilers:Display: Using Local Shader Compiler.
[2017.02.21-14.19.49:016][  0]LogTemp:Display: Loaded TP AllDesktopTargetPlatform
[2017.02.21-14.19.49:021][  0]LogTemp:Display: Loaded TP WindowsClientTargetPlatform
[2017.02.21-14.19.49:026][  0]LogTemp:Display: Loaded TP WindowsNoEditorTargetPlatform
[2017.02.21-14.19.49:033][  0]LogTemp:Display: Loaded TP WindowsServerTargetPlatform
[2017.02.21-14.19.49:038][  0]LogTemp:Display: Loaded TP WindowsTargetPlatform
[2017.02.21-14.19.49:043][  0]LogTemp:Display: Loaded TP AndroidTargetPlatform
[2017.02.21-14.19.49:048][  0]LogTemp:Display: Loaded TP Android_ASTCTargetPlatform
[2017.02.21-14.19.49:053][  0]LogTemp:Display: Loaded TP Android_ATCTargetPlatform
[2017.02.21-14.19.49:058][  0]LogTemp:Display: Loaded TP Android_DXTTargetPlatform
[2017.02.21-14.19.49:062][  0]LogTemp:Display: Loaded TP Android_ETC1TargetPlatform
[2017.02.21-14.19.49:067][  0]LogTemp:Display: Loaded TP Android_ETC2TargetPlatform
[2017.02.21-14.19.49:078][  0]LogTemp:Display: Loaded TP Android_MultiTargetPlatform
[2017.02.21-14.19.49:078][  0]LogTemp:Display: Loaded TP Android_PVRTCTargetPlatform
[2017.02.21-14.19.49:078][  0]LogTemp:Display: Loaded TP HTML5TargetPlatform
[2017.02.21-14.19.49:096][  0]LogTemp:Display: Loaded TP IOSTargetPlatform
[2017.02.21-14.19.49:101][  0]LogTemp:Display: Loaded TP TVOSTargetPlatform
[2017.02.21-14.19.49:105][  0]LogTemp:Display: Loaded TP LinuxClientTargetPlatform
[2017.02.21-14.19.49:110][  0]LogTemp:Display: Loaded TP LinuxNoEditorTargetPlatform
[2017.02.21-14.19.49:115][  0]LogTemp:Display: Loaded TP LinuxServerTargetPlatform
[2017.02.21-14.19.49:120][  0]LogTemp:Display: Loaded TP LinuxTargetPlatform
[2017.02.21-14.19.49:120][  0]LogTargetPlatformManager:Display: Building Assets For Windows
[2017.02.21-14.19.49:159][  0]LogDerivedDataCache:Display: Max Cache Size: 512 MB
[2017.02.21-14.19.49:221][  0]LogDerivedDataCache: Loaded boot cache 0.06s 62MB C:/Users/Davis/AppData/Local/UnrealEngine/4.13/DerivedDataCache/Boot.ddc.
[2017.02.21-14.19.49:221][  0]LogDerivedDataCache:Display: Loaded Boot cache: C:/Users/Davis/AppData/Local/UnrealEngine/4.13/DerivedDataCache/Boot.ddc
[2017.02.21-14.19.49:221][  0]LogDerivedDataCache: FDerivedDataBackendGraph:  Pak pak cache file D:/Unreal Projects/Aeon/Aeon/DerivedDataCache/DDC.ddp not found, will not use a pak cache.
[2017.02.21-14.19.49:221][  0]LogDerivedDataCache: Unable to find inner node Pak for hierarchical cache Hierarchy.
[2017.02.21-14.19.49:221][  0]LogDerivedDataCache: FDerivedDataBackendGraph:  CompressedPak pak cache file D:/Unreal Projects/Aeon/Aeon/DerivedDataCache/Compressed.ddp not found, will not use a pak cache.
[2017.02.21-14.19.49:221][  0]LogDerivedDataCache: Unable to find inner node CompressedPak for hierarchical cache Hierarchy.
[2017.02.21-14.19.49:236][  0]LogDerivedDataCache:Display: Pak cache opened for reading ../../../Engine/DerivedDataCache/Compressed.ddp.
[2017.02.21-14.19.49:248][  0]LogDerivedDataCache: Using Local data cache path C:/Users/Davis/AppData/Local/UnrealEngine/Common/DerivedDataCache: Writable
[2017.02.21-14.19.49:395][  0]LogInit: Selected Device Profile: [Windows]
[2017.02.21-14.19.49:397][  0]LogContentStreaming: Texture pool size is 0.00 MB
[2017.02.21-14.19.49:459][  0]LogMeshUtilities: No automatic mesh reduction module available
[2017.02.21-14.19.49:459][  0]LogMeshUtilities: No automatic mesh merging module available
[2017.02.21-14.19.49:459][  0]LogMeshUtilities: No distributed automatic mesh merging module available
[2017.02.21-14.19.49:502][  0]LogMaterial: Uniform references updated for custom material expression Custom.
[2017.02.21-14.19.49:804][  0]LogNetVersion: GetLocalNetworkVersion: CL: 3106830, ProjectName: aeon, ProjectVersion: , EngineNetworkVersion: 1, GameNetworkVersion: 0, NetworkChecksum: 1973513244
[2017.02.21-14.19.49:837][  0]LogAssetRegistry: FAssetRegistry took 0.0221 seconds to start up
[2017.02.21-14.19.49:851][  0]LogPackageLocalizationCache: Processed 3 localized package path(s) for 2 prioritized culture(s) in 0.012697 seconds
[2017.02.21-14.19.49:855][  0]LogUObjectArray: 29777 objects as part of root set at end of initial load.
[2017.02.21-14.19.49:855][  0]LogUObjectAllocator: 6124696 out of 0 bytes used by permanent object pool.
[2017.02.21-14.19.49:855][  0]LogUObjectArray: CloseDisregardForGC: 0/0 objects in disregard for GC pool
[2017.02.21-14.19.49:857][  0]LogInit: WinSock: version 1.1 (2.2), MaxSocks=32767, MaxUdp=65467
[2017.02.21-14.19.49:987][  0]LogSlate: SlateFontCache - WITH_FREETYPE: 1, WITH_HARFBUZZ: 1
[2017.02.21-14.19.49:987][  0]LogSlate: SlateFontCache - WITH_FREETYPE: 1, WITH_HARFBUZZ: 1
[2017.02.21-14.19.50:459][  0]LogUdpMessaging: Initializing bridge on interface 0.0.0.0:0 to multicast group 230.0.0.1:6666.
[2017.02.21-14.19.50:627][  0]SourceControl: Info Source control is disabled
[2017.02.21-14.19.50:661][  0]SourceControl: Info Source control is disabled
[2017.02.21-14.19.50:666][  0]SourceControl: Info Source control is disabled
[2017.02.21-14.19.50:670][  0]SourceControl: Info Source control is disabled
[2017.02.21-14.19.50:830][  0]LogEngine: Initializing Engine...
[2017.02.21-14.19.50:830][  0]LogHMD: Failed to initialize OpenVR with code 100
[2017.02.21-14.19.50:929][  0]LogAIModule: Creating AISystem for world Untitled
[2017.02.21-14.19.50:939][  0]LogInit: XAudio2 using 'Speakers (High Definition Audio Device)' : 2 channels at 48 kHz using 16 bits per sample (channel mask 0x3)
[2017.02.21-14.19.50:944][  0]LogInit: FAudioDevice initialized.
[2017.02.21-14.19.50:968][  0]LogDerivedDataCache: Saved boot cache 0.02s 62MB C:/Users/Davis/AppData/Local/UnrealEngine/4.13/DerivedDataCache/Boot.ddc.
[2017.02.21-14.19.50:975][  0]LogInit: Texture streaming: Enabled
[2017.02.21-14.19.51:021][  0]LogInit: Transaction tracking system initialized
[2017.02.21-14.19.51:031][  0]BlueprintLog: New page: Editor Load
[2017.02.21-14.19.51:070][  0]LocalizationService: Info Localization service is disabled
[2017.02.21-14.19.51:128][  0]LogConsoleResponse:Display: 
[2017.02.21-14.19.51:390][  0]LogFileCache: Scanning file cache for directory 'D:/Unreal Projects/Aeon/Aeon/Content/' took 0.05s
[2017.02.21-14.19.51:390][  0]LogCook:Display: Max memory allowance for cook 16384mb min free memory 0mb
[2017.02.21-14.19.51:390][  0]LogCook:Display: Mobile HDR setting 1
[2017.02.21-14.19.51:470][  0]SourceControl: Info Source control is disabled
[2017.02.21-14.19.51:470][  0]Cmd: MAP LOAD FILE="D:/Unreal Projects/Aeon/Aeon/Content/ThirdPersonBP/Maps/ThirdPersonExampleMap.umap" TEMPLATE=0 SHOWPROGRESS=1 FEATURELEVEL=3
[2017.02.21-14.19.51:471][  0]LightingResults: New page: Lighting Build
[2017.02.21-14.19.51:473][  0]MapCheck: New page: Map Check
[2017.02.21-14.19.51:473][  0]LightingResults: New page: Lighting Build
[2017.02.21-14.19.55:754][  0]LogAIModule: Creating AISystem for world ThirdPersonExampleMap
[2017.02.21-14.19.57:242][  0]LogEditorServer: Finished looking for orphan Actors (0.000 secs)
[2017.02.21-14.19.57:292][  0]Cmd: MAP CHECKDEP NOCLEARLOG
[2017.02.21-14.19.57:319][  0]MapCheck: Info Map check complete: 0 Error(s), 0 Warning(s), took 26.099ms to complete.
[2017.02.21-14.19.57:319][  0]LogFileHelpers: Loading map 'ThirdPersonExampleMap' took 5.849
[2017.02.21-14.20.00:052][  0]LogCollectionManager: Loaded 0 collections in 0.000731 seconds
[2017.02.21-14.20.01:358][  0]LogFileCache: Scanning file cache for directory 'D:/Unreal Projects/Aeon/Aeon/Saved/Collections/' took 0.01s
[2017.02.21-14.20.01:358][  0]LogFileCache: Scanning file cache for directory 'D:/Unreal Projects/Aeon/Aeon/Content/Developers/Davis/Collections/' took 0.01s
[2017.02.21-14.20.01:358][  0]LogFileCache: Scanning file cache for directory 'D:/Unreal Projects/Aeon/Aeon/Content/Collections/' took 0.01s
[2017.02.21-14.20.01:358][  0]LogCollectionManager: Rebuilt the GUID cache for 0 collections in 0.000002 seconds
[2017.02.21-14.20.01:553][  0]LogContentBrowser: Native class hierarchy populated in 0.0485 seconds. Added 2141 classes and 415 folders.
[2017.02.21-14.20.02:004][  0]LogStats: UGameplayTagsManager::ConstructGameplayTagTree: Construct from data asset -  0.000 s
[2017.02.21-14.20.02:008][  0]LogStats: UGameplayTagsManager::ConstructGameplayTagTree: GameplayTagTreeChangedEvent.Broadcast -  0.004 s
[2017.02.21-14.20.02:028][  0]LogContentBrowser: Native class hierarchy updated for 'GameplayTags' in 0.0004 seconds. Added 12 classes and 0 folders.
[2017.02.21-14.20.02:126][  0]LogContentBrowser: Native class hierarchy updated for 'WidgetCarousel' in 0.0003 seconds. Added 0 classes and 0 folders.
[2017.02.21-14.20.04:136][  0]LogContentBrowser: Native class hierarchy updated for 'AddContentDialog' in 0.0003 seconds. Added 0 classes and 0 folders.
[2017.02.21-14.20.04:209][  0]LogContentBrowser: Native class hierarchy updated for 'SceneOutliner' in 0.0003 seconds. Added 1 classes and 2 folders.
[2017.02.21-14.20.06:104][  0]LogCrashTracker: Crashtracker disabled due to settings.
[2017.02.21-14.20.06:415][  0]LogUObjectGlobals:Warning: Failed to find object 'Class None.'
[2017.02.21-14.20.06:486][  0]LogContentBrowser: Native class hierarchy updated for 'HierarchicalLODOutliner' in 0.0003 seconds. Added 1 classes and 2 folders.
[2017.02.21-14.20.06:486][  0]LogLoad: (Engine Initialization) Total time: 21.38 seconds
[2017.02.21-14.20.06:486][  0]LogLoad: (Engine Initialization) Total Blueprint compile time: 1.56 seconds
[2017.02.21-14.20.06:486][  0]LogExternalProfiler: No external profilers were discovered.  External profiling features will not be available.
[2017.02.21-14.20.06:495][  0]LogOcInput: OculusInput pre-init called
[2017.02.21-14.20.06:972][  0]LogContentStreaming: Texture pool size now 1000 MB
[2017.02.21-14.20.08:444][  0]LogRenderer: Reallocating scene render targets to support 1208x612 (Frame:2).
[2017.02.21-14.20.09:423][  2]LogAssetRegistry: Asset discovery search completed in 19.6078 seconds
[2017.02.21-14.20.09:423][  2]LogCollectionManager: Rebuilt the object cache for 0 collections in 0.000001 seconds (found 0 objects)
[2017.02.21-14.20.09:423][  2]LogCollectionManager: Fixed up redirectors for 0 collections in 0.000016 seconds (updated 0 objects)
[2017.02.21-14.20.21:021][250]AssetReimport: New page: Outstanding source content changes 2:20:20 PM
[2017.02.21-14.20.21:080][251]LogFactory: FactoryCreateFile: SoundWave with ReimportSoundFactory (0 0 D:/Unreal Projects/Aeon/Aeon/Content/CustomContent/music/cybernetic.wav)
[2017.02.21-14.20.24:456][252]Cmd: OBJ SAVEPACKAGE PACKAGE="/Game/CustomContent/music/cybernetic" FILE="D:/Unreal Projects/Aeon/Aeon/Content/CustomContent/music/cybernetic.uasset" SILENT=true
[2017.02.21-14.20.24:657][252]LogSavePackage: Save=164.14ms
[2017.02.21-14.20.24:657][252]LogSavePackage: Moving 'D:/Unreal Projects/Aeon/Aeon/Saved/cybernetic656AB90E4B633C97BD16B1A84FF4F055.tmp' to 'D:/Unreal Projects/Aeon/Aeon/Content/CustomContent/music/cybernetic.uasset'
[2017.02.21-14.20.24:678][252]LogSavePackage:Display: Finished SavePackage D:/Unreal Projects/Aeon/Aeon/Content/CustomContent/music/cybernetic.uasset
[2017.02.21-14.20.27:696][484]AssetReimport: Info Importing new asset /Game/CustomContent/music/cybernetic.
[2017.02.21-14.20.55:432][520]LogEditorActor: Deleted Actor: AmbientSound
[2017.02.21-14.20.55:525][520]LogEditorActor: Deleted 1 Actors (0.130 secs)
[2017.02.21-14.21.14:920][529]LogBlueprintUserMessages: Early PlayInEditor Detection: Level '/Game/ThirdPersonBP/Maps/ThirdPersonExampleMap.ThirdPersonExampleMap:PersistentLevel' has LevelScriptBlueprint '/Game/ThirdPersonBP/Maps/ThirdPersonExampleMap.ThirdPersonExampleMap:PersistentLevel.ThirdPersonExampleMap' with GeneratedClass '/Game/ThirdPersonBP/Maps/ThirdPersonExampleMap.ThirdPersonExampleMap_C' with ClassGeneratedBy '/Game/ThirdPersonBP/Maps/ThirdPersonExampleMap.ThirdPersonExampleMap:PersistentLevel.ThirdPersonExampleMap'
[2017.02.21-14.21.14:946][529]LogPlayLevel: PlayLevel: No blueprints needed recompiling
[2017.02.21-14.21.15:023][529]PIE: New page: PIE session: ThirdPersonExampleMap (Feb 21, 2017, 2:21:14 PM)
[2017.02.21-14.21.15:023][529]LogPlayLevel: Creating play world package: /Game/ThirdPersonBP/Maps/UEDPIE_0_ThirdPersonExampleMap
[2017.02.21-14.21.15:281][529]LogPlayLevel: PIE: StaticDuplicateObject took: (0.258704s)
[2017.02.21-14.21.15:292][529]LogAIModule: Creating AISystem for world ThirdPersonExampleMap
[2017.02.21-14.21.15:309][529]LogPlayLevel: PIE: World Init took: (0.028010s)
[2017.02.21-14.21.15:321][529]LogPlayLevel: PIE: Created PIE world by copying editor world from /Game/ThirdPersonBP/Maps/ThirdPersonExampleMap.ThirdPersonExampleMap to /Game/ThirdPersonBP/Maps/UEDPIE_0_ThirdPersonExampleMap.ThirdPersonExampleMap (0.298692s)
[2017.02.21-14.21.15:388][529]LogInit: XAudio2 using 'Speakers (High Definition Audio Device)' : 2 channels at 48 kHz using 16 bits per sample (channel mask 0x3)
[2017.02.21-14.21.15:392][529]LogInit: FAudioDevice initialized.
[2017.02.21-14.21.15:744][529]LogWorld: Game class is 'ThirdPersonGameMode_C'
[2017.02.21-14.21.16:106][529]LogWorld: Bringing World /Game/ThirdPersonBP/Maps/UEDPIE_0_ThirdPersonExampleMap.ThirdPersonExampleMap up for play (max tick rate 0) at 2017.02.21-14.21.16
[2017.02.21-14.21.16:206][529]LogWorld: Bringing up level for play took: 0.274037
[2017.02.21-14.21.16:486][529]LogContentBrowser: Native class hierarchy updated for 'MovieSceneCapture' in 0.0004 seconds. Added 11 classes and 0 folders.
[2017.02.21-14.21.16:486][529]LogGameMode:Display: Match State Changed from EnteringMap to WaitingToStart
[2017.02.21-14.21.16:511][529]LogGameState: Match State Changed from EnteringMap to WaitingToStart
[2017.02.21-14.21.16:511][529]LogGameMode:Display: Match State Changed from WaitingToStart to InProgress
[2017.02.21-14.21.16:564][529]LogGameState: Match State Changed from WaitingToStart to InProgress
[2017.02.21-14.21.16:573][529]PIE: Info Play in editor start time for /Game/ThirdPersonBP/Maps/UEDPIE_0_ThirdPersonExampleMap 2.461
[2017.02.21-14.21.16:574][529]LogBlueprintUserMessages: Late PlayInEditor Detection: Level '/Game/ThirdPersonBP/Maps/ThirdPersonExampleMap.ThirdPersonExampleMap:PersistentLevel' has LevelScriptBlueprint '/Game/ThirdPersonBP/Maps/ThirdPersonExampleMap.ThirdPersonExampleMap:PersistentLevel.ThirdPersonExampleMap' with GeneratedClass '/Game/ThirdPersonBP/Maps/ThirdPersonExampleMap.ThirdPersonExampleMap_C' with ClassGeneratedBy '/Game/ThirdPersonBP/Maps/ThirdPersonExampleMap.ThirdPersonExampleMap:PersistentLevel.ThirdPersonExampleMap'
[2017.02.21-14.22.07:993][615]Cmd: LevelEditor.ToggleImmersive
[2017.02.21-14.22.08:382][616]LogRenderer: Reallocating scene render targets to support 1920x1040 (Frame:10294).
[2017.02.21-14.22.47:699][975]LogBlueprintUserMessages: Early EndPlayMap Detection: Level '/Game/ThirdPersonBP/Maps/ThirdPersonExampleMap.ThirdPersonExampleMap:PersistentLevel' has LevelScriptBlueprint '/Game/ThirdPersonBP/Maps/ThirdPersonExampleMap.ThirdPersonExampleMap:PersistentLevel.ThirdPersonExampleMap' with GeneratedClass '/Game/ThirdPersonBP/Maps/ThirdPersonExampleMap.ThirdPersonExampleMap_C' with ClassGeneratedBy '/Game/ThirdPersonBP/Maps/ThirdPersonExampleMap.ThirdPersonExampleMap:PersistentLevel.ThirdPersonExampleMap'
[2017.02.21-14.22.47:990][975]LogBlueprintUserMessages: Late EndPlayMap Detection: Level '/Game/ThirdPersonBP/Maps/ThirdPersonExampleMap.ThirdPersonExampleMap:PersistentLevel' has LevelScriptBlueprint '/Game/ThirdPersonBP/Maps/ThirdPersonExampleMap.ThirdPersonExampleMap:PersistentLevel.ThirdPersonExampleMap' with GeneratedClass '/Game/ThirdPersonBP/Maps/ThirdPersonExampleMap.ThirdPersonExampleMap_C' with ClassGeneratedBy '/Game/ThirdPersonBP/Maps/ThirdPersonExampleMap.ThirdPersonExampleMap:PersistentLevel.ThirdPersonExampleMap'
[2017.02.21-14.22.48:055][975]LogActorComponent: ReregisterComponent: (/Game/ThirdPersonBP/Maps/ThirdPersonExampleMap.ThirdPersonExampleMap:PersistentLevel.08_Kavinsky_-_Nightcall_2.AudioComponent0) Not currently registered. Aborting.
[2017.02.21-14.22.48:924][ 56]Cmd: SELECT NONE
[2017.02.21-14.23.24:000][749]LogBlueprintUserMessages: Early PlayInEditor Detection: Level '/Game/ThirdPersonBP/Maps/ThirdPersonExampleMap.ThirdPersonExampleMap:PersistentLevel' has LevelScriptBlueprint '/Game/ThirdPersonBP/Maps/ThirdPersonExampleMap.ThirdPersonExampleMap:PersistentLevel.ThirdPersonExampleMap' with GeneratedClass '/Game/ThirdPersonBP/Maps/ThirdPersonExampleMap.ThirdPersonExampleMap_C' with ClassGeneratedBy '/Game/ThirdPersonBP/Maps/ThirdPersonExampleMap.ThirdPersonExampleMap:PersistentLevel.ThirdPersonExampleMap'
[2017.02.21-14.23.24:000][749]LogPlayLevel: PlayLevel: No blueprints needed recompiling
[2017.02.21-14.23.24:000][749]PIE: New page: PIE session: ThirdPersonExampleMap (Feb 21, 2017, 2:23:24 PM)
[2017.02.21-14.23.24:000][749]LogPlayLevel: Creating play world package: /Game/ThirdPersonBP/Maps/UEDPIE_0_ThirdPersonExampleMap
[2017.02.21-14.23.24:171][749]LogPlayLevel: PIE: StaticDuplicateObject took: (0.170883s)
[2017.02.21-14.23.24:171][749]LogAIModule: Creating AISystem for world ThirdPersonExampleMap
[2017.02.21-14.23.24:171][749]LogPlayLevel: PIE: World Init took: (0.000662s)
[2017.02.21-14.23.24:173][749]LogPlayLevel: PIE: Created PIE world by copying editor world from /Game/ThirdPersonBP/Maps/ThirdPersonExampleMap.ThirdPersonExampleMap to /Game/ThirdPersonBP/Maps/UEDPIE_0_ThirdPersonExampleMap.ThirdPersonExampleMap (0.172869s)
[2017.02.21-14.23.24:192][749]LogInit: XAudio2 using 'Speakers (High Definition Audio Device)' : 2 channels at 48 kHz using 16 bits per sample (channel mask 0x3)
[2017.02.21-14.23.24:196][749]LogInit: FAudioDevice initialized.
[2017.02.21-14.23.24:261][749]LogWorld: Game class is 'ThirdPersonGameMode_C'
[2017.02.21-14.23.24:426][749]LogWorld: Bringing World /Game/ThirdPersonBP/Maps/UEDPIE_0_ThirdPersonExampleMap.ThirdPersonExampleMap up for play (max tick rate 0) at 2017.02.21-14.23.24
[2017.02.21-14.23.24:429][749]LogWorld: Bringing up level for play took: 0.168004
[2017.02.21-14.23.24:430][749]LogGameMode:Display: Match State Changed from EnteringMap to WaitingToStart
[2017.02.21-14.23.24:430][749]LogGameState: Match State Changed from EnteringMap to WaitingToStart
[2017.02.21-14.23.24:430][749]LogGameMode:Display: Match State Changed from WaitingToStart to InProgress
[2017.02.21-14.23.24:434][749]LogGameState: Match State Changed from WaitingToStart to InProgress
[2017.02.21-14.23.24:434][749]PIE: Info Play in editor start time for /Game/ThirdPersonBP/Maps/UEDPIE_0_ThirdPersonExampleMap 0.322
[2017.02.21-14.23.24:435][749]LogBlueprintUserMessages: Late PlayInEditor Detection: Level '/Game/ThirdPersonBP/Maps/ThirdPersonExampleMap.ThirdPersonExampleMap:PersistentLevel' has LevelScriptBlueprint '/Game/ThirdPersonBP/Maps/ThirdPersonExampleMap.ThirdPersonExampleMap:PersistentLevel.ThirdPersonExampleMap' with GeneratedClass '/Game/ThirdPersonBP/Maps/ThirdPersonExampleMap.ThirdPersonExampleMap_C' with ClassGeneratedBy '/Game/ThirdPersonBP/Maps/ThirdPersonExampleMap.ThirdPersonExampleMap:PersistentLevel.ThirdPersonExampleMap'
[2017.02.21-14.23.30:616][445]Cmd: LevelEditor.ToggleImmersive
[2017.02.21-14.23.59:945][654]LogBlueprintUserMessages: Early EndPlayMap Detection: Level '/Game/ThirdPersonBP/Maps/ThirdPersonExampleMap.ThirdPersonExampleMap:PersistentLevel' has LevelScriptBlueprint '/Game/ThirdPersonBP/Maps/ThirdPersonExampleMap.ThirdPersonExampleMap:PersistentLevel.ThirdPersonExampleMap' with GeneratedClass '/Game/ThirdPersonBP/Maps/ThirdPersonExampleMap.ThirdPersonExampleMap_C' with ClassGeneratedBy '/Game/ThirdPersonBP/Maps/ThirdPersonExampleMap.ThirdPersonExampleMap:PersistentLevel.ThirdPersonExampleMap'
[2017.02.21-14.24.00:038][654]LogBlueprintUserMessages: Late EndPlayMap Detection: Level '/Game/ThirdPersonBP/Maps/ThirdPersonExampleMap.ThirdPersonExampleMap:PersistentLevel' has LevelScriptBlueprint '/Game/ThirdPersonBP/Maps/ThirdPersonExampleMap.ThirdPersonExampleMap:PersistentLevel.ThirdPersonExampleMap' with GeneratedClass '/Game/ThirdPersonBP/Maps/ThirdPersonExampleMap.ThirdPersonExampleMap_C' with ClassGeneratedBy '/Game/ThirdPersonBP/Maps/ThirdPersonExampleMap.ThirdPersonExampleMap:PersistentLevel.ThirdPersonExampleMap'
[2017.02.21-14.24.00:080][654]LogActorComponent: ReregisterComponent: (/Game/ThirdPersonBP/Maps/ThirdPersonExampleMap.ThirdPersonExampleMap:PersistentLevel.08_Kavinsky_-_Nightcall_2.AudioComponent0) Not currently registered. Aborting.
[2017.02.21-14.24.00:862][725]Cmd: SELECT NONE
[2017.02.21-14.24.30:837][ 39]LogEditorViewport: Clicking on Actor (LMB): StaticMeshActor (step9)
[2017.02.21-14.25.16:996][386]LogEditorViewport: Clicking on Actor (LMB): StaticMeshActor (TheGrid30)
[2017.02.21-14.25.59:784][239]Cmd: BRUSH ADD SELECTNEWBRUSH
[2017.02.21-14.26.06:014][939]Cmd: DELETE
[2017.02.21-14.26.06:014][939]Cmd: ACTOR DELETE
[2017.02.21-14.26.06:040][939]LogEditorActor: Deleted Actor: Brush
[2017.02.21-14.26.06:113][939]LogEditorActor: Deleted 1 Actors (0.088 secs)
[2017.02.21-14.26.09:030][260]LogActorFactory: Actor Factory created Cube
[2017.02.21-14.26.09:481][294]LogActorFactory: Actor Factory created Cube
[2017.02.21-14.26.12:070][583]LogEditorViewport: Clicking on Actor (LMB): StaticMeshActor (Cube6)
[2017.02.21-14.26.12:583][642]Cmd: DELETE
[2017.02.21-14.26.12:583][642]Cmd: ACTOR DELETE
[2017.02.21-14.26.12:591][642]LogEditorActor: Deleted Actor: StaticMeshActor
[2017.02.21-14.26.12:602][642]LogEditorActor: Deleted 1 Actors (0.019 secs)
[2017.02.21-14.26.20:349][539]Cmd: BRUSH ADD SELECTNEWBRUSH
[2017.02.21-14.27.19:513][996]Cmd: DELETE
[2017.02.21-14.27.19:513][996]Cmd: ACTOR DELETE
[2017.02.21-14.27.19:521][996]LogEditorActor: Deleted Actor: Brush
[2017.02.21-14.27.19:540][996]LogEditorActor: Deleted 1 Actors (0.027 secs)
[2017.02.21-14.28.50:794][556]Cmd: DELETE
[2017.02.21-14.28.50:794][556]Cmd: ACTOR DELETE
[2017.02.21-14.28.50:803][556]LogEditorActor: Deleted Actor: Brush
[2017.02.21-14.28.50:824][556]LogEditorActor: Deleted 1 Actors (0.030 secs)
[2017.02.21-14.30.56:536][ 44]Cmd: BRUSH ADD SELECTNEWBRUSH
[2017.02.21-14.30.58:327][247]Cmd: DELETE
[2017.02.21-14.30.58:327][247]Cmd: ACTOR DELETE
[2017.02.21-14.30.58:335][247]LogEditorActor: Deleted Actor: Brush
[2017.02.21-14.30.58:360][247]LogEditorActor: Deleted 1 Actors (0.033 secs)
[2017.02.21-14.32.19:978][503]LogActorFactory: Actor Factory created Wall_Door_400x400
[2017.02.21-14.32.21:269][623]LogActorFactory: Actor Factory created Wall_Door_400x400
[2017.02.21-14.32.22:283][731]LogActorFactory: Actor Factory created Wall_Door_400x400
[2017.02.21-14.33.12:035][541]LogTexture:Display: Building textures: T_Frame_N (BC5)
[2017.02.21-14.33.12:538][541]LogActorFactory: Actor Factory created SM_DoorFrame
[2017.02.21-14.33.16:592][ 14]LogActorFactory: Actor Factory created SM_DoorFrame
[2017.02.21-14.33.24:287][826]LogEditorViewport: Clicking on Actor (LMB): StaticMeshActor (SM_DoorFrame)
[2017.02.21-14.34.24:633][843]Cmd: BRUSH ADD SELECTNEWBRUSH
[2017.02.21-14.37.15:730][405]LogTexture:Display: Building textures: T_Door_N (BC5)
[2017.02.21-14.37.16:177][405]LogTexture:Display: Building textures: T_Door_M (DXT1)
[2017.02.21-14.37.16:745][405]LogActorFactory: Actor Factory created SM_Door
[2017.02.21-14.37.18:131][566]LogActorFactory: Actor Factory created SM_Door
[2017.02.21-14.38.29:419][661]LogContentBrowser: Native class hierarchy updated for 'BlueprintGraph' in 0.0006 seconds. Added 112 classes and 0 folders.
[2017.02.21-14.39.23:495][505]LogBlueprintUserMessages: Early PlayInEditor Detection: Level '/Game/ThirdPersonBP/Maps/ThirdPersonExampleMap.ThirdPersonExampleMap:PersistentLevel' has LevelScriptBlueprint '/Game/ThirdPersonBP/Maps/ThirdPersonExampleMap.ThirdPersonExampleMap:PersistentLevel.ThirdPersonExampleMap' with GeneratedClass '/Game/ThirdPersonBP/Maps/ThirdPersonExampleMap.ThirdPersonExampleMap_C' with ClassGeneratedBy '/Game/ThirdPersonBP/Maps/ThirdPersonExampleMap.ThirdPersonExampleMap:PersistentLevel.ThirdPersonExampleMap'
[2017.02.21-14.39.23:495][505]LogPlayLevel: PlayLevel: No blueprints needed recompiling
[2017.02.21-14.39.23:495][505]PIE: New page: PIE session: ThirdPersonExampleMap (Feb 21, 2017, 2:39:23 PM)
[2017.02.21-14.39.23:495][505]LogPlayLevel: Creating play world package: /Game/ThirdPersonBP/Maps/UEDPIE_0_ThirdPersonExampleMap
[2017.02.21-14.39.23:665][505]LogPlayLevel: PIE: StaticDuplicateObject took: (0.170478s)
[2017.02.21-14.39.23:666][505]LogAIModule: Creating AISystem for world ThirdPersonExampleMap
[2017.02.21-14.39.23:666][505]LogPlayLevel: PIE: World Init took: (0.000683s)
[2017.02.21-14.39.23:667][505]LogPlayLevel: PIE: Created PIE world by copying editor world from /Game/ThirdPersonBP/Maps/ThirdPersonExampleMap.ThirdPersonExampleMap to /Game/ThirdPersonBP/Maps/UEDPIE_0_ThirdPersonExampleMap.ThirdPersonExampleMap (0.172476s)
[2017.02.21-14.39.23:718][505]LogInit: XAudio2 using 'Speakers (High Definition Audio Device)' : 2 channels at 48 kHz using 16 bits per sample (channel mask 0x3)
[2017.02.21-14.39.23:722][505]LogInit: FAudioDevice initialized.
[2017.02.21-14.39.23:752][505]LogWorld: Game class is 'ThirdPersonGameMode_C'
[2017.02.21-14.39.23:921][505]LogWorld: Bringing World /Game/ThirdPersonBP/Maps/UEDPIE_0_ThirdPersonExampleMap.ThirdPersonExampleMap up for play (max tick rate 0) at 2017.02.21-14.39.23
[2017.02.21-14.39.23:924][505]LogWorld: Bringing up level for play took: 0.170482
[2017.02.21-14.39.23:925][505]LogGameMode:Display: Match State Changed from EnteringMap to WaitingToStart
[2017.02.21-14.39.23:925][505]LogGameState: Match State Changed from EnteringMap to WaitingToStart
[2017.02.21-14.39.23:925][505]LogGameMode:Display: Match State Changed from WaitingToStart to InProgress
[2017.02.21-14.39.23:928][505]LogGameState: Match State Changed from WaitingToStart to InProgress
[2017.02.21-14.39.23:928][505]PIE: Info Play in editor start time for /Game/ThirdPersonBP/Maps/UEDPIE_0_ThirdPersonExampleMap -0.184
[2017.02.21-14.39.23:929][505]LogBlueprintUserMessages: Late PlayInEditor Detection: Level '/Game/ThirdPersonBP/Maps/ThirdPersonExampleMap.ThirdPersonExampleMap:PersistentLevel' has LevelScriptBlueprint '/Game/ThirdPersonBP/Maps/ThirdPersonExampleMap.ThirdPersonExampleMap:PersistentLevel.ThirdPersonExampleMap' with GeneratedClass '/Game/ThirdPersonBP/Maps/ThirdPersonExampleMap.ThirdPersonExampleMap_C' with ClassGeneratedBy '/Game/ThirdPersonBP/Maps/ThirdPersonExampleMap.ThirdPersonExampleMap:PersistentLevel.ThirdPersonExampleMap'
[2017.02.21-14.39.31:413][339]LogBlueprintUserMessages: Early EndPlayMap Detection: Level '/Game/ThirdPersonBP/Maps/ThirdPersonExampleMap.ThirdPersonExampleMap:PersistentLevel' has LevelScriptBlueprint '/Game/ThirdPersonBP/Maps/ThirdPersonExampleMap.ThirdPersonExampleMap:PersistentLevel.ThirdPersonExampleMap' with GeneratedClass '/Game/ThirdPersonBP/Maps/ThirdPersonExampleMap.ThirdPersonExampleMap_C' with ClassGeneratedBy '/Game/ThirdPersonBP/Maps/ThirdPersonExampleMap.ThirdPersonExampleMap:PersistentLevel.ThirdPersonExampleMap'
[2017.02.21-14.39.31:486][339]LogBlueprintUserMessages: Late EndPlayMap Detection: Level '/Game/ThirdPersonBP/Maps/ThirdPersonExampleMap.ThirdPersonExampleMap:PersistentLevel' has LevelScriptBlueprint '/Game/ThirdPersonBP/Maps/ThirdPersonExampleMap.ThirdPersonExampleMap:PersistentLevel.ThirdPersonExampleMap' with GeneratedClass '/Game/ThirdPersonBP/Maps/ThirdPersonExampleMap.ThirdPersonExampleMap_C' with ClassGeneratedBy '/Game/ThirdPersonBP/Maps/ThirdPersonExampleMap.ThirdPersonExampleMap:PersistentLevel.ThirdPersonExampleMap'
[2017.02.21-14.39.31:559][339]LogActorComponent: ReregisterComponent: (/Game/ThirdPersonBP/Maps/ThirdPersonExampleMap.ThirdPersonExampleMap:PersistentLevel.08_Kavinsky_-_Nightcall_2.AudioComponent0) Not currently registered. Aborting.
[2017.02.21-14.39.42:570][944]LogSavePackage: Save=5518.12ms
[2017.02.21-14.39.42:570][944]LogSavePackage: Moving 'D:/Unreal Projects/Aeon/Aeon/Saved/ThirdPersonExampleMapF6B8C6BB41C24AD690F960AF33BC8A6F.tmp' to 'D:/Unreal Projects/Aeon/Aeon/Content/ThirdPersonBP/Maps/ThirdPersonExampleMap.umap'
[2017.02.21-14.39.42:583][944]LogSavePackage:Display: Finished SavePackage D:/Unreal Projects/Aeon/Aeon/Content/ThirdPersonBP/Maps/ThirdPersonExampleMap.umap
[2017.02.21-14.39.44:016][106]LogBlueprintUserMessages: Early PlayInEditor Detection: Level '/Game/ThirdPersonBP/Maps/ThirdPersonExampleMap.ThirdPersonExampleMap:PersistentLevel' has LevelScriptBlueprint '/Game/ThirdPersonBP/Maps/ThirdPersonExampleMap.ThirdPersonExampleMap:PersistentLevel.ThirdPersonExampleMap' with GeneratedClass '/Game/ThirdPersonBP/Maps/ThirdPersonExampleMap.ThirdPersonExampleMap_C' with ClassGeneratedBy '/Game/ThirdPersonBP/Maps/ThirdPersonExampleMap.ThirdPersonExampleMap:PersistentLevel.ThirdPersonExampleMap'
[2017.02.21-14.39.44:016][106]LogPlayLevel: PlayLevel: No blueprints needed recompiling
[2017.02.21-14.39.44:016][106]PIE: New page: PIE session: ThirdPersonExampleMap (Feb 21, 2017, 2:39:44 PM)
[2017.02.21-14.39.44:016][106]LogPlayLevel: Creating play world package: /Game/ThirdPersonBP/Maps/UEDPIE_0_ThirdPersonExampleMap
[2017.02.21-14.39.44:179][106]LogPlayLevel: PIE: StaticDuplicateObject took: (0.163124s)
[2017.02.21-14.39.44:180][106]LogAIModule: Creating AISystem for world ThirdPersonExampleMap
[2017.02.21-14.39.44:180][106]LogPlayLevel: PIE: World Init took: (0.000578s)
[2017.02.21-14.39.44:181][106]LogPlayLevel: PIE: Created PIE world by copying editor world from /Game/ThirdPersonBP/Maps/ThirdPersonExampleMap.ThirdPersonExampleMap to /Game/ThirdPersonBP/Maps/UEDPIE_0_ThirdPersonExampleMap.ThirdPersonExampleMap (0.164919s)
[2017.02.21-14.39.44:206][106]LogInit: XAudio2 using 'Speakers (High Definition Audio Device)' : 2 channels at 48 kHz using 16 bits per sample (channel mask 0x3)
[2017.02.21-14.39.44:210][106]LogInit: FAudioDevice initialized.
[2017.02.21-14.39.44:241][106]LogWorld: Game class is 'ThirdPersonGameMode_C'
[2017.02.21-14.39.44:410][106]LogWorld: Bringing World /Game/ThirdPersonBP/Maps/UEDPIE_0_ThirdPersonExampleMap.ThirdPersonExampleMap up for play (max tick rate 0) at 2017.02.21-14.39.44
[2017.02.21-14.39.44:414][106]LogWorld: Bringing up level for play took: 0.172187
[2017.02.21-14.39.44:415][106]LogGameMode:Display: Match State Changed from EnteringMap to WaitingToStart
[2017.02.21-14.39.44:415][106]LogGameState: Match State Changed from EnteringMap to WaitingToStart
[2017.02.21-14.39.44:415][106]LogGameMode:Display: Match State Changed from WaitingToStart to InProgress
[2017.02.21-14.39.44:418][106]LogGameState: Match State Changed from WaitingToStart to InProgress
[2017.02.21-14.39.44:418][106]PIE: Info Play in editor start time for /Game/ThirdPersonBP/Maps/UEDPIE_0_ThirdPersonExampleMap 0.307
[2017.02.21-14.39.44:420][106]LogBlueprintUserMessages: Late PlayInEditor Detection: Level '/Game/ThirdPersonBP/Maps/ThirdPersonExampleMap.ThirdPersonExampleMap:PersistentLevel' has LevelScriptBlueprint '/Game/ThirdPersonBP/Maps/ThirdPersonExampleMap.ThirdPersonExampleMap:PersistentLevel.ThirdPersonExampleMap' with GeneratedClass '/Game/ThirdPersonBP/Maps/ThirdPersonExampleMap.ThirdPersonExampleMap_C' with ClassGeneratedBy '/Game/ThirdPersonBP/Maps/ThirdPersonExampleMap.ThirdPersonExampleMap:PersistentLevel.ThirdPersonExampleMap'
[2017.02.21-14.40.00:527][976]LogBlueprintUserMessages: Early EndPlayMap Detection: Level '/Game/ThirdPersonBP/Maps/ThirdPersonExampleMap.ThirdPersonExampleMap:PersistentLevel' has LevelScriptBlueprint '/Game/ThirdPersonBP/Maps/ThirdPersonExampleMap.ThirdPersonExampleMap:PersistentLevel.ThirdPersonExampleMap' with GeneratedClass '/Game/ThirdPersonBP/Maps/ThirdPersonExampleMap.ThirdPersonExampleMap_C' with ClassGeneratedBy '/Game/ThirdPersonBP/Maps/ThirdPersonExampleMap.ThirdPersonExampleMap:PersistentLevel.ThirdPersonExampleMap'
[2017.02.21-14.40.00:598][976]LogBlueprintUserMessages: Late EndPlayMap Detection: Level '/Game/ThirdPersonBP/Maps/ThirdPersonExampleMap.ThirdPersonExampleMap:PersistentLevel' has LevelScriptBlueprint '/Game/ThirdPersonBP/Maps/ThirdPersonExampleMap.ThirdPersonExampleMap:PersistentLevel.ThirdPersonExampleMap' with GeneratedClass '/Game/ThirdPersonBP/Maps/ThirdPersonExampleMap.ThirdPersonExampleMap_C' with ClassGeneratedBy '/Game/ThirdPersonBP/Maps/ThirdPersonExampleMap.ThirdPersonExampleMap:PersistentLevel.ThirdPersonExampleMap'
[2017.02.21-14.40.18:159][425]LogSavePackage: Save=5220.13ms
[2017.02.21-14.40.18:159][425]LogSavePackage: Moving 'D:/Unreal Projects/Aeon/Aeon/Saved/ThirdPersonExampleMapF28349FB451A76936B7750A4E4A755AD.tmp' to 'D:/Unreal Projects/Aeon/Aeon/Content/ThirdPersonBP/Maps/ThirdPersonExampleMap.umap'
[2017.02.21-14.40.18:169][425]LogSavePackage:Display: Finished SavePackage D:/Unreal Projects/Aeon/Aeon/Content/ThirdPersonBP/Maps/ThirdPersonExampleMap.umap
[2017.02.21-14.40.19:195][543]LogBlueprintUserMessages: Early PlayInEditor Detection: Level '/Game/ThirdPersonBP/Maps/ThirdPersonExampleMap.ThirdPersonExampleMap:PersistentLevel' has LevelScriptBlueprint '/Game/ThirdPersonBP/Maps/ThirdPersonExampleMap.ThirdPersonExampleMap:PersistentLevel.ThirdPersonExampleMap' with GeneratedClass '/Game/ThirdPersonBP/Maps/ThirdPersonExampleMap.ThirdPersonExampleMap_C' with ClassGeneratedBy '/Game/ThirdPersonBP/Maps/ThirdPersonExampleMap.ThirdPersonExampleMap:PersistentLevel.ThirdPersonExampleMap'
[2017.02.21-14.40.19:195][543]LogPlayLevel: PlayLevel: No blueprints needed recompiling
[2017.02.21-14.40.19:195][543]PIE: New page: PIE session: ThirdPersonExampleMap (Feb 21, 2017, 2:40:19 PM)
[2017.02.21-14.40.19:195][543]LogPlayLevel: Creating play world package: /Game/ThirdPersonBP/Maps/UEDPIE_0_ThirdPersonExampleMap
[2017.02.21-14.40.19:362][543]LogPlayLevel: PIE: StaticDuplicateObject took: (0.166406s)
[2017.02.21-14.40.19:362][543]LogAIModule: Creating AISystem for world ThirdPersonExampleMap
[2017.02.21-14.40.19:362][543]LogPlayLevel: PIE: World Init took: (0.000570s)
[2017.02.21-14.40.19:364][543]LogPlayLevel: PIE: Created PIE world by copying editor world from /Game/ThirdPersonBP/Maps/ThirdPersonExampleMap.ThirdPersonExampleMap to /Game/ThirdPersonBP/Maps/UEDPIE_0_ThirdPersonExampleMap.ThirdPersonExampleMap (0.168279s)
[2017.02.21-14.40.19:387][543]LogInit: XAudio2 using 'Speakers (High Definition Audio Device)' : 2 channels at 48 kHz using 16 bits per sample (channel mask 0x3)
[2017.02.21-14.40.19:391][543]LogInit: FAudioDevice initialized.
[2017.02.21-14.40.19:426][543]LogWorld: Game class is 'ThirdPersonGameMode_C'
[2017.02.21-14.40.19:592][543]LogWorld: Bringing World /Game/ThirdPersonBP/Maps/UEDPIE_0_ThirdPersonExampleMap.ThirdPersonExampleMap up for play (max tick rate 0) at 2017.02.21-14.40.19
[2017.02.21-14.40.19:595][543]LogWorld: Bringing up level for play took: 0.169225
[2017.02.21-14.40.19:596][543]LogGameMode:Display: Match State Changed from EnteringMap to WaitingToStart
[2017.02.21-14.40.19:596][543]LogGameState: Match State Changed from EnteringMap to WaitingToStart
[2017.02.21-14.40.19:596][543]LogGameMode:Display: Match State Changed from WaitingToStart to InProgress
[2017.02.21-14.40.19:600][543]LogGameState: Match State Changed from WaitingToStart to InProgress
[2017.02.21-14.40.19:600][543]PIE: Info Play in editor start time for /Game/ThirdPersonBP/Maps/UEDPIE_0_ThirdPersonExampleMap -0.512
[2017.02.21-14.40.19:601][543]LogBlueprintUserMessages: Late PlayInEditor Detection: Level '/Game/ThirdPersonBP/Maps/ThirdPersonExampleMap.ThirdPersonExampleMap:PersistentLevel' has LevelScriptBlueprint '/Game/ThirdPersonBP/Maps/ThirdPersonExampleMap.ThirdPersonExampleMap:PersistentLevel.ThirdPersonExampleMap' with GeneratedClass '/Game/ThirdPersonBP/Maps/ThirdPersonExampleMap.ThirdPersonExampleMap_C' with ClassGeneratedBy '/Game/ThirdPersonBP/Maps/ThirdPersonExampleMap.ThirdPersonExampleMap:PersistentLevel.ThirdPersonExampleMap'
[2017.02.21-14.40.23:077][898]LogBlueprintUserMessages: Early EndPlayMap Detection: Level '/Game/ThirdPersonBP/Maps/ThirdPersonExampleMap.ThirdPersonExampleMap:PersistentLevel' has LevelScriptBlueprint '/Game/ThirdPersonBP/Maps/ThirdPersonExampleMap.ThirdPersonExampleMap:PersistentLevel.ThirdPersonExampleMap' with GeneratedClass '/Game/ThirdPersonBP/Maps/ThirdPersonExampleMap.ThirdPersonExampleMap_C' with ClassGeneratedBy '/Game/ThirdPersonBP/Maps/ThirdPersonExampleMap.ThirdPersonExampleMap:PersistentLevel.ThirdPersonExampleMap'
[2017.02.21-14.40.23:153][898]LogBlueprintUserMessages: Late EndPlayMap Detection: Level '/Game/ThirdPersonBP/Maps/ThirdPersonExampleMap.ThirdPersonExampleMap:PersistentLevel' has LevelScriptBlueprint '/Game/ThirdPersonBP/Maps/ThirdPersonExampleMap.ThirdPersonExampleMap:PersistentLevel.ThirdPersonExampleMap' with GeneratedClass '/Game/ThirdPersonBP/Maps/ThirdPersonExampleMap.ThirdPersonExampleMap_C' with ClassGeneratedBy '/Game/ThirdPersonBP/Maps/ThirdPersonExampleMap.ThirdPersonExampleMap:PersistentLevel.ThirdPersonExampleMap'
[2017.02.21-14.40.52:088][692]LogSavePackage: Save=5246.85ms
[2017.02.21-14.40.52:088][692]LogSavePackage: Moving 'D:/Unreal Projects/Aeon/Aeon/Saved/ThirdPersonExampleMapFD82AA3947D24F970B5B70AB470EB356.tmp' to 'D:/Unreal Projects/Aeon/Aeon/Content/ThirdPersonBP/Maps/ThirdPersonExampleMap.umap'
[2017.02.21-14.40.52:099][692]LogSavePackage:Display: Finished SavePackage D:/Unreal Projects/Aeon/Aeon/Content/ThirdPersonBP/Maps/ThirdPersonExampleMap.umap
[2017.02.21-14.41.06:556][419]LogBlueprintUserMessages: Early PlayInEditor Detection: Level '/Game/ThirdPersonBP/Maps/ThirdPersonExampleMap.ThirdPersonExampleMap:PersistentLevel' has LevelScriptBlueprint '/Game/ThirdPersonBP/Maps/ThirdPersonExampleMap.ThirdPersonExampleMap:PersistentLevel.ThirdPersonExampleMap' with GeneratedClass '/Game/ThirdPersonBP/Maps/ThirdPersonExampleMap.ThirdPersonExampleMap_C' with ClassGeneratedBy '/Game/ThirdPersonBP/Maps/ThirdPersonExampleMap.ThirdPersonExampleMap:PersistentLevel.ThirdPersonExampleMap'
[2017.02.21-14.41.06:556][419]LogPlayLevel: PlayLevel: No blueprints needed recompiling
[2017.02.21-14.41.06:556][419]PIE: New page: PIE session: ThirdPersonExampleMap (Feb 21, 2017, 2:41:06 PM)
[2017.02.21-14.41.06:556][419]LogPlayLevel: Creating play world package: /Game/ThirdPersonBP/Maps/UEDPIE_0_ThirdPersonExampleMap
[2017.02.21-14.41.06:723][419]LogPlayLevel: PIE: StaticDuplicateObject took: (0.167378s)
[2017.02.21-14.41.06:724][419]LogAIModule: Creating AISystem for world ThirdPersonExampleMap
[2017.02.21-14.41.06:724][419]LogPlayLevel: PIE: World Init took: (0.000638s)
[2017.02.21-14.41.06:725][419]LogPlayLevel: PIE: Created PIE world by copying editor world from /Game/ThirdPersonBP/Maps/ThirdPersonExampleMap.ThirdPersonExampleMap to /Game/ThirdPersonBP/Maps/UEDPIE_0_ThirdPersonExampleMap.ThirdPersonExampleMap (0.169337s)
[2017.02.21-14.41.06:747][419]LogInit: XAudio2 using 'Speakers (High Definition Audio Device)' : 2 channels at 48 kHz using 16 bits per sample (channel mask 0x3)
[2017.02.21-14.41.06:751][419]LogInit: FAudioDevice initialized.
[2017.02.21-14.41.06:780][419]LogWorld: Game class is 'ThirdPersonGameMode_C'
[2017.02.21-14.41.06:945][419]LogWorld: Bringing World /Game/ThirdPersonBP/Maps/UEDPIE_0_ThirdPersonExampleMap.ThirdPersonExampleMap up for play (max tick rate 0) at 2017.02.21-14.41.06
[2017.02.21-14.41.06:949][419]LogWorld: Bringing up level for play took: 0.168229
[2017.02.21-14.41.06:949][419]LogGameMode:Display: Match State Changed from EnteringMap to WaitingToStart
[2017.02.21-14.41.06:949][419]LogGameState: Match State Changed from EnteringMap to WaitingToStart
[2017.02.21-14.41.06:949][419]LogGameMode:Display: Match State Changed from WaitingToStart to InProgress
[2017.02.21-14.41.06:968][419]LogGameState: Match State Changed from WaitingToStart to InProgress
[2017.02.21-14.41.06:968][419]PIE: Info Play in editor start time for /Game/ThirdPersonBP/Maps/UEDPIE_0_ThirdPersonExampleMap 0.857
[2017.02.21-14.41.06:969][419]LogBlueprintUserMessages: Late PlayInEditor Detection: Level '/Game/ThirdPersonBP/Maps/ThirdPersonExampleMap.ThirdPersonExampleMap:PersistentLevel' has LevelScriptBlueprint '/Game/ThirdPersonBP/Maps/ThirdPersonExampleMap.ThirdPersonExampleMap:PersistentLevel.ThirdPersonExampleMap' with GeneratedClass '/Game/ThirdPersonBP/Maps/ThirdPersonExampleMap.ThirdPersonExampleMap_C' with ClassGeneratedBy '/Game/ThirdPersonBP/Maps/ThirdPersonExampleMap.ThirdPersonExampleMap:PersistentLevel.ThirdPersonExampleMap'
[2017.02.21-14.41.34:608][665]LogBlueprintUserMessages: Early EndPlayMap Detection: Level '/Game/ThirdPersonBP/Maps/ThirdPersonExampleMap.ThirdPersonExampleMap:PersistentLevel' has LevelScriptBlueprint '/Game/ThirdPersonBP/Maps/ThirdPersonExampleMap.ThirdPersonExampleMap:PersistentLevel.ThirdPersonExampleMap' with GeneratedClass '/Game/ThirdPersonBP/Maps/ThirdPersonExampleMap.ThirdPersonExampleMap_C' with ClassGeneratedBy '/Game/ThirdPersonBP/Maps/ThirdPersonExampleMap.ThirdPersonExampleMap:PersistentLevel.ThirdPersonExampleMap'
[2017.02.21-14.41.34:682][665]LogBlueprintUserMessages: Late EndPlayMap Detection: Level '/Game/ThirdPersonBP/Maps/ThirdPersonExampleMap.ThirdPersonExampleMap:PersistentLevel' has LevelScriptBlueprint '/Game/ThirdPersonBP/Maps/ThirdPersonExampleMap.ThirdPersonExampleMap:PersistentLevel.ThirdPersonExampleMap' with GeneratedClass '/Game/ThirdPersonBP/Maps/ThirdPersonExampleMap.ThirdPersonExampleMap_C' with ClassGeneratedBy '/Game/ThirdPersonBP/Maps/ThirdPersonExampleMap.ThirdPersonExampleMap:PersistentLevel.ThirdPersonExampleMap'
[2017.02.21-14.42.02:331][859]LogTextFormatter:Warning: Failed to parse argument "RootClass" as a number (using "0" as a fallback). Please check your format string for errors: "Select {RootClass} Class".
[2017.02.21-14.42.02:331][859]LogTextFormatter:Warning: Failed to parse argument "GameStateName" as a number (using "0" as a fallback). Please check your format string for errors: "GameState: {GameStateName}".
[2017.02.21-14.42.02:332][859]LogTextFormatter:Warning: Failed to parse argument "PawnName" as a number (using "0" as a fallback). Please check your format string for errors: "Pawn: Edit {PawnName}".
[2017.02.21-14.42.02:332][859]LogTextFormatter:Warning: Failed to parse argument "HUDName" as a number (using "0" as a fallback). Please check your format string for errors: "HUD: {HUDName}".
[2017.02.21-14.42.02:332][859]LogTextFormatter:Warning: Failed to parse argument "PlayerControllerName" as a number (using "0" as a fallback). Please check your format string for errors: "PlayerController: {PlayerControllerName}".
[2017.02.21-14.44.45:374][230]BlueprintLog: New page: Compile ThirdPersonExampleMap
[2017.02.21-14.44.52:199][662]LogTextFormatter:Warning: Failed to parse argument "ExistingAsset" as a number (using "0" as a fallback). Please check your format string for errors: "{ExistingAsset} already exists. Do you want to replace it?".
[2017.02.21-14.44.54:473][662]LogAIModule: Creating AISystem for world Cyberspace
[2017.02.21-14.45.09:749][662]LogSpawn:Warning: UWorld::DestroyActor: World has no context! World: Cyberspace, Actor: /Game/Maps/Cyberspace.Cyberspace:PersistentLevel.ThirdPersonExampleMap_C_0
[2017.02.21-14.45.09:829][662]LogAIModule: Creating AISystem for world Cyberspace
[2017.02.21-14.45.09:927][662]Cmd: OBJ SAVEPACKAGE PACKAGE="/Game/Maps/Cyberspace" FILE="D:/Unreal Projects/Aeon/Aeon/Content/Maps/Cyberspace.umap" SILENT=true AUTOSAVING=false KEEPDIRTY=false
[2017.02.21-14.45.10:063][662]LogSpawn:Warning: UWorld::DestroyActor: World has no context! World: Cyberspace, Actor: /Game/Maps/Cyberspace.Cyberspace:PersistentLevel.Cyberspace_C_0
[2017.02.21-14.45.15:663][662]LogSavePackage: Save=5605.27ms
[2017.02.21-14.45.15:663][662]LogSavePackage: Moving 'D:/Unreal Projects/Aeon/Aeon/Saved/CyberspaceCDCF7B4F47D07FD7A94ACFA7AFD7B4D3.tmp' to 'D:/Unreal Projects/Aeon/Aeon/Content/Maps/Cyberspace.umap'
[2017.02.21-14.45.15:666][662]LogSavePackage:Display: Finished SavePackage D:/Unreal Projects/Aeon/Aeon/Content/Maps/Cyberspace.umap
[2017.02.21-14.45.15:786][662]LogFileHelpers: Saving map 'Cyberspace' took 22.258
[2017.02.21-14.45.15:788][662]Cmd: MAP LOAD FILE="D:/Unreal Projects/Aeon/Aeon/Content/Maps/Cyberspace.umap" TEMPLATE=0 SHOWPROGRESS=1 FEATURELEVEL=3
[2017.02.21-14.45.15:815][662]LightingResults: New page: Lighting Build
[2017.02.21-14.45.15:816][662]LoadErrors: New page: Loading map: Cyberspace.umap
[2017.02.21-14.45.15:851][662]MapCheck: New page: Map Check
[2017.02.21-14.45.15:851][662]LightingResults: New page: Lighting Build
[2017.02.21-14.45.16:855][662]LogEditorServer: Finished looking for orphan Actors (0.000 secs)
[2017.02.21-14.45.16:869][662]Cmd: MAP CHECKDEP NOCLEARLOG
[2017.02.21-14.45.16:899][662]MapCheck: Info Map check complete: 0 Error(s), 0 Warning(s), took 30.188ms to complete.
[2017.02.21-14.45.16:899][662]LogFileHelpers: Loading map 'Cyberspace' took 1.113
[2017.02.21-14.45.39:559][215]LogEditorViewport: Clicking on Actor (LMB): SkyboxBP_C (SkyboxBP)
[2017.02.21-14.45.46:505][406]LogWindowsTextInputMethodSystem:Display: IME system now deactivated.
[2017.02.21-14.45.47:161][407]Cmd: QUIT_EDITOR
[2017.02.21-14.45.48:170][407]LogExit: Preparing to exit.
[2017.02.21-14.45.49:135][407]LogExit: Editor shut down
[2017.02.21-14.45.49:136][407]LogExit: Transaction tracking system shut down
[2017.02.21-14.45.49:379][407]LogObj: Freed 0b from 0 cluster array pools.
[2017.02.21-14.45.49:379][407]LogExit: Object subsystem successfully closed.
[2017.02.21-14.45.49:394][407]LogD3D11RHI: Shutdown
[2017.02.21-14.45.49:394][407]LogD3D11RHI: CleanupD3DDevice
[2017.02.21-14.45.49:547][407]LogD3D11RHI: ~FD3D11DynamicRHI
[2017.02.21-14.45.49:575][407]LogModuleManager: Shutting down and abandoning module BlueprintGraph (236)
[2017.02.21-14.45.49:575][407]LogModuleManager: Shutting down and abandoning module BlueprintProfiler (235)
[2017.02.21-14.45.49:591][407]LogModuleManager: Shutting down and abandoning module MovieSceneCapture (234)
[2017.02.21-14.45.49:591][407]LogModuleManager: Shutting down and abandoning module HierarchicalLODOutliner (233)
[2017.02.21-14.45.49:591][407]LogModuleManager: Shutting down and abandoning module CrashTracker (232)
[2017.02.21-14.45.49:591][407]LogModuleManager: Shutting down and abandoning module SceneOutliner (231)
[2017.02.21-14.45.49:591][407]LogModuleManager: Shutting down and abandoning module WidgetCarousel (230)
[2017.02.21-14.45.49:591][407]LogModuleManager: Shutting down and abandoning module AddContentDialog (229)
[2017.02.21-14.45.49:602][407]LogDirectoryWatcher: A directory notification for 'E:/Program Files (x86)/Epic Games/4.13/FeaturePacks/' was aborted.
[2017.02.21-14.45.49:603][407]LogModuleManager: Shutting down and abandoning module GameplayTags (228)
[2017.02.21-14.45.49:603][407]LogModuleManager: Shutting down and abandoning module EditorWidgets (227)
[2017.02.21-14.45.49:603][407]LogModuleManager: Shutting down and abandoning module CollectionManager (226)
[2017.02.21-14.45.49:603][407]LogDirectoryWatcher: A directory notification for 'D:/Unreal Projects/Aeon/Aeon/Content/Collections/' was aborted.
[2017.02.21-14.45.49:603][407]LogDirectoryWatcher: A directory notification for 'D:/Unreal Projects/Aeon/Aeon/Content/Developers/Davis/Collections/' was aborted.
[2017.02.21-14.45.49:603][407]LogDirectoryWatcher: A directory notification for 'D:/Unreal Projects/Aeon/Aeon/Saved/Collections/' was aborted.
[2017.02.21-14.45.49:603][407]LogModuleManager: Shutting down and abandoning module StatsViewer (225)
[2017.02.21-14.45.49:603][407]LogModuleManager: Shutting down and abandoning module FoliageEdit (224)
[2017.02.21-14.45.49:603][407]LogModuleManager: Shutting down and abandoning module LandscapeEditor (223)
[2017.02.21-14.45.49:604][407]LogModuleManager: Shutting down and abandoning module SceneDepthPickerMode (222)
[2017.02.21-14.45.49:604][407]LogModuleManager: Shutting down and abandoning module ActorPickerMode (221)
[2017.02.21-14.45.49:604][407]LogModuleManager: Shutting down and abandoning module GeometryMode (220)
[2017.02.21-14.45.49:604][407]LogModuleManager: Shutting down and abandoning module TextureAlignMode (219)
[2017.02.21-14.45.49:604][407]LogModuleManager: Shutting down and abandoning module BspMode (218)
[2017.02.21-14.45.49:604][407]LogModuleManager: Shutting down and abandoning module HardwareSurvey (217)
[2017.02.21-14.45.49:604][407]LogModuleManager: Shutting down and abandoning module SequenceRecorderSections (216)
[2017.02.21-14.45.49:604][407]LogModuleManager: Shutting down and abandoning module SequenceRecorder (215)
[2017.02.21-14.45.49:604][407]LogModuleManager: Shutting down and abandoning module AutomationWorker (214)
[2017.02.21-14.45.49:604][407]LogModuleManager: Shutting down and abandoning module MatineeToLevelSequence (213)
[2017.02.21-14.45.49:604][407]LogModuleManager: Shutting down and abandoning module PlacementMode (212)
[2017.02.21-14.45.49:604][407]LogModuleManager: Shutting down and abandoning module LevelSequenceEditor (211)
[2017.02.21-14.45.49:604][407]LogModuleManager: Shutting down and abandoning module WmfMediaFactory (210)
[2017.02.21-14.45.49:604][407]LogModuleManager: Shutting down and abandoning module WmfMediaEditor (209)
[2017.02.21-14.45.49:604][407]LogModuleManager: Shutting down and abandoning module AvfMediaFactory (208)
[2017.02.21-14.45.49:604][407]LogModuleManager: Shutting down and abandoning module AvfMediaEditor (207)
[2017.02.21-14.45.49:604][407]LogModuleManager: Shutting down and abandoning module Media (206)
[2017.02.21-14.45.49:604][407]LogModuleManager: Shutting down and abandoning module AndroidMediaFactory (205)
[2017.02.21-14.45.49:604][407]LogModuleManager: Shutting down and abandoning module AndroidMediaEditor (204)
[2017.02.21-14.45.49:604][407]LogModuleManager: Shutting down and abandoning module CharacterAI (203)
[2017.02.21-14.45.49:604][407]LogModuleManager: Shutting down and abandoning module SmartSnapping (202)
[2017.02.21-14.45.49:604][407]LogModuleManager: Shutting down and abandoning module SessionServices (201)
[2017.02.21-14.45.49:604][407]LogModuleManager: Shutting down and abandoning module ViewportSnapping (200)
[2017.02.21-14.45.49:604][407]LogModuleManager: Shutting down and abandoning module ViewportInteraction (199)
[2017.02.21-14.45.49:604][407]LogModuleManager: Shutting down and abandoning module LogVisualizer (198)
[2017.02.21-14.45.49:604][407]LogModuleManager: Shutting down and abandoning module GameProjectGeneration (197)
[2017.02.21-14.45.49:604][407]LogModuleManager: Shutting down and abandoning module IntroTutorials (196)
[2017.02.21-14.45.49:604][407]LogModuleManager: Shutting down and abandoning module EditorLiveStreaming (195)
[2017.02.21-14.45.49:604][407]LogModuleManager: Shutting down and abandoning module IOSPlatformEditor (194)
[2017.02.21-14.45.49:604][407]LogModuleManager: Shutting down and abandoning module HTML5PlatformEditor (193)
[2017.02.21-14.45.49:604][407]LogModuleManager: Shutting down and abandoning module AndroidDeviceDetection (192)
[2017.02.21-14.45.50:593][407]LogModuleManager: Shutting down and abandoning module AndroidPlatformEditor (191)
[2017.02.21-14.45.50:593][407]LogModuleManager: Shutting down and abandoning module IOSRuntimeSettings (190)
[2017.02.21-14.45.50:593][407]LogModuleManager: Shutting down and abandoning module AndroidRuntimeSettings (189)
[2017.02.21-14.45.50:593][407]LogModuleManager: Shutting down and abandoning module NiagaraEditor (188)
[2017.02.21-14.45.50:593][407]LogModuleManager: Shutting down and abandoning module MergeActors (187)
[2017.02.21-14.45.50:593][407]LogModuleManager: Shutting down and abandoning module SizeMap (186)
[2017.02.21-14.45.50:593][407]LogModuleManager: Shutting down and abandoning module TreeMap (185)
[2017.02.21-14.45.50:593][407]LogModuleManager: Shutting down and abandoning module ReferenceViewer (184)
[2017.02.21-14.45.50:593][407]LogModuleManager: Shutting down and abandoning module LocalizationService (183)
[2017.02.21-14.45.50:593][407]LogModuleManager: Shutting down and abandoning module LocalizationDashboard (182)
[2017.02.21-14.45.50:593][407]LogModuleManager: Shutting down and abandoning module HardwareTargeting (181)
[2017.02.21-14.45.50:593][407]LogModuleManager: Shutting down and abandoning module DeviceProfileEditor (180)
[2017.02.21-14.45.50:593][407]LogModuleManager: Shutting down and abandoning module UndoHistory (179)
[2017.02.21-14.45.50:593][407]LogModuleManager: Shutting down and abandoning module UserFeedback (178)
[2017.02.21-14.45.50:593][407]LogModuleManager: Shutting down and abandoning module XmlParser (177)
[2017.02.21-14.45.50:593][407]LogModuleManager: Shutting down and abandoning module Blutility (176)
[2017.02.21-14.45.50:593][407]LogModuleManager: Shutting down and abandoning module ProjectTargetPlatformEditor (175)
[2017.02.21-14.45.50:593][407]LogModuleManager: Shutting down and abandoning module ProjectSettingsViewer (174)
[2017.02.21-14.45.50:593][407]LogModuleManager: Shutting down and abandoning module InputBindingEditor (173)
[2017.02.21-14.45.50:593][407]LogModuleManager: Shutting down and abandoning module EditorSettingsViewer (172)
[2017.02.21-14.45.50:593][407]LogModuleManager: Shutting down and abandoning module SettingsEditor (171)
[2017.02.21-14.45.50:593][407]LogModuleManager: Shutting down and abandoning module ProjectLauncher (170)
[2017.02.21-14.45.50:593][407]LogModuleManager: Shutting down and abandoning module SessionFrontend (169)
[2017.02.21-14.45.50:593][407]LogModuleManager: Shutting down and abandoning module ProfilerClient (168)
[2017.02.21-14.45.50:593][407]LogModuleManager: Shutting down and abandoning module TargetDeviceServices (167)
[2017.02.21-14.45.50:594][407]LogModuleManager: Shutting down and abandoning module DeviceManager (166)
[2017.02.21-14.45.50:649][407]LogModuleManager: Shutting down and abandoning module AutomationController (165)
[2017.02.21-14.45.50:649][407]LogModuleManager: Shutting down and abandoning module AutomationWindow (164)
[2017.02.21-14.45.50:649][407]LogModuleManager: Shutting down and abandoning module Layers (163)
[2017.02.21-14.45.50:649][407]LogModuleManager: Shutting down and abandoning module ComponentVisualizers (162)
[2017.02.21-14.45.50:649][407]LogModuleManager: Shutting down and abandoning module DetailCustomizations (161)
[2017.02.21-14.45.50:649][407]LogModuleManager: Shutting down and abandoning module PackagesDialog (160)
[2017.02.21-14.45.50:649][407]LogModuleManager: Shutting down and abandoning module AnimGraph (159)
[2017.02.21-14.45.50:649][407]LogModuleManager: Shutting down and abandoning module Persona (158)
[2017.02.21-14.45.50:649][407]LogModuleManager: Shutting down and abandoning module Kismet (157)
[2017.02.21-14.45.50:653][407]LogModuleManager: Shutting down and abandoning module GraphEditor (156)
[2017.02.21-14.45.50:653][407]LogModuleManager: Shutting down and abandoning module ClassViewer (155)
[2017.02.21-14.45.50:653][407]LogModuleManager: Shutting down and abandoning module Toolbox (154)
[2017.02.21-14.45.50:653][407]LogModuleManager: Shutting down and abandoning module ModuleUI (153)
[2017.02.21-14.45.50:653][407]LogModuleManager: Shutting down and abandoning module MovieSceneTools (152)
[2017.02.21-14.45.50:653][407]LogModuleManager: Shutting down and abandoning module OutputLog (151)
[2017.02.21-14.45.50:653][407]LogModuleManager: Shutting down and abandoning module GammaUI (150)
[2017.02.21-14.45.50:653][407]LogModuleManager: Shutting down and abandoning module Documentation (149)
[2017.02.21-14.45.50:653][407]LogModuleManager: Shutting down and abandoning module Niagara (148)
[2017.02.21-14.45.50:653][407]LogModuleManager: Shutting down and abandoning module StreamingPauseRendering (147)
[2017.02.21-14.45.50:653][407]LogModuleManager: Shutting down and abandoning module AnalyticsET (146)
[2017.02.21-14.45.50:653][407]LogModuleManager: Shutting down and abandoning module PortalServices (145)
[2017.02.21-14.45.50:653][407]LogModuleManager: Shutting down and abandoning module PortalRpc (144)
[2017.02.21-14.45.50:653][407]LogModuleManager: Shutting down and abandoning module MessagingRpc (143)
[2017.02.21-14.45.50:653][407]LogModuleManager: Shutting down and abandoning module GameplayDebugger (142)
[2017.02.21-14.45.50:653][407]LogModuleManager: Shutting down and abandoning module AITestSuite (141)
[2017.02.21-14.45.50:653][407]LogModuleManager: Shutting down and abandoning module AIModule (140)
[2017.02.21-14.45.50:653][407]LogModuleManager: Shutting down and abandoning module ProfilerService (139)
[2017.02.21-14.45.50:872][407]LogModuleManager: Shutting down and abandoning module TaskGraph (138)
[2017.02.21-14.45.50:872][407]LogModuleManager: Shutting down and abandoning module SlateRemote (137)
[2017.02.21-14.45.50:872][407]LogModuleManager: Shutting down and abandoning module SteamVRController (136)
[2017.02.21-14.45.50:872][407]LogModuleManager: Shutting down and abandoning module SteamVR (135)
[2017.02.21-14.45.50:872][407]LogModuleManager: Shutting down and abandoning module ProceduralMeshComponentEditor (134)
[2017.02.21-14.45.50:872][407]LogModuleManager: Shutting down and abandoning module ProceduralMeshComponent (133)
[2017.02.21-14.45.50:872][407]LogModuleManager: Shutting down and abandoning module OculusLibrary (132)
[2017.02.21-14.45.50:872][407]LogModuleManager: Shutting down and abandoning module OculusInput (131)
[2017.02.21-14.45.50:872][407]LogModuleManager: Shutting down and abandoning module CustomMeshComponent (130)
[2017.02.21-14.45.50:872][407]LogModuleManager: Shutting down and abandoning module CableComponent (129)
[2017.02.21-14.45.50:872][407]LogModuleManager: Shutting down and abandoning module ArchVisCharacter (128)
[2017.02.21-14.45.50:872][407]LogModuleManager: Shutting down and abandoning module MediaPlayerEditor (126)
[2017.02.21-14.45.50:872][407]LogModuleManager: Shutting down and abandoning module HTML5Networking (125)
[2017.02.21-14.45.50:872][407]LogModuleManager: Shutting down and abandoning module GeometryCacheEd (124)
[2017.02.21-14.45.50:872][407]LogModuleManager: Shutting down and abandoning module GeometryCache (123)
[2017.02.21-14.45.50:872][407]LogModuleManager: Shutting down and abandoning module AlembicLibrary (122)
[2017.02.21-14.45.50:872][407]LogModuleManager: Shutting down and abandoning module AlembicImporter (121)
[2017.02.21-14.45.50:872][407]LogModuleManager: Shutting down and abandoning module SuperSearch (120)
[2017.02.21-14.45.50:872][407]LogModuleManager: Shutting down and abandoning module SuperSearchEditor (119)
[2017.02.21-14.45.50:872][407]LogModuleManager: Shutting down and abandoning module SpeedTreeImporter (118)
[2017.02.21-14.45.50:872][407]LogModuleManager: Shutting down and abandoning module PluginBrowser (117)
[2017.02.21-14.45.50:872][407]LogModuleManager: Shutting down and abandoning module MobileLauncherProfileWizard (116)
[2017.02.21-14.45.50:872][407]LogModuleManager: Shutting down and abandoning module EpicSurvey (115)
[2017.02.21-14.45.50:882][407]LogModuleManager: Shutting down and abandoning module DesktopPlatform (114)
[2017.02.21-14.45.50:882][407]LogModuleManager: Shutting down and abandoning module VisualStudioSourceCodeAccess (113)
[2017.02.21-14.45.50:882][407]LogModuleManager: Shutting down and abandoning module UObjectPlugin (112)
[2017.02.21-14.45.50:882][407]LogModuleManager: Shutting down and abandoning module SubversionSourceControl (111)
[2017.02.21-14.45.50:882][407]LogModuleManager: Shutting down and abandoning module PerforceSourceControl (110)
[2017.02.21-14.45.50:882][407]LogModuleManager: Shutting down and abandoning module SourceControl (109)
[2017.02.21-14.45.50:882][407]LogModuleManager: Shutting down and abandoning module GitSourceControl (108)
[2017.02.21-14.45.50:882][407]LogModuleManager: Shutting down and abandoning module LightPropagationVolumeEditor (107)
[2017.02.21-14.45.50:882][407]LogModuleManager: Shutting down and abandoning module PaperTiledImporter (106)
[2017.02.21-14.45.50:882][407]LogModuleManager: Shutting down and abandoning module PaperSpriteSheetImporter (105)
[2017.02.21-14.45.50:882][407]LogModuleManager: Shutting down and abandoning module MeshPaint (104)
[2017.02.21-14.45.50:882][407]LogModuleManager: Shutting down and abandoning module FbxAutomationBuilderModule (103)
[2017.02.21-14.45.50:882][407]LogModuleManager: Shutting down and abandoning module PixelInspectorModule (102)
[2017.02.21-14.45.50:882][407]LogModuleManager: Shutting down and abandoning module HotReload (101)
[2017.02.21-14.45.50:882][407]LogModuleManager: Shutting down and abandoning module MainFrame (100)
[2017.02.21-14.45.50:882][407]LogModuleManager: Shutting down and abandoning module LevelEditor (99)
[2017.02.21-14.45.50:883][407]LogModuleManager: Shutting down and abandoning module ContentBrowser (98)
[2017.02.21-14.45.50:883][407]LogModuleManager: Shutting down and abandoning module Paper2DEditor (97)
[2017.02.21-14.45.50:883][407]LogModuleManager: Shutting down and abandoning module UdpMessaging (96)
[2017.02.21-14.45.50:984][407]LogModuleManager: Shutting down and abandoning module TcpMessaging (95)
[2017.02.21-14.45.50:984][407]LogModuleManager: Shutting down and abandoning module LightPropagationVolumeRuntime (94)
[2017.02.21-14.45.50:984][407]LogModuleManager: Shutting down and abandoning module Paper2D (93)
[2017.02.21-14.45.50:984][407]LogModuleManager: Shutting down and abandoning module WindowsMoviePlayer (92)
[2017.02.21-14.45.50:984][407]LogModuleManager: Shutting down and abandoning module WmfMedia (91)
[2017.02.21-14.45.50:984][407]LogModuleManager: Shutting down and abandoning module MediaAssets (90)
[2017.02.21-14.45.50:984][407]LogModuleManager: Shutting down and abandoning module GameLiveStreaming (89)
[2017.02.21-14.45.50:984][407]LogModuleManager: Shutting down and abandoning module GameplayTagsEditor (88)
[2017.02.21-14.45.50:984][407]LogModuleManager: Shutting down and abandoning module VREditor (87)
[2017.02.21-14.45.50:984][407]LogModuleManager: Shutting down and abandoning module GameplayTasksEditor (86)
[2017.02.21-14.45.50:984][407]LogModuleManager: Shutting down and abandoning module PropertyEditor (85)
[2017.02.21-14.45.50:984][407]LogModuleManager: Shutting down and abandoning module BehaviorTreeEditor (84)
[2017.02.21-14.45.50:984][407]LogModuleManager: Shutting down and abandoning module FunctionalTesting (83)
[2017.02.21-14.45.50:984][407]LogModuleManager: Shutting down and abandoning module CollisionAnalyzer (82)
[2017.02.21-14.45.50:984][407]LogModuleManager: Shutting down and abandoning module Sequencer (81)
[2017.02.21-14.45.50:984][407]LogModuleManager: Shutting down and abandoning module WorkspaceMenuStructure (80)
[2017.02.21-14.45.50:984][407]LogModuleManager: Shutting down and abandoning module MessageLog (79)
[2017.02.21-14.45.50:984][407]LogModuleManager: Shutting down and abandoning module AssetTools (78)
[2017.02.21-14.45.50:984][407]LogModuleManager: Shutting down and abandoning module UMGEditor (77)
[2017.02.21-14.45.50:984][407]LogModuleManager: Shutting down and abandoning module UMG (76)
[2017.02.21-14.45.50:984][407]LogModuleManager: Shutting down and abandoning module SlateReflector (75)
[2017.02.21-14.45.50:984][407]LogModuleManager: Shutting down and abandoning module Slate (74)
[2017.02.21-14.45.50:984][407]LogModuleManager: Shutting down and abandoning module EditorStyle (73)
[2017.02.21-14.45.50:985][407]LogModuleManager: Shutting down and abandoning module SourceCodeAccess (72)
[2017.02.21-14.45.50:985][407]LogModuleManager: Shutting down and abandoning module HeadMountedDisplay (71)
[2017.02.21-14.45.50:985][407]LogModuleManager: Shutting down and abandoning module XAudio2 (70)
[2017.02.21-14.45.50:985][407]LogModuleManager: Shutting down and abandoning module Networking (68)
[2017.02.21-14.45.50:985][407]LogModuleManager: Shutting down and abandoning module Core (67)
[2017.02.21-14.45.50:985][407]LogModuleManager: Shutting down and abandoning module DirectoryWatcher (66)
[2017.02.21-14.45.50:985][407]LogDirectoryWatcher: A directory notification for '../../../Engine/Content/' was aborted.
[2017.02.21-14.45.50:985][407]LogDirectoryWatcher: A directory notification for 'D:/Unreal Projects/Aeon/Aeon/Content/' was aborted.
[2017.02.21-14.45.50:985][407]LogDirectoryWatcher: A directory notification for '../../../Engine/Plugins/2D/Paper2D/Content/' was aborted.
[2017.02.21-14.45.50:986][407]LogModuleManager: Shutting down and abandoning module AssetRegistry (65)
[2017.02.21-14.45.51:117][407]LogModuleManager: Shutting down and abandoning module KismetCompiler (64)
[2017.02.21-14.45.51:117][407]LogModuleManager: Shutting down and abandoning module PhysXFormats (63)
[2017.02.21-14.45.51:117][407]LogModuleManager: Shutting down and abandoning module MeshUtilities (62)
[2017.02.21-14.45.51:117][407]LogModuleManager: Shutting down and abandoning module DerivedDataCache (61)
[2017.02.21-14.45.51:148][407]LogDerivedDataCache: Shutdown
[2017.02.21-14.45.51:148][407]LogModuleManager: Shutting down and abandoning module VulkanShaderFormat (60)
[2017.02.21-14.45.51:148][407]LogModuleManager: Shutting down and abandoning module ShaderFormatOpenGL (59)
[2017.02.21-14.45.51:148][407]LogModuleManager: Shutting down and abandoning module ShaderFormatD3D (58)
[2017.02.21-14.45.51:148][407]LogModuleManager: Shutting down and abandoning module MetalShaderFormat (57)
[2017.02.21-14.45.51:148][407]LogModuleManager: Shutting down and abandoning module TextureFormatUncompressed (56)
[2017.02.21-14.45.51:148][407]LogModuleManager: Shutting down and abandoning module TextureFormatPVR (55)
[2017.02.21-14.45.51:148][407]LogModuleManager: Shutting down and abandoning module TextureFormatDXT (54)
[2017.02.21-14.45.51:148][407]LogModuleManager: Shutting down and abandoning module TextureFormatIntelISPCTexComp (53)
[2017.02.21-14.45.51:148][407]LogModuleManager: Shutting down and abandoning module ImageWrapper (52)
[2017.02.21-14.45.51:148][407]LogModuleManager: Shutting down and abandoning module TextureFormatASTC (51)
[2017.02.21-14.45.51:148][407]LogModuleManager: Shutting down and abandoning module TextureFormatAndroid (50)
[2017.02.21-14.45.51:148][407]LogModuleManager: Shutting down and abandoning module AudioFormatOpus (49)
[2017.02.21-14.45.51:148][407]LogModuleManager: Shutting down and abandoning module AudioFormatOgg (48)
[2017.02.21-14.45.51:148][407]LogModuleManager: Shutting down and abandoning module AudioFormatADPCM (47)
[2017.02.21-14.45.51:148][407]LogModuleManager: Shutting down and abandoning module LinuxTargetPlatform (46)
[2017.02.21-14.45.51:148][407]LogModuleManager: Shutting down and abandoning module LinuxServerTargetPlatform (45)
[2017.02.21-14.45.51:148][407]LogModuleManager: Shutting down and abandoning module LinuxNoEditorTargetPlatform (44)
[2017.02.21-14.45.51:148][407]LogModuleManager: Shutting down and abandoning module LinuxClientTargetPlatform (43)
[2017.02.21-14.45.51:148][407]LogModuleManager: Shutting down and abandoning module TVOSTargetPlatform (42)
[2017.02.21-14.45.51:148][407]LogModuleManager: Shutting down and abandoning module Messaging (41)
[2017.02.21-14.45.51:148][407]LogModuleManager: Shutting down and abandoning module IOSTargetPlatform (40)
[2017.02.21-14.45.51:148][407]LogModuleManager: Shutting down and abandoning module HTML5TargetPlatform (39)
[2017.02.21-14.45.51:148][407]LogModuleManager: Shutting down and abandoning module Android_PVRTCTargetPlatform (38)
[2017.02.21-14.45.51:148][407]LogModuleManager: Shutting down and abandoning module Android_MultiTargetPlatform (37)
[2017.02.21-14.45.51:148][407]LogModuleManager: Shutting down and abandoning module Android_ETC2TargetPlatform (36)
[2017.02.21-14.45.51:148][407]LogModuleManager: Shutting down and abandoning module Android_ETC1TargetPlatform (35)
[2017.02.21-14.45.51:148][407]LogModuleManager: Shutting down and abandoning module Android_DXTTargetPlatform (34)
[2017.02.21-14.45.51:148][407]LogModuleManager: Shutting down and abandoning module Android_ATCTargetPlatform (33)
[2017.02.21-14.45.51:148][407]LogModuleManager: Shutting down and abandoning module Android_ASTCTargetPlatform (32)
[2017.02.21-14.45.51:148][407]LogModuleManager: Shutting down and abandoning module AndroidTargetPlatform (31)
[2017.02.21-14.45.51:148][407]LogModuleManager: Shutting down and abandoning module WindowsTargetPlatform (30)
[2017.02.21-14.45.51:148][407]LogModuleManager: Shutting down and abandoning module WindowsServerTargetPlatform (29)
[2017.02.21-14.45.51:148][407]LogModuleManager: Shutting down and abandoning module WindowsNoEditorTargetPlatform (28)
[2017.02.21-14.45.51:148][407]LogModuleManager: Shutting down and abandoning module WindowsClientTargetPlatform (27)
[2017.02.21-14.45.51:148][407]LogModuleManager: Shutting down and abandoning module AllDesktopTargetPlatform (26)
[2017.02.21-14.45.51:148][407]LogModuleManager: Shutting down and abandoning module TargetPlatform (25)
[2017.02.21-14.45.51:148][407]LogModuleManager: Shutting down and abandoning module InputCore (24)
[2017.02.21-14.45.51:148][407]LogModuleManager: Shutting down and abandoning module Settings (23)
[2017.02.21-14.45.51:148][407]LogModuleManager: Shutting down and abandoning module OculusRift (22)
[2017.02.21-14.45.51:148][407]LogModuleManager: Shutting down and abandoning module GearVR (21)
[2017.02.21-14.45.51:148][407]LogModuleManager: Shutting down and abandoning module ExampleDeviceProfileSelector (20)
[2017.02.21-14.45.51:148][407]LogModuleManager: Shutting down and abandoning module OnlineBlueprintSupport (19)
[2017.02.21-14.45.51:148][407]LogModuleManager: Shutting down and abandoning module OnlineSubsystem (17)
[2017.02.21-14.45.51:148][407]LogOnline:Display: Unloading online subsystem: NULL
[2017.02.21-14.45.51:148][407]LogModuleManager: Shutting down and abandoning module HTTP (16)
[2017.02.21-14.45.51:148][407]LogHttp:Display: Http module shutting down, but needs to wait on 1 outstanding Http requests:
[2017.02.21-14.45.51:148][407]LogHttp:Display: 	verb=[POST] url=[https://datarouter.ol.epicgames.com/datarouter/api/v1/public/data?SessionID=%7B8473C6D4-4A20-7EF5-7C34-93ACB20ECEEB%7D&AppID=UEEditor.Rocket.Release&AppVersion=%2B%2BUE4%2BRelease-4.13-CL-3106830&UserID=1df0b10f4a2c3d22f04dab86eb61d8ba%7C21ec06c067a1450e9d39200616040840%7Cf27dcecb-2c05-40a9-85d0-41c2993f5b0e&AppEnvironment=datacollector-binary&UploadType=eteventstream] status=Processing
[2017.02.21-14.45.51:180][407]LogModuleManager: Shutting down and abandoning module XMPP (15)
[2017.02.21-14.45.51:180][407]LogModuleManager: Shutting down and abandoning module TextureCompressor (14)
[2017.02.21-14.45.51:180][407]LogModuleManager: Shutting down and abandoning module ShaderCore (13)
[2017.02.21-14.45.51:180][407]LogModuleManager: Shutting down and abandoning module Landscape (12)
[2017.02.21-14.45.51:180][407]LogModuleManager: Shutting down and abandoning module SlateRHIRenderer (11)
[2017.02.21-14.45.51:182][407]LogModuleManager: Shutting down and abandoning module OpenGLDrv (10)
[2017.02.21-14.45.51:182][407]LogModuleManager: Shutting down and abandoning module D3D11RHI (9)
[2017.02.21-14.45.51:182][407]LogModuleManager: Shutting down and abandoning module AnimGraphRuntime (8)
[2017.02.21-14.45.51:182][407]LogModuleManager: Shutting down and abandoning module Renderer (7)
[2017.02.21-14.45.51:182][407]LogModuleManager: Shutting down and abandoning module Engine (6)
[2017.02.21-14.45.51:182][407]LogModuleManager: Shutting down and abandoning module CoreUObject (5)
[2017.02.21-14.45.51:182][407]LogModuleManager: Shutting down and abandoning module NetworkFile (4)
[2017.02.21-14.45.51:182][407]LogModuleManager: Shutting down and abandoning module StreamingFile (3)
[2017.02.21-14.45.51:182][407]LogModuleManager: Shutting down and abandoning module SandboxFile (2)
[2017.02.21-14.45.51:182][407]LogModuleManager: Shutting down and abandoning module PakFile (1)
[2017.02.21-14.45.51:183][407]LogExit: Exiting.
[2017.02.21-14.45.51:184][407]Log file closed, 02/21/17 14:45:51
