Log file open, 02/21/17 14:54:53
LogInit:Display: Running engine for game: Aeon
LogPlatformFile: Not using cached read wrapper
LogInit:Display: RandInit(1606550278) SRandInit(1606550278).
LogTaskGraph: Started task graph with 5 named threads and 8 total threads with 1 sets of task threads.
LogStats: Stats thread started at 0.062138
LogPluginManager: Loaded Plugin Paper2D, From E:/Program Files (x86)/Epic Games/4.13/Engine/Plugins/2D/Paper2D/Paper2D.uplugin
LogPluginManager: Loaded Plugin LightPropagationVolume, From E:/Program Files (x86)/Epic Games/4.13/Engine/Plugins/Blendables/LightPropagationVolume/LightPropagationVolume.uplugin
LogPluginManager: Loaded Plugin BlankPlugin, From E:/Program Files (x86)/Epic Games/4.13/Engine/Plugins/Developer/BlankPlugin/BlankPlugin.uplugin
LogPluginManager: Loaded Plugin CodeLiteSourceCodeAccess, From E:/Program Files (x86)/Epic Games/4.13/Engine/Plugins/Developer/CodeLiteSourceCodeAccess/CodeLiteSourceCodeAccess.uplugin
LogPluginManager: Loaded Plugin GitSourceControl, From E:/Program Files (x86)/Epic Games/4.13/Engine/Plugins/Developer/GitSourceControl/GitSourceControl.uplugin
LogPluginManager: Loaded Plugin KDevelopSourceCodeAccess, From E:/Program Files (x86)/Epic Games/4.13/Engine/Plugins/Developer/KDevelopSourceCodeAccess/KDevelopSourceCodeAccess.uplugin
LogPluginManager: Loaded Plugin NullSourceCodeAccess, From E:/Program Files (x86)/Epic Games/4.13/Engine/Plugins/Developer/NullSourceCodeAccess/NullSourceCodeAccess.uplugin
LogPluginManager: Loaded Plugin OneSkyLocalizationService, From E:/Program Files (x86)/Epic Games/4.13/Engine/Plugins/Developer/OneSkyLocalizationService/OneSkyLocalizationService.uplugin
LogPluginManager: Loaded Plugin PerforceSourceControl, From E:/Program Files (x86)/Epic Games/4.13/Engine/Plugins/Developer/PerforceSourceControl/PerforceSourceControl.uplugin
LogPluginManager: Loaded Plugin SubversionSourceControl, From E:/Program Files (x86)/Epic Games/4.13/Engine/Plugins/Developer/SubversionSourceControl/SubversionSourceControl.uplugin
LogPluginManager: Loaded Plugin UObjectPlugin, From E:/Program Files (x86)/Epic Games/4.13/Engine/Plugins/Developer/UObjectPlugin/UObjectPlugin.uplugin
LogPluginManager: Loaded Plugin VisualStudioSourceCodeAccess, From E:/Program Files (x86)/Epic Games/4.13/Engine/Plugins/Developer/VisualStudioSourceCodeAccess/VisualStudioSourceCodeAccess.uplugin
LogPluginManager: Loaded Plugin XCodeSourceCodeAccess, From E:/Program Files (x86)/Epic Games/4.13/Engine/Plugins/Developer/XCodeSourceCodeAccess/XCodeSourceCodeAccess.uplugin
LogPluginManager: Loaded Plugin EpicSurvey, From E:/Program Files (x86)/Epic Games/4.13/Engine/Plugins/Editor/EpicSurvey/EpicSurvey.uplugin
LogPluginManager: Loaded Plugin MacGraphicsSwitching, From E:/Program Files (x86)/Epic Games/4.13/Engine/Plugins/Editor/MacGraphicsSwitching/MacGraphicsSwitching.uplugin
LogPluginManager: Loaded Plugin MobileLauncherProfileWizard, From E:/Program Files (x86)/Epic Games/4.13/Engine/Plugins/Editor/MobileLauncherProfileWizard/MobileLauncherProfileWizard.uplugin
LogPluginManager: Loaded Plugin PluginBrowser, From E:/Program Files (x86)/Epic Games/4.13/Engine/Plugins/Editor/PluginBrowser/PluginBrowser.uplugin
LogPluginManager: Loaded Plugin SpeedTreeImporter, From E:/Program Files (x86)/Epic Games/4.13/Engine/Plugins/Editor/SpeedTreeImporter/SpeedTreeImporter.uplugin
LogPluginManager: Loaded Plugin SuperSearchEditor, From E:/Program Files (x86)/Epic Games/4.13/Engine/Plugins/Editor/SuperSearchEditor/SuperSearchEditor.uplugin
LogPluginManager: Loaded Plugin AlembicImporter, From E:/Program Files (x86)/Epic Games/4.13/Engine/Plugins/Experimental/AlembicImporter/AlembicImporter.uplugin
LogPluginManager: Loaded Plugin BlueprintStats, From E:/Program Files (x86)/Epic Games/4.13/Engine/Plugins/Experimental/BlueprintStats/BlueprintStats.uplugin
LogPluginManager: Loaded Plugin CharacterAI, From E:/Program Files (x86)/Epic Games/4.13/Engine/Plugins/Experimental/CharacterAI/CharacterAI.uplugin
LogPluginManager: Loaded Plugin CodeEditor, From E:/Program Files (x86)/Epic Games/4.13/Engine/Plugins/Experimental/CodeEditor/CodeEditor.uplugin
LogPluginManager: Loaded Plugin CodeView, From E:/Program Files (x86)/Epic Games/4.13/Engine/Plugins/Experimental/CodeView/CodeView.uplugin
LogPluginManager: Loaded Plugin HTML5Networking, From E:/Program Files (x86)/Epic Games/4.13/Engine/Plugins/Experimental/HTML5Networking/HTML5Networking.uplugin
LogPluginManager: Loaded Plugin LiveEditor, From E:/Program Files (x86)/Epic Games/4.13/Engine/Plugins/Experimental/LiveEditor/LiveEditor.uplugin
LogPluginManager: Loaded Plugin OSVR, From E:/Program Files (x86)/Epic Games/4.13/Engine/Plugins/Experimental/OSVR/OSVR.uplugin
LogPluginManager: Loaded Plugin Phya, From E:/Program Files (x86)/Epic Games/4.13/Engine/Plugins/Experimental/Phya/Phya.uplugin
LogPluginManager: Loaded Plugin SignificanceManager, From E:/Program Files (x86)/Epic Games/4.13/Engine/Plugins/Experimental/SignificanceManager/SignificanceManager.uplugin
LogPluginManager: Loaded Plugin SimpleHMD, From E:/Program Files (x86)/Epic Games/4.13/Engine/Plugins/Experimental/SimpleHMD/SimpleHMD.uplugin
LogPluginManager: Loaded Plugin StereoPanorama, From E:/Program Files (x86)/Epic Games/4.13/Engine/Plugins/Experimental/StereoPanorama/StereoPanorama.uplugin
LogPluginManager: Loaded Plugin StructBox, From E:/Program Files (x86)/Epic Games/4.13/Engine/Plugins/Experimental/StructBox/StructBox.uplugin
LogPluginManager: Loaded Plugin AndroidMedia, From E:/Program Files (x86)/Epic Games/4.13/Engine/Plugins/Media/AndroidMedia/AndroidMedia.uplugin
LogPluginManager: Loaded Plugin AvfMedia, From E:/Program Files (x86)/Epic Games/4.13/Engine/Plugins/Media/AvfMedia/AvfMedia.uplugin
LogPluginManager: Loaded Plugin MediaPlayerEditor, From E:/Program Files (x86)/Epic Games/4.13/Engine/Plugins/Media/MediaPlayerEditor/MediaPlayerEditor.uplugin
LogPluginManager: Loaded Plugin WmfMedia, From E:/Program Files (x86)/Epic Games/4.13/Engine/Plugins/Media/WmfMedia/WmfMedia.uplugin
LogPluginManager: Loaded Plugin MessagingDebugger, From E:/Program Files (x86)/Epic Games/4.13/Engine/Plugins/Messaging/MessagingDebugger/MessagingDebugger.uplugin
LogPluginManager: Loaded Plugin TcpMessaging, From E:/Program Files (x86)/Epic Games/4.13/Engine/Plugins/Messaging/TcpMessaging/TcpMessaging.uplugin
LogPluginManager: Loaded Plugin UdpMessaging, From E:/Program Files (x86)/Epic Games/4.13/Engine/Plugins/Messaging/UdpMessaging/UdpMessaging.uplugin
LogPluginManager: Loaded Plugin LevelSequenceEditor, From E:/Program Files (x86)/Epic Games/4.13/Engine/Plugins/MovieScene/LevelSequenceEditor/LevelSequenceEditor.uplugin
LogPluginManager: Loaded Plugin MatineeToLevelSequence, From E:/Program Files (x86)/Epic Games/4.13/Engine/Plugins/MovieScene/MatineeToLevelSequence/MatineeToLevelSequence.uplugin
LogPluginManager: Loaded Plugin NetcodeUnitTest, From E:/Program Files (x86)/Epic Games/4.13/Engine/Plugins/NetcodeUnitTest/NetcodeUnitTest/NetcodeUnitTest.uplugin
LogPluginManager: Loaded Plugin NUTUnrealEngine4, From E:/Program Files (x86)/Epic Games/4.13/Engine/Plugins/NetcodeUnitTest/NUTUnrealEngine4/NUTUnrealEngine4.uplugin
LogPluginManager: Loaded Plugin OnlineSubsystemGooglePlay, From E:/Program Files (x86)/Epic Games/4.13/Engine/Plugins/Online/Android/OnlineSubsystemGooglePlay/OnlineSubsystemGooglePlay.uplugin
LogPluginManager: Loaded Plugin OnlineSubsystemIOS, From E:/Program Files (x86)/Epic Games/4.13/Engine/Plugins/Online/IOS/OnlineSubsystemIOS/OnlineSubsystemIOS.uplugin
LogPluginManager: Loaded Plugin OnlineFramework, From E:/Program Files (x86)/Epic Games/4.13/Engine/Plugins/Online/OnlineFramework/OnlineFramework.uplugin
LogPluginManager: Loaded Plugin OnlineSubsystem, From E:/Program Files (x86)/Epic Games/4.13/Engine/Plugins/Online/OnlineSubsystem/OnlineSubsystem.uplugin
LogPluginManager: Loaded Plugin OnlineSubsystemAmazon, From E:/Program Files (x86)/Epic Games/4.13/Engine/Plugins/Online/OnlineSubsystemAmazon/OnlineSubsystemAmazon.uplugin
LogPluginManager: Loaded Plugin OnlineSubsystemFacebook, From E:/Program Files (x86)/Epic Games/4.13/Engine/Plugins/Online/OnlineSubsystemFacebook/OnlineSubsystemFacebook.uplugin
LogPluginManager: Loaded Plugin OnlineSubsystemNull, From E:/Program Files (x86)/Epic Games/4.13/Engine/Plugins/Online/OnlineSubsystemNull/OnlineSubsystemNull.uplugin
LogPluginManager: Loaded Plugin OnlineSubsystemOculus, From E:/Program Files (x86)/Epic Games/4.13/Engine/Plugins/Online/OnlineSubsystemOculus/OnlineSubsystemOculus.uplugin
LogPluginManager: Loaded Plugin OnlineSubsystemSteam, From E:/Program Files (x86)/Epic Games/4.13/Engine/Plugins/Online/OnlineSubsystemSteam/OnlineSubsystemSteam.uplugin
LogPluginManager: Loaded Plugin OnlineSubsystemUtils, From E:/Program Files (x86)/Epic Games/4.13/Engine/Plugins/Online/OnlineSubsystemUtils/OnlineSubsystemUtils.uplugin
LogPluginManager: Loaded Plugin IOSTapJoy, From E:/Program Files (x86)/Epic Games/4.13/Engine/Plugins/Runtime/Advertising/IOSTapJoy/IOSTapJoy.uplugin
LogPluginManager: Loaded Plugin AnalyticsBlueprintLibrary, From E:/Program Files (x86)/Epic Games/4.13/Engine/Plugins/Runtime/Analytics/AnalyticsBlueprintLibrary/AnalyticsBlueprintLibrary.uplugin
LogPluginManager: Loaded Plugin AnalyticsMulticast, From E:/Program Files (x86)/Epic Games/4.13/Engine/Plugins/Runtime/Analytics/AnalyticsMulticast/AnalyticsMulticast.uplugin
LogPluginManager: Loaded Plugin Apsalar, From E:/Program Files (x86)/Epic Games/4.13/Engine/Plugins/Runtime/Analytics/Apsalar/Apsalar.uplugin
LogPluginManager: Loaded Plugin FileLogging, From E:/Program Files (x86)/Epic Games/4.13/Engine/Plugins/Runtime/Analytics/FileLogging/FileLogging.uplugin
LogPluginManager: Loaded Plugin Flurry, From E:/Program Files (x86)/Epic Games/4.13/Engine/Plugins/Runtime/Analytics/Flurry/Flurry.uplugin
LogPluginManager: Loaded Plugin AndroidDeviceProfileSelector, From E:/Program Files (x86)/Epic Games/4.13/Engine/Plugins/Runtime/AndroidDeviceProfileSelector/AndroidDeviceProfileSelector.uplugin
LogPluginManager: Loaded Plugin AndroidMoviePlayer, From E:/Program Files (x86)/Epic Games/4.13/Engine/Plugins/Runtime/AndroidMoviePlayer/AndroidMoviePlayer.uplugin
LogPluginManager: Loaded Plugin AppleMoviePlayer, From E:/Program Files (x86)/Epic Games/4.13/Engine/Plugins/Runtime/AppleMoviePlayer/AppleMoviePlayer.uplugin
LogPluginManager: Loaded Plugin ArchVisCharacter, From E:/Program Files (x86)/Epic Games/4.13/Engine/Plugins/Runtime/ArchVisCharacter/ArchVisCharacter.uplugin
LogPluginManager: Loaded Plugin CableComponent, From E:/Program Files (x86)/Epic Games/4.13/Engine/Plugins/Runtime/CableComponent/CableComponent.uplugin
LogPluginManager: Loaded Plugin CustomMeshComponent, From E:/Program Files (x86)/Epic Games/4.13/Engine/Plugins/Runtime/CustomMeshComponent/CustomMeshComponent.uplugin
LogPluginManager: Loaded Plugin ExampleDeviceProfileSelector, From E:/Program Files (x86)/Epic Games/4.13/Engine/Plugins/Runtime/ExampleDeviceProfileSelector/ExampleDeviceProfileSelector.uplugin
LogPluginManager: Loaded Plugin GearVR, From E:/Program Files (x86)/Epic Games/4.13/Engine/Plugins/Runtime/GearVR/GearVR.uplugin
LogPluginManager: Loaded Plugin GoogleVRController, From E:/Program Files (x86)/Epic Games/4.13/Engine/Plugins/Runtime/GoogleVR/GoogleVRController/GoogleVRController.uplugin
LogPluginManager: Loaded Plugin GoogleVRHMD, From E:/Program Files (x86)/Epic Games/4.13/Engine/Plugins/Runtime/GoogleVR/GoogleVRHMD/GoogleVRHMD.uplugin
LogPluginManager: Loaded Plugin IOSDeviceProfileSelector, From E:/Program Files (x86)/Epic Games/4.13/Engine/Plugins/Runtime/IOSDeviceProfileSelector/IOSDeviceProfileSelector.uplugin
LogPluginManager: Loaded Plugin LeapMotion, From E:/Program Files (x86)/Epic Games/4.13/Engine/Plugins/Runtime/LeapMotion/LeapMotion.uplugin
LogPluginManager: Loaded Plugin LinuxDeviceProfileSelector, From E:/Program Files (x86)/Epic Games/4.13/Engine/Plugins/Runtime/LinuxDeviceProfileSelector/LinuxDeviceProfileSelector.uplugin
LogPluginManager: Loaded Plugin LiveEditorListenServer, From E:/Program Files (x86)/Epic Games/4.13/Engine/Plugins/Runtime/LiveEditorListenServer/LiveEditorListenServer.uplugin
LogPluginManager: Loaded Plugin OculusAudio, From E:/Program Files (x86)/Epic Games/4.13/Engine/Plugins/Runtime/OculusAudio/OculusAudio.uplugin
LogPluginManager: Loaded Plugin OculusInput, From E:/Program Files (x86)/Epic Games/4.13/Engine/Plugins/Runtime/OculusInput/OculusInput.uplugin
LogPluginManager: Loaded Plugin OculusLibrary, From E:/Program Files (x86)/Epic Games/4.13/Engine/Plugins/Runtime/OculusLibrary/OculusLibrary.uplugin
LogPluginManager: Loaded Plugin OculusRift, From E:/Program Files (x86)/Epic Games/4.13/Engine/Plugins/Runtime/OculusRift/OculusRift.uplugin
LogPluginManager: Loaded Plugin Oodle, From E:/Program Files (x86)/Epic Games/4.13/Engine/Plugins/Runtime/PacketHandlers/CompressionComponents/Oodle/Oodle.uplugin
LogPluginManager: Loaded Plugin ProceduralMeshComponent, From E:/Program Files (x86)/Epic Games/4.13/Engine/Plugins/Runtime/ProceduralMeshComponent/ProceduralMeshComponent.uplugin
LogPluginManager: Loaded Plugin SoundMod, From E:/Program Files (x86)/Epic Games/4.13/Engine/Plugins/Runtime/SoundMod/SoundMod.uplugin
LogPluginManager: Loaded Plugin SoundVisualizations, From E:/Program Files (x86)/Epic Games/4.13/Engine/Plugins/Runtime/SoundVisualizations/SoundVisualizations.uplugin
LogPluginManager: Loaded Plugin SteamController, From E:/Program Files (x86)/Epic Games/4.13/Engine/Plugins/Runtime/Steam/SteamController/SteamController.uplugin
LogPluginManager: Loaded Plugin SteamVR, From E:/Program Files (x86)/Epic Games/4.13/Engine/Plugins/Runtime/Steam/SteamVR/SteamVR.uplugin
LogPluginManager: Loaded Plugin WebBrowserWidget, From E:/Program Files (x86)/Epic Games/4.13/Engine/Plugins/Runtime/WebBrowserWidget/WebBrowserWidget.uplugin
LogPluginManager: Loaded Plugin WindowsDeviceProfileSelector, From E:/Program Files (x86)/Epic Games/4.13/Engine/Plugins/Runtime/WindowsDeviceProfileSelector/WindowsDeviceProfileSelector.uplugin
LogPluginManager: Loaded Plugin WindowsMoviePlayer, From E:/Program Files (x86)/Epic Games/4.13/Engine/Plugins/Runtime/WindowsMoviePlayer/WindowsMoviePlayer.uplugin
LogPluginManager: Loaded Plugin ScriptPlugin, From E:/Program Files (x86)/Epic Games/4.13/Engine/Plugins/ScriptPlugin/ScriptPlugin.uplugin
LogPluginManager: Loaded Plugin SlateRemote, From E:/Program Files (x86)/Epic Games/4.13/Engine/Plugins/Slate/SlateRemote/SlateRemote.uplugin
LogInit: Using libcurl 7.47.1
LogInit:  - built for x86_64-pc-win32
LogInit:  - supports SSL with WinSSL
LogInit:  - other features:
LogInit:      CURL_VERSION_SSL
LogInit:      CURL_VERSION_IPV6
LogInit:      CURL_VERSION_ASYNCHDNS
LogInit:      CURL_VERSION_LARGEFILE
LogInit:      CURL_VERSION_IDN
LogInit:  CurlRequestOptions (configurable via config and command line):
LogInit:  - bVerifyPeer = false  - Libcurl will NOT verify peer certificate
LogInit:  - bUseHttpProxy = false  - Libcurl will NOT use HTTP proxy
LogInit:  - bDontReuseConnections = false  - Libcurl will reuse connections
LogInit:  - CertBundlePath = nullptr  - Libcurl will use whatever was configured at build time.
LogInit: Build: ++UE4+Release-4.13-CL-3106830
LogInit: Engine Version: 4.13.0-3106830+++UE4+Release-4.13
LogInit: Compatible Engine Version: 4.13.0-3106830+++UE4+Release-4.13
LogInit: Net CL: 3106830
LogDevObjectVersion: Number of dev versions registered: 13
LogDevObjectVersion:   Dev-Blueprints (B0D832E4-1F89-4F0D-ACCF-7EB736FD4AA2): 5
LogDevObjectVersion:   Dev-Build (E1C64328-A22C-4D53-A36C-8E866417BD8C): 0
LogDevObjectVersion:   Dev-Core (375EC13C-06E4-48FB-B500-84F0262A717E): 1
LogDevObjectVersion:   Dev-Editor (E4B068ED-F494-42E9-A231-DA0B2E46BB41): 6
LogDevObjectVersion:   Dev-Framework (CFFC743F-43B0-4480-9391-14DF171D2073): 12
LogDevObjectVersion:   Dev-Mobile (B02B49B5-BB20-44E9-A304-32B752E40360): 0
LogDevObjectVersion:   Dev-Networking (A4E4105C-59A1-49B5-A7C5-40C4547EDFEE): 0
LogDevObjectVersion:   Dev-Online (39C831C9-5AE6-47DC-9A44-9C173E1C8E7C): 0
LogDevObjectVersion:   Dev-Physics (78F01B33-EBEA-4F98-B9B4-84EACCB95AA2): 0
LogDevObjectVersion:   Dev-Platform (6631380F-2D4D-43E0-8009-CF276956A95A): 0
LogDevObjectVersion:   Dev-Rendering (12F88B9F-8875-4AFC-A67C-D90C383ABD29): 4
LogDevObjectVersion:   Dev-Sequencer (7B5AE74C-D270-4C10-A958-57980B212A5A): 0
LogDevObjectVersion:   Dev-VR (D7296918-1DD6-4BDD-9DE2-64A83CC13884): 0
LogInit: Compiled (64-bit): Aug 30 2016 18:11:39
LogInit: Compiled with Visual C++: 19.00.23026.00
LogInit: Build Configuration: Development
LogInit: Branch Name: ++UE4+Release-4.13
LogInit: Command line:  
LogInit: Base directory: E:/Program Files (x86)/Epic Games/4.13/Engine/Binaries/Win64/
LogInit: Installed Engine Build: 1
LogInit: Presizing for max 8388607 objects, including 0 objects not considered by GC, pre-allocating 0 bytes for permanent pool.
LogInit: Object subsystem initialized
[2017.02.21-14.54.53:590][  0]LogInit: Selected Device Profile: [Windows]
[2017.02.21-14.54.53:590][  0]LogInit: Applying CVar settings loaded from the selected device profile: [Windows]
[2017.02.21-14.54.53:598][  0]LogInit: Computer: MONOLITH
[2017.02.21-14.54.53:598][  0]LogInit: User: Davis
[2017.02.21-14.54.53:598][  0]LogInit: CPU Page size=65536, Cores=4
[2017.02.21-14.54.53:598][  0]LogInit: High frequency timer resolution =3.417968 MHz
[2017.02.21-14.54.53:598][  0]LogMemory: Memory total: Physical=15.9GB (16GB approx)
[2017.02.21-14.54.53:598][  0]LogMemory: Platform Memory Stats for Windows
[2017.02.21-14.54.53:598][  0]LogMemory: Process Physical Memory: 253.53 MB used, 253.53 MB peak
[2017.02.21-14.54.53:598][  0]LogMemory: Process Virtual Memory: 259.70 MB used, 259.70 MB peak
[2017.02.21-14.54.53:598][  0]LogMemory: Physical Memory: 7507.33 MB used, 16261.19 MB total
[2017.02.21-14.54.53:598][  0]LogMemory: Virtual Memory: 604.34 MB used, 134217728.00 MB total
[2017.02.21-14.54.53:622][  0]LogTextLocalizationManager: No specific translations for ('en-US') exist, so ('en') translations will be used.
[2017.02.21-14.54.54:024][  0]LogD3D11RHI: D3D11 adapters:
[2017.02.21-14.54.54:445][  0]LogD3D11RHI:    0. 'NVIDIA GeForce GTX 960' (Feature Level 11_0)
[2017.02.21-14.54.54:445][  0]LogD3D11RHI:       3979/0/8130 MB DedicatedVideo/DedicatedSystem/SharedSystem, Outputs:1, VendorId:0x10de
[2017.02.21-14.54.54:450][  0]LogD3D11RHI:    1. 'Intel(R) HD Graphics 4600' (Feature Level 11_0)
[2017.02.21-14.54.54:450][  0]LogD3D11RHI:       160/0/1760 MB DedicatedVideo/DedicatedSystem/SharedSystem, Outputs:1, VendorId:0x8086
[2017.02.21-14.54.54:450][  0]LogD3D11RHI:    2. 'Microsoft Basic Render Driver' (Feature Level 11_0)
[2017.02.21-14.54.54:450][  0]LogD3D11RHI:       0/0/256 MB DedicatedVideo/DedicatedSystem/SharedSystem, Outputs:0, VendorId:0x1414
[2017.02.21-14.54.54:450][  0]LogD3D11RHI: Chosen D3D11 Adapter: 0
[2017.02.21-14.54.54:454][  0]LogD3D11RHI: Creating new Direct3DDevice
[2017.02.21-14.54.54:454][  0]LogD3D11RHI:     GPU DeviceId: 0x1401 (for the marketing name, search the web for "GPU Device Id")
[2017.02.21-14.54.54:454][  0]LogWindows: EnumDisplayDevices:
[2017.02.21-14.54.54:454][  0]LogWindows:    0. 'NVIDIA GeForce GTX 960' (P:1 D:1)
[2017.02.21-14.54.54:454][  0]LogWindows:    1. 'NVIDIA GeForce GTX 960' (P:0 D:0)
[2017.02.21-14.54.54:454][  0]LogWindows:    2. 'NVIDIA GeForce GTX 960' (P:0 D:0)
[2017.02.21-14.54.54:454][  0]LogWindows:    3. 'NVIDIA GeForce GTX 960' (P:0 D:0)
[2017.02.21-14.54.54:454][  0]LogWindows:    4. 'Intel(R) HD Graphics 4600' (P:0 D:1)
[2017.02.21-14.54.54:454][  0]LogWindows:    5. 'Intel(R) HD Graphics 4600' (P:0 D:0)
[2017.02.21-14.54.54:455][  0]LogWindows:    6. 'Intel(R) HD Graphics 4600' (P:0 D:0)
[2017.02.21-14.54.54:455][  0]LogWindows: DebugString: PrimaryIsNotTheChoosenAdapter PrimaryIsNotTheChoosenAdapter PrimaryIsNotTheChoosenAdapter FoundDriverCount:4 
[2017.02.21-14.54.54:455][  0]LogD3D11RHI:     Adapter Name: NVIDIA GeForce GTX 960
[2017.02.21-14.54.54:455][  0]LogD3D11RHI:   Driver Version: 378.49 (internal:21.21.13.7849, unified:378.49)
[2017.02.21-14.54.54:455][  0]LogD3D11RHI:      Driver Date: 1-20-2017
[2017.02.21-14.54.54:455][  0]LogRHI: Texture pool is 1361 MB (70% of 1945 MB)
[2017.02.21-14.54.54:878][  0]LogD3D11RHI: Async texture creation enabled
[2017.02.21-14.54.54:906][  0]LogD3D11RHI: GPU Timing Frequency: 1000.000000 (Debug: 2 2)
[2017.02.21-14.54.54:906][  0]LogShaderCompilers: Guid format shader working directory is 17 characters bigger than the processId version (D:/Unreal Projects/Aeon/Aeon/Intermediate/Shaders/WorkingDirectory/10360/).
[2017.02.21-14.54.54:906][  0]LogShaderCompilers: Cleaned the shader compiler working directory 'C:/Users/Davis/AppData/Local/Temp/UnrealShaderWorkingDir/26986E5D4E799CFA5BC3C78BA785ABDB/'.
[2017.02.21-14.54.54:906][  0]LogShaderCompilers:Display: Using Local Shader Compiler.
[2017.02.21-14.54.55:716][  0]LogTemp:Display: Loaded TP AllDesktopTargetPlatform
[2017.02.21-14.54.55:722][  0]LogTemp:Display: Loaded TP WindowsClientTargetPlatform
[2017.02.21-14.54.55:727][  0]LogTemp:Display: Loaded TP WindowsNoEditorTargetPlatform
[2017.02.21-14.54.55:732][  0]LogTemp:Display: Loaded TP WindowsServerTargetPlatform
[2017.02.21-14.54.55:737][  0]LogTemp:Display: Loaded TP WindowsTargetPlatform
[2017.02.21-14.54.55:742][  0]LogTemp:Display: Loaded TP AndroidTargetPlatform
[2017.02.21-14.54.55:746][  0]LogTemp:Display: Loaded TP Android_ASTCTargetPlatform
[2017.02.21-14.54.55:751][  0]LogTemp:Display: Loaded TP Android_ATCTargetPlatform
[2017.02.21-14.54.55:755][  0]LogTemp:Display: Loaded TP Android_DXTTargetPlatform
[2017.02.21-14.54.55:760][  0]LogTemp:Display: Loaded TP Android_ETC1TargetPlatform
[2017.02.21-14.54.55:764][  0]LogTemp:Display: Loaded TP Android_ETC2TargetPlatform
[2017.02.21-14.54.55:773][  0]LogTemp:Display: Loaded TP Android_MultiTargetPlatform
[2017.02.21-14.54.55:773][  0]LogTemp:Display: Loaded TP Android_PVRTCTargetPlatform
[2017.02.21-14.54.55:774][  0]LogTemp:Display: Loaded TP HTML5TargetPlatform
[2017.02.21-14.54.55:791][  0]LogTemp:Display: Loaded TP IOSTargetPlatform
[2017.02.21-14.54.55:795][  0]LogTemp:Display: Loaded TP TVOSTargetPlatform
[2017.02.21-14.54.55:799][  0]LogTemp:Display: Loaded TP LinuxClientTargetPlatform
[2017.02.21-14.54.55:804][  0]LogTemp:Display: Loaded TP LinuxNoEditorTargetPlatform
[2017.02.21-14.54.55:808][  0]LogTemp:Display: Loaded TP LinuxServerTargetPlatform
[2017.02.21-14.54.55:813][  0]LogTemp:Display: Loaded TP LinuxTargetPlatform
[2017.02.21-14.54.55:813][  0]LogTargetPlatformManager:Display: Building Assets For Windows
[2017.02.21-14.54.55:851][  0]LogDerivedDataCache:Display: Max Cache Size: 512 MB
[2017.02.21-14.54.55:909][  0]LogDerivedDataCache: Loaded boot cache 0.06s 62MB C:/Users/Davis/AppData/Local/UnrealEngine/4.13/DerivedDataCache/Boot.ddc.
[2017.02.21-14.54.55:909][  0]LogDerivedDataCache:Display: Loaded Boot cache: C:/Users/Davis/AppData/Local/UnrealEngine/4.13/DerivedDataCache/Boot.ddc
[2017.02.21-14.54.55:909][  0]LogDerivedDataCache: FDerivedDataBackendGraph:  Pak pak cache file D:/Unreal Projects/Aeon/Aeon/DerivedDataCache/DDC.ddp not found, will not use a pak cache.
[2017.02.21-14.54.55:909][  0]LogDerivedDataCache: Unable to find inner node Pak for hierarchical cache Hierarchy.
[2017.02.21-14.54.55:909][  0]LogDerivedDataCache: FDerivedDataBackendGraph:  CompressedPak pak cache file D:/Unreal Projects/Aeon/Aeon/DerivedDataCache/Compressed.ddp not found, will not use a pak cache.
[2017.02.21-14.54.55:909][  0]LogDerivedDataCache: Unable to find inner node CompressedPak for hierarchical cache Hierarchy.
[2017.02.21-14.54.55:922][  0]LogDerivedDataCache:Display: Pak cache opened for reading ../../../Engine/DerivedDataCache/Compressed.ddp.
[2017.02.21-14.54.55:934][  0]LogDerivedDataCache: Using Local data cache path C:/Users/Davis/AppData/Local/UnrealEngine/Common/DerivedDataCache: Writable
[2017.02.21-14.54.56:067][  0]LogInit: Selected Device Profile: [Windows]
[2017.02.21-14.54.56:068][  0]LogContentStreaming: Texture pool size is 0.00 MB
[2017.02.21-14.54.56:130][  0]LogMeshUtilities: No automatic mesh reduction module available
[2017.02.21-14.54.56:130][  0]LogMeshUtilities: No automatic mesh merging module available
[2017.02.21-14.54.56:130][  0]LogMeshUtilities: No distributed automatic mesh merging module available
[2017.02.21-14.54.56:172][  0]LogMaterial: Uniform references updated for custom material expression Custom.
[2017.02.21-14.54.56:387][  0]LogNetVersion: GetLocalNetworkVersion: CL: 3106830, ProjectName: aeon, ProjectVersion: , EngineNetworkVersion: 1, GameNetworkVersion: 0, NetworkChecksum: 1973513244
[2017.02.21-14.54.56:419][  0]LogAssetRegistry: FAssetRegistry took 0.0216 seconds to start up
[2017.02.21-14.54.56:436][  0]LogPackageLocalizationCache: Processed 3 localized package path(s) for 2 prioritized culture(s) in 0.016388 seconds
[2017.02.21-14.54.56:440][  0]LogUObjectArray: 29777 objects as part of root set at end of initial load.
[2017.02.21-14.54.56:440][  0]LogUObjectAllocator: 6124696 out of 0 bytes used by permanent object pool.
[2017.02.21-14.54.56:440][  0]LogUObjectArray: CloseDisregardForGC: 0/0 objects in disregard for GC pool
[2017.02.21-14.54.56:443][  0]LogInit: WinSock: version 1.1 (2.2), MaxSocks=32767, MaxUdp=65467
[2017.02.21-14.54.56:570][  0]LogSlate: SlateFontCache - WITH_FREETYPE: 1, WITH_HARFBUZZ: 1
[2017.02.21-14.54.56:570][  0]LogSlate: SlateFontCache - WITH_FREETYPE: 1, WITH_HARFBUZZ: 1
[2017.02.21-14.54.57:005][  0]LogUdpMessaging: Initializing bridge on interface 0.0.0.0:0 to multicast group 230.0.0.1:6666.
[2017.02.21-14.54.57:177][  0]SourceControl: Info Source control is disabled
[2017.02.21-14.54.57:208][  0]SourceControl: Info Source control is disabled
[2017.02.21-14.54.57:212][  0]SourceControl: Info Source control is disabled
[2017.02.21-14.54.57:216][  0]SourceControl: Info Source control is disabled
[2017.02.21-14.54.57:367][  0]LogEngine: Initializing Engine...
[2017.02.21-14.54.57:368][  0]LogHMD: Failed to initialize OpenVR with code 100
[2017.02.21-14.54.57:460][  0]LogAIModule: Creating AISystem for world Untitled
[2017.02.21-14.54.57:470][  0]LogInit: XAudio2 using 'Speakers (High Definition Audio Device)' : 2 channels at 48 kHz using 16 bits per sample (channel mask 0x3)
[2017.02.21-14.54.57:476][  0]LogInit: FAudioDevice initialized.
[2017.02.21-14.54.57:500][  0]LogDerivedDataCache: Saved boot cache 0.02s 62MB C:/Users/Davis/AppData/Local/UnrealEngine/4.13/DerivedDataCache/Boot.ddc.
[2017.02.21-14.54.57:506][  0]LogInit: Texture streaming: Enabled
[2017.02.21-14.54.57:521][  0]LogInit: Transaction tracking system initialized
[2017.02.21-14.54.57:531][  0]BlueprintLog: New page: Editor Load
[2017.02.21-14.54.57:568][  0]LocalizationService: Info Localization service is disabled
[2017.02.21-14.54.57:616][  0]LogConsoleResponse:Display: 
[2017.02.21-14.54.57:684][  0]LogCook:Display: Max memory allowance for cook 16384mb min free memory 0mb
[2017.02.21-14.54.57:684][  0]LogCook:Display: Mobile HDR setting 1
[2017.02.21-14.54.57:762][  0]LogFileCache: Scanning file cache for directory 'D:/Unreal Projects/Aeon/Aeon/Content/' took 0.01s
[2017.02.21-14.54.57:762][  0]SourceControl: Info Source control is disabled
[2017.02.21-14.54.57:762][  0]Cmd: MAP LOAD FILE="D:/Unreal Projects/Aeon/Aeon/Content/ThirdPersonBP/Maps/ThirdPersonExampleMap.umap" TEMPLATE=0 SHOWPROGRESS=1 FEATURELEVEL=3
[2017.02.21-14.54.57:763][  0]LightingResults: New page: Lighting Build
[2017.02.21-14.54.57:764][  0]MapCheck: New page: Map Check
[2017.02.21-14.54.57:764][  0]LightingResults: New page: Lighting Build
[2017.02.21-14.54.58:893][  0]LogAIModule: Creating AISystem for world ThirdPersonExampleMap
[2017.02.21-14.54.59:010][  0]LogEditorServer: Finished looking for orphan Actors (0.000 secs)
[2017.02.21-14.54.59:011][  0]Cmd: MAP CHECKDEP NOCLEARLOG
[2017.02.21-14.54.59:037][  0]MapCheck: Info Map check complete: 0 Error(s), 0 Warning(s), took 25.498ms to complete.
[2017.02.21-14.54.59:037][  0]LogFileHelpers: Loading map 'ThirdPersonExampleMap' took 1.275
[2017.02.21-14.54.59:135][  0]LogCollectionManager: Loaded 0 collections in 0.000949 seconds
[2017.02.21-14.54.59:173][  0]LogFileCache: Scanning file cache for directory 'D:/Unreal Projects/Aeon/Aeon/Saved/Collections/' took 0.01s
[2017.02.21-14.54.59:173][  0]LogFileCache: Scanning file cache for directory 'D:/Unreal Projects/Aeon/Aeon/Content/Developers/Davis/Collections/' took 0.01s
[2017.02.21-14.54.59:173][  0]LogFileCache: Scanning file cache for directory 'D:/Unreal Projects/Aeon/Aeon/Content/Collections/' took 0.01s
[2017.02.21-14.54.59:173][  0]LogCollectionManager: Rebuilt the GUID cache for 0 collections in 0.000002 seconds
[2017.02.21-14.54.59:179][  0]LogContentBrowser: Native class hierarchy populated in 0.0060 seconds. Added 2141 classes and 415 folders.
[2017.02.21-14.54.59:182][  0]LogStats: UGameplayTagsManager::ConstructGameplayTagTree: Construct from data asset -  0.000 s
[2017.02.21-14.54.59:182][  0]LogStats: UGameplayTagsManager::ConstructGameplayTagTree: GameplayTagTreeChangedEvent.Broadcast -  0.000 s
[2017.02.21-14.54.59:182][  0]LogContentBrowser: Native class hierarchy updated for 'GameplayTags' in 0.0003 seconds. Added 12 classes and 0 folders.
[2017.02.21-14.54.59:184][  0]LogContentBrowser: Native class hierarchy updated for 'WidgetCarousel' in 0.0002 seconds. Added 0 classes and 0 folders.
[2017.02.21-14.54.59:207][  0]LogContentBrowser: Native class hierarchy updated for 'AddContentDialog' in 0.0003 seconds. Added 0 classes and 0 folders.
[2017.02.21-14.54.59:211][  0]LogContentBrowser: Native class hierarchy updated for 'SceneOutliner' in 0.0003 seconds. Added 1 classes and 2 folders.
[2017.02.21-14.54.59:626][  0]LogCrashTracker: Crashtracker disabled due to settings.
[2017.02.21-14.54.59:632][  0]LogUObjectGlobals:Warning: Failed to find object 'Class None.'
[2017.02.21-14.54.59:657][  0]LogContentBrowser: Native class hierarchy updated for 'HierarchicalLODOutliner' in 0.0004 seconds. Added 1 classes and 2 folders.
[2017.02.21-14.54.59:657][  0]LogLoad: (Engine Initialization) Total time: 6.61 seconds
[2017.02.21-14.54.59:657][  0]LogLoad: (Engine Initialization) Total Blueprint compile time: 0.08 seconds
[2017.02.21-14.54.59:657][  0]LogExternalProfiler: No external profilers were discovered.  External profiling features will not be available.
[2017.02.21-14.54.59:666][  0]LogOcInput: OculusInput pre-init called
[2017.02.21-14.54.59:698][  0]LogAssetRegistry: Asset discovery search completed in 3.3011 seconds
[2017.02.21-14.54.59:698][  0]LogCollectionManager: Rebuilt the object cache for 0 collections in 0.000001 seconds (found 0 objects)
[2017.02.21-14.54.59:698][  0]LogCollectionManager: Fixed up redirectors for 0 collections in 0.000015 seconds (updated 0 objects)
[2017.02.21-14.54.59:700][  0]LogContentStreaming: Texture pool size now 1000 MB
[2017.02.21-14.55.00:189][  0]LogRenderer: Reallocating scene render targets to support 1208x612 (Frame:2).
[2017.02.21-14.55.05:288][473]LogFileCache: Retrieving MD5 hashes for directory 'D:/Unreal Projects/Aeon/Aeon/Content/' took 5.61s
[2017.02.21-14.55.07:955][751]Cmd: MAP LOAD FILE="D:/Unreal Projects/Aeon/Aeon/Content/Maps/Cyberspace.umap" TEMPLATE=0 SHOWPROGRESS=1 FEATURELEVEL=3
[2017.02.21-14.55.07:970][751]LightingResults: New page: Lighting Build
[2017.02.21-14.55.07:971][751]LoadErrors: New page: Loading map: Cyberspace.umap
[2017.02.21-14.55.07:998][751]MapCheck: New page: Map Check
[2017.02.21-14.55.07:998][751]LightingResults: New page: Lighting Build
[2017.02.21-14.55.08:775][751]LogAIModule: Creating AISystem for world Cyberspace
[2017.02.21-14.55.09:628][751]LogEditorServer: Finished looking for orphan Actors (0.001 secs)
[2017.02.21-14.55.09:645][751]Cmd: MAP CHECKDEP NOCLEARLOG
[2017.02.21-14.55.09:671][751]MapCheck: Info Map check complete: 0 Error(s), 0 Warning(s), took 25.535ms to complete.
[2017.02.21-14.55.09:671][751]LogFileHelpers: Loading map 'Cyberspace' took 1.716
[2017.02.21-14.55.33:689][290]LogEditorActor: Deleted Actor: AmbientSound
[2017.02.21-14.55.33:702][290]LogEditorActor: Deleted 1 Actors (0.021 secs)
[2017.02.21-14.55.40:964][879]AssetReimport: New page: Outstanding source content changes 2:55:40 PM
[2017.02.21-14.55.41:027][879]LogEditorFactories: Performing atomic reimport of [D:/Unreal Projects/Aeon/Aeon/Content/CustomContent/music/cybernetic.wav]
[2017.02.21-14.55.41:027][879]LogFactory: FactoryCreateFile: SoundWave with ReimportSoundFactory (0 0 D:/Unreal Projects/Aeon/Aeon/Content/CustomContent/music/cybernetic.wav)
[2017.02.21-14.55.41:193][879]LogEditorFactories: -- imported successfully
[2017.02.21-14.55.41:289][879]LogAudioDerivedData:Display: Building compressed audio format OGG wave cybernetic...
[2017.02.21-14.55.44:215][880]Cmd: OBJ SAVEPACKAGE PACKAGE="/Game/CustomContent/music/cybernetic" FILE="D:/Unreal Projects/Aeon/Aeon/Content/CustomContent/music/cybernetic.uasset" SILENT=true
[2017.02.21-14.55.44:261][880]LogSavePackage: Save=21.09ms
[2017.02.21-14.55.44:261][880]LogSavePackage: Moving 'D:/Unreal Projects/Aeon/Aeon/Saved/cybernetic22BEA8334960A075AA87299D428335AC.tmp' to 'D:/Unreal Projects/Aeon/Aeon/Content/CustomContent/music/cybernetic.uasset'
[2017.02.21-14.55.44:265][880]LogSavePackage:Display: Finished SavePackage D:/Unreal Projects/Aeon/Aeon/Content/CustomContent/music/cybernetic.uasset
[2017.02.21-14.55.47:270][189]AssetReimport: Info Reimported asset cybernetic from D:/Unreal Projects/Aeon/Aeon/Content/CustomContent/music/cybernetic.wav.
[2017.02.21-14.56.50:023][433]LogBlueprintUserMessages: Early PlayInEditor Detection: Level '/Game/Maps/Cyberspace.Cyberspace:PersistentLevel' has LevelScriptBlueprint '/Game/Maps/Cyberspace.Cyberspace:PersistentLevel.Cyberspace' with GeneratedClass '/Game/Maps/Cyberspace.Cyberspace_C' with ClassGeneratedBy '/Game/Maps/Cyberspace.Cyberspace:PersistentLevel.Cyberspace'
[2017.02.21-14.56.50:023][433]LogPlayLevel: PlayLevel: No blueprints needed recompiling
[2017.02.21-14.56.50:023][433]PIE: New page: PIE session: Cyberspace (Feb 21, 2017, 2:56:50 PM)
[2017.02.21-14.56.50:023][433]LogPlayLevel: Creating play world package: /Game/Maps/UEDPIE_0_Cyberspace
[2017.02.21-14.56.50:196][433]LogPlayLevel: PIE: StaticDuplicateObject took: (0.173263s)
[2017.02.21-14.56.50:197][433]LogAIModule: Creating AISystem for world Cyberspace
[2017.02.21-14.56.50:197][433]LogPlayLevel: PIE: World Init took: (0.000688s)
[2017.02.21-14.56.50:198][433]LogPlayLevel: PIE: Created PIE world by copying editor world from /Game/Maps/Cyberspace.Cyberspace to /Game/Maps/UEDPIE_0_Cyberspace.Cyberspace (0.175429s)
[2017.02.21-14.56.50:220][433]LogInit: XAudio2 using 'Speakers (High Definition Audio Device)' : 2 channels at 48 kHz using 16 bits per sample (channel mask 0x3)
[2017.02.21-14.56.50:225][433]LogInit: FAudioDevice initialized.
[2017.02.21-14.56.50:271][433]LogWorld: Game class is 'ThirdPersonGameMode_C'
[2017.02.21-14.56.50:440][433]LogWorld: Bringing World /Game/Maps/UEDPIE_0_Cyberspace.Cyberspace up for play (max tick rate 0) at 2017.02.21-14.56.50
[2017.02.21-14.56.50:444][433]LogWorld: Bringing up level for play took: 0.171778
[2017.02.21-14.56.50:446][433]LogContentBrowser: Native class hierarchy updated for 'MovieSceneCapture' in 0.0004 seconds. Added 11 classes and 0 folders.
[2017.02.21-14.56.50:446][433]LogGameMode:Display: Match State Changed from EnteringMap to WaitingToStart
[2017.02.21-14.56.50:446][433]LogGameState: Match State Changed from EnteringMap to WaitingToStart
[2017.02.21-14.56.50:446][433]LogGameMode:Display: Match State Changed from WaitingToStart to InProgress
[2017.02.21-14.56.50:450][433]LogGameState: Match State Changed from WaitingToStart to InProgress
[2017.02.21-14.56.50:450][433]PIE: Info Play in editor start time for /Game/Maps/UEDPIE_0_Cyberspace 0.339
[2017.02.21-14.56.50:452][433]LogBlueprintUserMessages: Late PlayInEditor Detection: Level '/Game/Maps/Cyberspace.Cyberspace:PersistentLevel' has LevelScriptBlueprint '/Game/Maps/Cyberspace.Cyberspace:PersistentLevel.Cyberspace' with GeneratedClass '/Game/Maps/Cyberspace.Cyberspace_C' with ClassGeneratedBy '/Game/Maps/Cyberspace.Cyberspace:PersistentLevel.Cyberspace'
[2017.02.21-14.56.53:421][744]Cmd: LevelEditor.ToggleImmersive
[2017.02.21-14.56.53:556][745]LogRenderer: Reallocating scene render targets to support 1420x736 (Frame:11707).
[2017.02.21-14.56.53:610][746]LogRenderer: Reallocating scene render targets to support 1920x1040 (Frame:11709).
[2017.02.21-14.59.11:523][319]LogBlueprintUserMessages: Early EndPlayMap Detection: Level '/Game/Maps/Cyberspace.Cyberspace:PersistentLevel' has LevelScriptBlueprint '/Game/Maps/Cyberspace.Cyberspace:PersistentLevel.Cyberspace' with GeneratedClass '/Game/Maps/Cyberspace.Cyberspace_C' with ClassGeneratedBy '/Game/Maps/Cyberspace.Cyberspace:PersistentLevel.Cyberspace'
[2017.02.21-14.59.11:630][319]LogBlueprintUserMessages: Late EndPlayMap Detection: Level '/Game/Maps/Cyberspace.Cyberspace:PersistentLevel' has LevelScriptBlueprint '/Game/Maps/Cyberspace.Cyberspace:PersistentLevel.Cyberspace' with GeneratedClass '/Game/Maps/Cyberspace.Cyberspace_C' with ClassGeneratedBy '/Game/Maps/Cyberspace.Cyberspace:PersistentLevel.Cyberspace'
[2017.02.21-14.59.11:675][319]LogActorComponent: ReregisterComponent: (/Game/Maps/Cyberspace.Cyberspace:PersistentLevel.08_Kavinsky_-_Nightcall_2.AudioComponent0) Not currently registered. Aborting.
[2017.02.21-14.59.12:615][412]Cmd: SELECT NONE
[2017.02.21-15.03.22:579][835]Cmd: BRUSH ADD SELECTNEWBRUSH
[2017.02.21-15.07.32:470][503]Cmd: OBJ SAVEPACKAGE PACKAGE="/Game/Maps/Cyberspace" FILE="D:/Unreal Projects/Aeon/Aeon/Saved/Autosaves/Game/Maps/Cyberspace_Auto1.umap" SILENT=true AUTOSAVING=true KEEPDIRTY=false
[2017.02.21-15.07.37:676][503]LogSavePackage: Save=5160.14ms
[2017.02.21-15.07.37:676][503]LogSavePackage: Moving 'D:/Unreal Projects/Aeon/Aeon/Saved/Cyberspace_Auto17AF2EAFF4322B4A8E85BABAC883D711D.tmp' to 'D:/Unreal Projects/Aeon/Aeon/Saved/Autosaves/Game/Maps/Cyberspace_Auto1.umap'
[2017.02.21-15.07.37:678][503]LogSavePackage:Display: Finished SavePackage D:/Unreal Projects/Aeon/Aeon/Saved/Autosaves/Game/Maps/Cyberspace_Auto1.umap
[2017.02.21-15.07.37:679][503]LogFileHelpers: Editor autosave (incl. sublevels) for '/Game/Maps/Cyberspace' took 5.236
[2017.02.21-15.07.37:679][503]LogFileHelpers: Editor autosave (incl. sublevels) for all levels took 5.236
[2017.02.21-15.33.58:270][207]LogActorFactory: Actor Factory created SM_Door
[2017.02.21-15.33.59:055][293]LogActorFactory: Actor Factory created SM_Door
[2017.02.21-15.34.01:457][556]LogBlueprintUserMessages: Early PlayInEditor Detection: Level '/Game/Maps/Cyberspace.Cyberspace:PersistentLevel' has LevelScriptBlueprint '/Game/Maps/Cyberspace.Cyberspace:PersistentLevel.Cyberspace' with GeneratedClass '/Game/Maps/Cyberspace.Cyberspace_C' with ClassGeneratedBy '/Game/Maps/Cyberspace.Cyberspace:PersistentLevel.Cyberspace'
[2017.02.21-15.34.01:457][556]LogPlayLevel: PlayLevel: No blueprints needed recompiling
[2017.02.21-15.34.01:457][556]PIE: New page: PIE session: Cyberspace (Feb 21, 2017, 3:34:01 PM)
[2017.02.21-15.34.01:457][556]LogPlayLevel: Creating play world package: /Game/Maps/UEDPIE_0_Cyberspace
[2017.02.21-15.34.01:636][556]LogPlayLevel: PIE: StaticDuplicateObject took: (0.178407s)
[2017.02.21-15.34.01:637][556]LogAIModule: Creating AISystem for world Cyberspace
[2017.02.21-15.34.01:637][556]LogPlayLevel: PIE: World Init took: (0.000606s)
[2017.02.21-15.34.01:638][556]LogPlayLevel: PIE: Created PIE world by copying editor world from /Game/Maps/Cyberspace.Cyberspace to /Game/Maps/UEDPIE_0_Cyberspace.Cyberspace (0.180376s)
[2017.02.21-15.34.01:661][556]LogInit: XAudio2 using 'Speakers (High Definition Audio Device)' : 2 channels at 48 kHz using 16 bits per sample (channel mask 0x3)
[2017.02.21-15.34.01:665][556]LogInit: FAudioDevice initialized.
[2017.02.21-15.34.01:707][556]LogWorld: Game class is 'ThirdPersonGameMode_C'
[2017.02.21-15.34.01:877][556]LogWorld: Bringing World /Game/Maps/UEDPIE_0_Cyberspace.Cyberspace up for play (max tick rate 0) at 2017.02.21-15.34.01
[2017.02.21-15.34.01:881][556]LogWorld: Bringing up level for play took: 0.173214
[2017.02.21-15.34.01:882][556]LogGameMode:Display: Match State Changed from EnteringMap to WaitingToStart
[2017.02.21-15.34.01:882][556]LogGameState: Match State Changed from EnteringMap to WaitingToStart
[2017.02.21-15.34.01:882][556]LogGameMode:Display: Match State Changed from WaitingToStart to InProgress
[2017.02.21-15.34.01:886][556]LogGameState: Match State Changed from WaitingToStart to InProgress
[2017.02.21-15.34.01:886][556]PIE: Info Play in editor start time for /Game/Maps/UEDPIE_0_Cyberspace -0.226
[2017.02.21-15.34.01:887][556]LogBlueprintUserMessages: Late PlayInEditor Detection: Level '/Game/Maps/Cyberspace.Cyberspace:PersistentLevel' has LevelScriptBlueprint '/Game/Maps/Cyberspace.Cyberspace:PersistentLevel.Cyberspace' with GeneratedClass '/Game/Maps/Cyberspace.Cyberspace_C' with ClassGeneratedBy '/Game/Maps/Cyberspace.Cyberspace:PersistentLevel.Cyberspace'
[2017.02.21-15.34.05:099][889]LogBlueprintUserMessages: Early EndPlayMap Detection: Level '/Game/Maps/Cyberspace.Cyberspace:PersistentLevel' has LevelScriptBlueprint '/Game/Maps/Cyberspace.Cyberspace:PersistentLevel.Cyberspace' with GeneratedClass '/Game/Maps/Cyberspace.Cyberspace_C' with ClassGeneratedBy '/Game/Maps/Cyberspace.Cyberspace:PersistentLevel.Cyberspace'
[2017.02.21-15.34.05:174][889]LogBlueprintUserMessages: Late EndPlayMap Detection: Level '/Game/Maps/Cyberspace.Cyberspace:PersistentLevel' has LevelScriptBlueprint '/Game/Maps/Cyberspace.Cyberspace:PersistentLevel.Cyberspace' with GeneratedClass '/Game/Maps/Cyberspace.Cyberspace_C' with ClassGeneratedBy '/Game/Maps/Cyberspace.Cyberspace:PersistentLevel.Cyberspace'
[2017.02.21-15.34.05:220][889]LogActorComponent: ReregisterComponent: (/Game/Maps/Cyberspace.Cyberspace:PersistentLevel.08_Kavinsky_-_Nightcall_2.AudioComponent0) Not currently registered. Aborting.
[2017.02.21-15.34.30:282][105]Cmd: OBJ SAVEPACKAGE PACKAGE="/Game/Maps/Cyberspace" FILE="D:/Unreal Projects/Aeon/Aeon/Saved/Autosaves/Game/Maps/Cyberspace_Auto2.umap" SILENT=true AUTOSAVING=true KEEPDIRTY=false
[2017.02.21-15.34.38:048][105]LogSavePackage: Save=7699.51ms
[2017.02.21-15.34.38:048][105]LogSavePackage: Moving 'D:/Unreal Projects/Aeon/Aeon/Saved/Cyberspace_Auto2A055E5A64E939D480D00478EF3B04EEF.tmp' to 'D:/Unreal Projects/Aeon/Aeon/Saved/Autosaves/Game/Maps/Cyberspace_Auto2.umap'
[2017.02.21-15.34.38:050][105]LogSavePackage:Display: Finished SavePackage D:/Unreal Projects/Aeon/Aeon/Saved/Autosaves/Game/Maps/Cyberspace_Auto2.umap
[2017.02.21-15.34.38:051][105]LogFileHelpers: Editor autosave (incl. sublevels) for '/Game/Maps/Cyberspace' took 7.791
[2017.02.21-15.34.38:051][105]LogFileHelpers: Editor autosave (incl. sublevels) for all levels took 7.791
[2017.02.21-15.35.22:280][467]LogEditorViewport: Clicking on Actor (LMB): StaticMeshActor (SM_Door)
[2017.02.21-15.35.22:824][524]Cmd: DELETE
[2017.02.21-15.35.22:824][524]Cmd: ACTOR DELETE
[2017.02.21-15.35.22:846][524]LogEditorActor: Deleted Actor: StaticMeshActor
[2017.02.21-15.35.22:861][524]LogEditorActor: Deleted 1 Actors (0.023 secs)
[2017.02.21-15.36.17:446][725]Cmd: OBJ SAVEPACKAGE PACKAGE="/Game/StarterContent/Props/SM_Door" FILE="D:/Unreal Projects/Aeon/Aeon/Content/StarterContent/Props/SM_Door.uasset" SILENT=true
[2017.02.21-15.36.17:455][725]LogSavePackage: Save=7.31ms
[2017.02.21-15.36.17:455][725]LogSavePackage: Moving 'D:/Unreal Projects/Aeon/Aeon/Saved/SM_Door18B0081E40B0725071BD4AA2C1B2C898.tmp' to 'D:/Unreal Projects/Aeon/Aeon/Content/StarterContent/Props/SM_Door.uasset'
[2017.02.21-15.36.17:477][725]LogSavePackage:Display: Finished SavePackage D:/Unreal Projects/Aeon/Aeon/Content/StarterContent/Props/SM_Door.uasset
[2017.02.21-15.36.31:098][905]LogActorFactory: Actor Factory created SM_Door
[2017.02.21-15.36.31:969][986]LogActorFactory: Actor Factory created SM_Door
[2017.02.21-15.36.44:045][ 29]Cmd: OBJ SAVEPACKAGE PACKAGE="/Game/Maps/Cyberspace" FILE="D:/Unreal Projects/Aeon/Aeon/Content/Maps/Cyberspace.umap" SILENT=true AUTOSAVING=false KEEPDIRTY=false
[2017.02.21-15.36.49:299][ 29]LogSavePackage: Save=5213.93ms
[2017.02.21-15.36.49:299][ 29]LogSavePackage: Moving 'D:/Unreal Projects/Aeon/Aeon/Saved/CyberspaceB99971914B871B7B26BA28B5F8AAA476.tmp' to 'D:/Unreal Projects/Aeon/Aeon/Content/Maps/Cyberspace.umap'
[2017.02.21-15.36.49:309][ 29]LogSavePackage:Display: Finished SavePackage D:/Unreal Projects/Aeon/Aeon/Content/Maps/Cyberspace.umap
[2017.02.21-15.36.50:276][131]LogBlueprintUserMessages: Early PlayInEditor Detection: Level '/Game/Maps/Cyberspace.Cyberspace:PersistentLevel' has LevelScriptBlueprint '/Game/Maps/Cyberspace.Cyberspace:PersistentLevel.Cyberspace' with GeneratedClass '/Game/Maps/Cyberspace.Cyberspace_C' with ClassGeneratedBy '/Game/Maps/Cyberspace.Cyberspace:PersistentLevel.Cyberspace'
[2017.02.21-15.36.50:276][131]LogPlayLevel: PlayLevel: No blueprints needed recompiling
[2017.02.21-15.36.50:276][131]PIE: New page: PIE session: Cyberspace (Feb 21, 2017, 3:36:50 PM)
[2017.02.21-15.36.50:276][131]LogPlayLevel: Creating play world package: /Game/Maps/UEDPIE_0_Cyberspace
[2017.02.21-15.36.50:448][131]LogPlayLevel: PIE: StaticDuplicateObject took: (0.172376s)
[2017.02.21-15.36.50:449][131]LogAIModule: Creating AISystem for world Cyberspace
[2017.02.21-15.36.50:449][131]LogPlayLevel: PIE: World Init took: (0.000628s)
[2017.02.21-15.36.50:450][131]LogPlayLevel: PIE: Created PIE world by copying editor world from /Game/Maps/Cyberspace.Cyberspace to /Game/Maps/UEDPIE_0_Cyberspace.Cyberspace (0.174394s)
[2017.02.21-15.36.50:469][131]LogInit: XAudio2 using 'Speakers (High Definition Audio Device)' : 2 channels at 48 kHz using 16 bits per sample (channel mask 0x3)
[2017.02.21-15.36.50:473][131]LogInit: FAudioDevice initialized.
[2017.02.21-15.36.50:506][131]LogWorld: Game class is 'ThirdPersonGameMode_C'
[2017.02.21-15.36.50:677][131]LogWorld: Bringing World /Game/Maps/UEDPIE_0_Cyberspace.Cyberspace up for play (max tick rate 0) at 2017.02.21-15.36.50
[2017.02.21-15.36.50:680][131]LogWorld: Bringing up level for play took: 0.173663
[2017.02.21-15.36.50:681][131]LogGameMode:Display: Match State Changed from EnteringMap to WaitingToStart
[2017.02.21-15.36.50:681][131]LogGameState: Match State Changed from EnteringMap to WaitingToStart
[2017.02.21-15.36.50:681][131]LogGameMode:Display: Match State Changed from WaitingToStart to InProgress
[2017.02.21-15.36.50:684][131]LogGameState: Match State Changed from WaitingToStart to InProgress
[2017.02.21-15.36.50:685][131]PIE: Info Play in editor start time for /Game/Maps/UEDPIE_0_Cyberspace 0.573
[2017.02.21-15.36.50:686][131]LogBlueprintUserMessages: Late PlayInEditor Detection: Level '/Game/Maps/Cyberspace.Cyberspace:PersistentLevel' has LevelScriptBlueprint '/Game/Maps/Cyberspace.Cyberspace:PersistentLevel.Cyberspace' with GeneratedClass '/Game/Maps/Cyberspace.Cyberspace_C' with ClassGeneratedBy '/Game/Maps/Cyberspace.Cyberspace:PersistentLevel.Cyberspace'
[2017.02.21-15.36.52:911][347]LogBlueprintUserMessages: Early EndPlayMap Detection: Level '/Game/Maps/Cyberspace.Cyberspace:PersistentLevel' has LevelScriptBlueprint '/Game/Maps/Cyberspace.Cyberspace:PersistentLevel.Cyberspace' with GeneratedClass '/Game/Maps/Cyberspace.Cyberspace_C' with ClassGeneratedBy '/Game/Maps/Cyberspace.Cyberspace:PersistentLevel.Cyberspace'
[2017.02.21-15.36.52:995][347]LogBlueprintUserMessages: Late EndPlayMap Detection: Level '/Game/Maps/Cyberspace.Cyberspace:PersistentLevel' has LevelScriptBlueprint '/Game/Maps/Cyberspace.Cyberspace:PersistentLevel.Cyberspace' with GeneratedClass '/Game/Maps/Cyberspace.Cyberspace_C' with ClassGeneratedBy '/Game/Maps/Cyberspace.Cyberspace:PersistentLevel.Cyberspace'
[2017.02.21-15.36.54:379][504]LogEditorViewport: Clicking on Actor (LMB): StaticMeshActor (SM_Door)
[2017.02.21-15.37.40:930][787]Cmd: OBJ SAVEPACKAGE PACKAGE="/Game/StarterContent/Props/SM_Door" FILE="D:/Unreal Projects/Aeon/Aeon/Content/StarterContent/Props/SM_Door.uasset" SILENT=true
[2017.02.21-15.37.40:932][787]LogSavePackage: Save=1.49ms
[2017.02.21-15.37.40:932][787]LogSavePackage: Moving 'D:/Unreal Projects/Aeon/Aeon/Saved/SM_Door4C932E0E4DE95221F57E5FBE837F93E5.tmp' to 'D:/Unreal Projects/Aeon/Aeon/Content/StarterContent/Props/SM_Door.uasset'
[2017.02.21-15.37.40:933][787]LogSavePackage:Display: Finished SavePackage D:/Unreal Projects/Aeon/Aeon/Content/StarterContent/Props/SM_Door.uasset
[2017.02.21-15.37.48:298][500]LogEditorViewport: Clicking on Actor (LMB): StaticMeshActor (floor6)
[2017.02.21-15.37.56:413][121]LogBlueprintUserMessages: Early PlayInEditor Detection: Level '/Game/Maps/Cyberspace.Cyberspace:PersistentLevel' has LevelScriptBlueprint '/Game/Maps/Cyberspace.Cyberspace:PersistentLevel.Cyberspace' with GeneratedClass '/Game/Maps/Cyberspace.Cyberspace_C' with ClassGeneratedBy '/Game/Maps/Cyberspace.Cyberspace:PersistentLevel.Cyberspace'
[2017.02.21-15.37.56:413][121]LogPlayLevel: PlayLevel: No blueprints needed recompiling
[2017.02.21-15.37.56:414][121]PIE: New page: PIE session: Cyberspace (Feb 21, 2017, 3:37:56 PM)
[2017.02.21-15.37.56:414][121]LogPlayLevel: Creating play world package: /Game/Maps/UEDPIE_0_Cyberspace
[2017.02.21-15.37.56:588][121]LogPlayLevel: PIE: StaticDuplicateObject took: (0.173910s)
[2017.02.21-15.37.56:589][121]LogAIModule: Creating AISystem for world Cyberspace
[2017.02.21-15.37.56:589][121]LogPlayLevel: PIE: World Init took: (0.000601s)
[2017.02.21-15.37.56:590][121]LogPlayLevel: PIE: Created PIE world by copying editor world from /Game/Maps/Cyberspace.Cyberspace to /Game/Maps/UEDPIE_0_Cyberspace.Cyberspace (0.175791s)
[2017.02.21-15.37.56:610][121]LogInit: XAudio2 using 'Speakers (High Definition Audio Device)' : 2 channels at 48 kHz using 16 bits per sample (channel mask 0x3)
[2017.02.21-15.37.56:614][121]LogInit: FAudioDevice initialized.
[2017.02.21-15.37.56:644][121]LogWorld: Game class is 'ThirdPersonGameMode_C'
[2017.02.21-15.37.56:811][121]LogWorld: Bringing World /Game/Maps/UEDPIE_0_Cyberspace.Cyberspace up for play (max tick rate 0) at 2017.02.21-15.37.56
[2017.02.21-15.37.56:814][121]LogWorld: Bringing up level for play took: 0.169830
[2017.02.21-15.37.56:815][121]LogGameMode:Display: Match State Changed from EnteringMap to WaitingToStart
[2017.02.21-15.37.56:815][121]LogGameState: Match State Changed from EnteringMap to WaitingToStart
[2017.02.21-15.37.56:815][121]LogGameMode:Display: Match State Changed from WaitingToStart to InProgress
[2017.02.21-15.37.56:819][121]LogGameState: Match State Changed from WaitingToStart to InProgress
[2017.02.21-15.37.56:819][121]PIE: Info Play in editor start time for /Game/Maps/UEDPIE_0_Cyberspace 0.707
[2017.02.21-15.37.56:820][121]LogBlueprintUserMessages: Late PlayInEditor Detection: Level '/Game/Maps/Cyberspace.Cyberspace:PersistentLevel' has LevelScriptBlueprint '/Game/Maps/Cyberspace.Cyberspace:PersistentLevel.Cyberspace' with GeneratedClass '/Game/Maps/Cyberspace.Cyberspace_C' with ClassGeneratedBy '/Game/Maps/Cyberspace.Cyberspace:PersistentLevel.Cyberspace'
[2017.02.21-15.38.03:454][832]LogBlueprintUserMessages: Early EndPlayMap Detection: Level '/Game/Maps/Cyberspace.Cyberspace:PersistentLevel' has LevelScriptBlueprint '/Game/Maps/Cyberspace.Cyberspace:PersistentLevel.Cyberspace' with GeneratedClass '/Game/Maps/Cyberspace.Cyberspace_C' with ClassGeneratedBy '/Game/Maps/Cyberspace.Cyberspace:PersistentLevel.Cyberspace'
[2017.02.21-15.38.03:528][832]LogBlueprintUserMessages: Late EndPlayMap Detection: Level '/Game/Maps/Cyberspace.Cyberspace:PersistentLevel' has LevelScriptBlueprint '/Game/Maps/Cyberspace.Cyberspace:PersistentLevel.Cyberspace' with GeneratedClass '/Game/Maps/Cyberspace.Cyberspace_C' with ClassGeneratedBy '/Game/Maps/Cyberspace.Cyberspace:PersistentLevel.Cyberspace'
[2017.02.21-15.38.05:989][118]LogEditorViewport: Clicking on Actor (LMB): ThirdPersonCharacter_C (ThirdPersonCharacter)
[2017.02.21-15.38.15:138][827]LogActorFactory: Actor Factory created SM_DoorFrame
[2017.02.21-15.38.16:696][942]LogActorFactory: Actor Factory created SM_DoorFrame
[2017.02.21-15.38.58:602][671]LogEditorViewport: Clicking on Actor (LMB): StaticMeshActor (SM_Door)
[2017.02.21-15.39.59:014][376]Cmd: BRUSH ADD SELECTNEWBRUSH
[2017.02.21-15.43.30:633][415]LogEditorViewport: Clicking on Actor (LMB): StaticMeshActor (SM_DoorFrame)
[2017.02.21-15.43.41:127][630]LogEditorViewport: Clicking on Actor (LMB): SkyboxBP_C (SkyboxBP)
[2017.02.21-15.43.43:038][826]LogEditorViewport: Clicking on Actor (LMB): StaticMeshActor (SM_Door)
[2017.02.21-15.46.53:922][432]Cmd: OBJ SAVEPACKAGE PACKAGE="/Game/Maps/Cyberspace" FILE="D:/Unreal Projects/Aeon/Aeon/Saved/Autosaves/Game/Maps/Cyberspace_Auto3.umap" SILENT=true AUTOSAVING=true KEEPDIRTY=false
[2017.02.21-15.46.59:234][432]LogSavePackage: Save=5263.59ms
[2017.02.21-15.46.59:234][432]LogSavePackage: Moving 'D:/Unreal Projects/Aeon/Aeon/Saved/Cyberspace_Auto3788FBB4240815512977B5999E820B392.tmp' to 'D:/Unreal Projects/Aeon/Aeon/Saved/Autosaves/Game/Maps/Cyberspace_Auto3.umap'
[2017.02.21-15.46.59:236][432]LogSavePackage:Display: Finished SavePackage D:/Unreal Projects/Aeon/Aeon/Saved/Autosaves/Game/Maps/Cyberspace_Auto3.umap
[2017.02.21-15.46.59:237][432]LogFileHelpers: Editor autosave (incl. sublevels) for '/Game/Maps/Cyberspace' took 5.337
[2017.02.21-15.46.59:237][432]LogFileHelpers: Editor autosave (incl. sublevels) for all levels took 5.337
[2017.02.21-15.59.05:437][ 13]LogContentBrowser: Native class hierarchy updated for 'BlueprintGraph' in 0.0007 seconds. Added 112 classes and 0 folders.
[2017.02.21-16.00.40:988][290]Cmd: OBJ SAVEPACKAGE PACKAGE="/Game/Maps/Cyberspace" FILE="D:/Unreal Projects/Aeon/Aeon/Saved/Autosaves/Game/Maps/Cyberspace_Auto4.umap" SILENT=true AUTOSAVING=true KEEPDIRTY=false
[2017.02.21-16.00.46:592][290]LogSavePackage: Save=5548.80ms
[2017.02.21-16.00.46:592][290]LogSavePackage: Moving 'D:/Unreal Projects/Aeon/Aeon/Saved/Cyberspace_Auto4E9A900FD41FDEFF38BFCEF80C65085C8.tmp' to 'D:/Unreal Projects/Aeon/Aeon/Saved/Autosaves/Game/Maps/Cyberspace_Auto4.umap'
[2017.02.21-16.00.46:595][290]LogSavePackage:Display: Finished SavePackage D:/Unreal Projects/Aeon/Aeon/Saved/Autosaves/Game/Maps/Cyberspace_Auto4.umap
[2017.02.21-16.00.46:596][290]LogFileHelpers: Editor autosave (incl. sublevels) for '/Game/Maps/Cyberspace' took 5.649
[2017.02.21-16.00.46:596][290]LogFileHelpers: Editor autosave (incl. sublevels) for all levels took 5.649
[2017.02.21-16.37.46:348][506]Cmd: OBJ SAVEPACKAGE PACKAGE="/Game/Maps/Cyberspace" FILE="D:/Unreal Projects/Aeon/Aeon/Content/Maps/Cyberspace.umap" SILENT=true AUTOSAVING=false KEEPDIRTY=false
[2017.02.21-16.37.51:664][506]LogSavePackage: Save=5240.03ms
[2017.02.21-16.37.51:664][506]LogSavePackage: Moving 'D:/Unreal Projects/Aeon/Aeon/Saved/Cyberspace13C1DA8C4E879D54C2AD3E8D478D2FBC.tmp' to 'D:/Unreal Projects/Aeon/Aeon/Content/Maps/Cyberspace.umap'
[2017.02.21-16.37.51:674][506]LogSavePackage:Display: Finished SavePackage D:/Unreal Projects/Aeon/Aeon/Content/Maps/Cyberspace.umap
[2017.02.21-16.37.53:189][668]LogWindowsTextInputMethodSystem:Display: IME system now deactivated.
[2017.02.21-16.37.53:570][669]Cmd: QUIT_EDITOR
[2017.02.21-16.37.54:166][669]LogExit: Preparing to exit.
[2017.02.21-16.37.55:523][669]LogExit: Editor shut down
[2017.02.21-16.37.55:523][669]LogExit: Transaction tracking system shut down
[2017.02.21-16.37.58:303][669]LogObj: Freed 0b from 0 cluster array pools.
[2017.02.21-16.37.58:304][669]LogExit: Object subsystem successfully closed.
[2017.02.21-16.37.59:166][669]LogD3D11RHI: Shutdown
[2017.02.21-16.37.59:166][669]LogD3D11RHI: CleanupD3DDevice
[2017.02.21-16.37.59:600][669]LogD3D11RHI: ~FD3D11DynamicRHI
[2017.02.21-16.38.00:889][669]LogModuleManager: Shutting down and abandoning module BlueprintGraph (237)
[2017.02.21-16.38.00:889][669]LogModuleManager: Shutting down and abandoning module BlueprintProfiler (236)
[2017.02.21-16.38.00:913][669]LogModuleManager: Shutting down and abandoning module StaticMeshEditor (235)
[2017.02.21-16.38.00:913][669]LogModuleManager: Shutting down and abandoning module MovieSceneCapture (234)
[2017.02.21-16.38.00:913][669]LogModuleManager: Shutting down and abandoning module HierarchicalLODOutliner (233)
[2017.02.21-16.38.00:927][669]LogModuleManager: Shutting down and abandoning module CrashTracker (232)
[2017.02.21-16.38.00:940][669]LogModuleManager: Shutting down and abandoning module SceneOutliner (231)
[2017.02.21-16.38.00:940][669]LogModuleManager: Shutting down and abandoning module WidgetCarousel (230)
[2017.02.21-16.38.00:940][669]LogModuleManager: Shutting down and abandoning module AddContentDialog (229)
[2017.02.21-16.38.00:959][669]LogDirectoryWatcher: A directory notification for 'E:/Program Files (x86)/Epic Games/4.13/FeaturePacks/' was aborted.
[2017.02.21-16.38.00:969][669]LogModuleManager: Shutting down and abandoning module GameplayTags (228)
[2017.02.21-16.38.00:969][669]LogModuleManager: Shutting down and abandoning module EditorWidgets (227)
[2017.02.21-16.38.00:969][669]LogModuleManager: Shutting down and abandoning module CollectionManager (226)
[2017.02.21-16.38.00:979][669]LogDirectoryWatcher: A directory notification for 'D:/Unreal Projects/Aeon/Aeon/Content/Collections/' was aborted.
[2017.02.21-16.38.00:979][669]LogDirectoryWatcher: A directory notification for 'D:/Unreal Projects/Aeon/Aeon/Content/Developers/Davis/Collections/' was aborted.
[2017.02.21-16.38.00:979][669]LogDirectoryWatcher: A directory notification for 'D:/Unreal Projects/Aeon/Aeon/Saved/Collections/' was aborted.
[2017.02.21-16.38.00:979][669]LogModuleManager: Shutting down and abandoning module StatsViewer (225)
[2017.02.21-16.38.00:988][669]LogModuleManager: Shutting down and abandoning module FoliageEdit (224)
[2017.02.21-16.38.00:997][669]LogModuleManager: Shutting down and abandoning module LandscapeEditor (223)
[2017.02.21-16.38.01:005][669]LogModuleManager: Shutting down and abandoning module SceneDepthPickerMode (222)
[2017.02.21-16.38.01:005][669]LogModuleManager: Shutting down and abandoning module ActorPickerMode (221)
[2017.02.21-16.38.01:005][669]LogModuleManager: Shutting down and abandoning module GeometryMode (220)
[2017.02.21-16.38.01:005][669]LogModuleManager: Shutting down and abandoning module TextureAlignMode (219)
[2017.02.21-16.38.01:005][669]LogModuleManager: Shutting down and abandoning module BspMode (218)
[2017.02.21-16.38.01:005][669]LogModuleManager: Shutting down and abandoning module HardwareSurvey (217)
[2017.02.21-16.38.01:018][669]LogModuleManager: Shutting down and abandoning module SequenceRecorderSections (216)
[2017.02.21-16.38.01:018][669]LogModuleManager: Shutting down and abandoning module SequenceRecorder (215)
[2017.02.21-16.38.01:029][669]LogModuleManager: Shutting down and abandoning module AutomationWorker (214)
[2017.02.21-16.38.01:041][669]LogModuleManager: Shutting down and abandoning module MatineeToLevelSequence (213)
[2017.02.21-16.38.01:051][669]LogModuleManager: Shutting down and abandoning module PlacementMode (212)
[2017.02.21-16.38.01:058][669]LogModuleManager: Shutting down and abandoning module LevelSequenceEditor (211)
[2017.02.21-16.38.01:100][669]LogModuleManager: Shutting down and abandoning module WmfMediaFactory (210)
[2017.02.21-16.38.01:100][669]LogModuleManager: Shutting down and abandoning module WmfMediaEditor (209)
[2017.02.21-16.38.01:100][669]LogModuleManager: Shutting down and abandoning module AvfMediaFactory (208)
[2017.02.21-16.38.01:100][669]LogModuleManager: Shutting down and abandoning module AvfMediaEditor (207)
[2017.02.21-16.38.01:100][669]LogModuleManager: Shutting down and abandoning module Media (206)
[2017.02.21-16.38.01:100][669]LogModuleManager: Shutting down and abandoning module AndroidMediaFactory (205)
[2017.02.21-16.38.01:100][669]LogModuleManager: Shutting down and abandoning module AndroidMediaEditor (204)
[2017.02.21-16.38.01:100][669]LogModuleManager: Shutting down and abandoning module CharacterAI (203)
[2017.02.21-16.38.01:100][669]LogModuleManager: Shutting down and abandoning module SmartSnapping (202)
[2017.02.21-16.38.01:100][669]LogModuleManager: Shutting down and abandoning module SessionServices (201)
[2017.02.21-16.38.01:100][669]LogModuleManager: Shutting down and abandoning module ViewportSnapping (200)
[2017.02.21-16.38.01:100][669]LogModuleManager: Shutting down and abandoning module ViewportInteraction (199)
[2017.02.21-16.38.01:100][669]LogModuleManager: Shutting down and abandoning module LogVisualizer (198)
[2017.02.21-16.38.01:111][669]LogModuleManager: Shutting down and abandoning module GameProjectGeneration (197)
[2017.02.21-16.38.01:122][669]LogModuleManager: Shutting down and abandoning module IntroTutorials (196)
[2017.02.21-16.38.01:134][669]LogModuleManager: Shutting down and abandoning module EditorLiveStreaming (195)
[2017.02.21-16.38.01:134][669]LogModuleManager: Shutting down and abandoning module IOSPlatformEditor (194)
[2017.02.21-16.38.01:144][669]LogModuleManager: Shutting down and abandoning module HTML5PlatformEditor (193)
[2017.02.21-16.38.01:144][669]LogModuleManager: Shutting down and abandoning module AndroidDeviceDetection (192)
[2017.02.21-16.38.01:526][669]LogModuleManager: Shutting down and abandoning module AndroidPlatformEditor (191)
[2017.02.21-16.38.01:535][669]LogModuleManager: Shutting down and abandoning module IOSRuntimeSettings (190)
[2017.02.21-16.38.01:535][669]LogModuleManager: Shutting down and abandoning module AndroidRuntimeSettings (189)
[2017.02.21-16.38.01:535][669]LogModuleManager: Shutting down and abandoning module NiagaraEditor (188)
[2017.02.21-16.38.01:564][669]LogModuleManager: Shutting down and abandoning module MergeActors (187)
[2017.02.21-16.38.01:578][669]LogModuleManager: Shutting down and abandoning module SizeMap (186)
[2017.02.21-16.38.01:592][669]LogModuleManager: Shutting down and abandoning module TreeMap (185)
[2017.02.21-16.38.01:598][669]LogModuleManager: Shutting down and abandoning module ReferenceViewer (184)
[2017.02.21-16.38.01:598][669]LogModuleManager: Shutting down and abandoning module LocalizationService (183)
[2017.02.21-16.38.01:604][669]LogModuleManager: Shutting down and abandoning module LocalizationDashboard (182)
[2017.02.21-16.38.01:617][669]LogModuleManager: Shutting down and abandoning module HardwareTargeting (181)
[2017.02.21-16.38.01:626][669]LogModuleManager: Shutting down and abandoning module DeviceProfileEditor (180)
[2017.02.21-16.38.01:641][669]LogModuleManager: Shutting down and abandoning module UndoHistory (179)
[2017.02.21-16.38.01:655][669]LogModuleManager: Shutting down and abandoning module UserFeedback (178)
[2017.02.21-16.38.01:655][669]LogModuleManager: Shutting down and abandoning module XmlParser (177)
[2017.02.21-16.38.01:667][669]LogModuleManager: Shutting down and abandoning module Blutility (176)
[2017.02.21-16.38.01:676][669]LogModuleManager: Shutting down and abandoning module ProjectTargetPlatformEditor (175)
[2017.02.21-16.38.01:689][669]LogModuleManager: Shutting down and abandoning module ProjectSettingsViewer (174)
[2017.02.21-16.38.01:689][669]LogModuleManager: Shutting down and abandoning module InputBindingEditor (173)
[2017.02.21-16.38.01:711][669]LogModuleManager: Shutting down and abandoning module EditorSettingsViewer (172)
[2017.02.21-16.38.01:711][669]LogModuleManager: Shutting down and abandoning module SettingsEditor (171)
[2017.02.21-16.38.01:734][669]LogModuleManager: Shutting down and abandoning module ProjectLauncher (170)
[2017.02.21-16.38.01:753][669]LogModuleManager: Shutting down and abandoning module SessionFrontend (169)
[2017.02.21-16.38.01:761][669]LogModuleManager: Shutting down and abandoning module ProfilerClient (168)
[2017.02.21-16.38.01:775][669]LogModuleManager: Shutting down and abandoning module TargetDeviceServices (167)
[2017.02.21-16.38.01:775][669]LogModuleManager: Shutting down and abandoning module DeviceManager (166)
[2017.02.21-16.38.01:842][669]LogModuleManager: Shutting down and abandoning module AutomationController (165)
[2017.02.21-16.38.01:854][669]LogModuleManager: Shutting down and abandoning module AutomationWindow (164)
[2017.02.21-16.38.01:878][669]LogModuleManager: Shutting down and abandoning module Layers (163)
[2017.02.21-16.38.01:906][669]LogModuleManager: Shutting down and abandoning module ComponentVisualizers (162)
[2017.02.21-16.38.01:906][669]LogModuleManager: Shutting down and abandoning module DetailCustomizations (161)
[2017.02.21-16.38.01:906][669]LogModuleManager: Shutting down and abandoning module PackagesDialog (160)
[2017.02.21-16.38.01:906][669]LogModuleManager: Shutting down and abandoning module AnimGraph (159)
[2017.02.21-16.38.01:906][669]LogModuleManager: Shutting down and abandoning module Persona (158)
[2017.02.21-16.38.01:971][669]LogModuleManager: Shutting down and abandoning module Kismet (157)
[2017.02.21-16.38.01:986][669]LogModuleManager: Shutting down and abandoning module GraphEditor (156)
[2017.02.21-16.38.01:986][669]LogModuleManager: Shutting down and abandoning module ClassViewer (155)
[2017.02.21-16.38.01:999][669]LogModuleManager: Shutting down and abandoning module Toolbox (154)
[2017.02.21-16.38.02:004][669]LogModuleManager: Shutting down and abandoning module ModuleUI (153)
[2017.02.21-16.38.02:016][669]LogModuleManager: Shutting down and abandoning module MovieSceneTools (152)
[2017.02.21-16.38.02:041][669]LogModuleManager: Shutting down and abandoning module OutputLog (151)
[2017.02.21-16.38.02:054][669]LogModuleManager: Shutting down and abandoning module GammaUI (150)
[2017.02.21-16.38.02:069][669]LogModuleManager: Shutting down and abandoning module Documentation (149)
[2017.02.21-16.38.02:069][669]LogModuleManager: Shutting down and abandoning module Niagara (148)
[2017.02.21-16.38.02:083][669]LogModuleManager: Shutting down and abandoning module StreamingPauseRendering (147)
[2017.02.21-16.38.02:083][669]LogModuleManager: Shutting down and abandoning module AnalyticsET (146)
[2017.02.21-16.38.02:083][669]LogModuleManager: Shutting down and abandoning module PortalServices (145)
[2017.02.21-16.38.02:083][669]LogModuleManager: Shutting down and abandoning module PortalRpc (144)
[2017.02.21-16.38.02:083][669]LogModuleManager: Shutting down and abandoning module MessagingRpc (143)
[2017.02.21-16.38.02:083][669]LogModuleManager: Shutting down and abandoning module GameplayDebugger (142)
[2017.02.21-16.38.02:104][669]LogModuleManager: Shutting down and abandoning module AITestSuite (141)
[2017.02.21-16.38.02:116][669]LogModuleManager: Shutting down and abandoning module AIModule (140)
[2017.02.21-16.38.02:117][669]LogModuleManager: Shutting down and abandoning module ProfilerService (139)
[2017.02.21-16.38.02:341][669]LogModuleManager: Shutting down and abandoning module TaskGraph (138)
[2017.02.21-16.38.02:357][669]LogModuleManager: Shutting down and abandoning module SlateRemote (137)
[2017.02.21-16.38.02:357][669]LogModuleManager: Shutting down and abandoning module SteamVRController (136)
[2017.02.21-16.38.02:357][669]LogModuleManager: Shutting down and abandoning module SteamVR (135)
[2017.02.21-16.38.02:357][669]LogModuleManager: Shutting down and abandoning module ProceduralMeshComponentEditor (134)
[2017.02.21-16.38.02:365][669]LogModuleManager: Shutting down and abandoning module ProceduralMeshComponent (133)
[2017.02.21-16.38.02:365][669]LogModuleManager: Shutting down and abandoning module OculusLibrary (132)
[2017.02.21-16.38.02:373][669]LogModuleManager: Shutting down and abandoning module OculusInput (131)
[2017.02.21-16.38.02:373][669]LogModuleManager: Shutting down and abandoning module CustomMeshComponent (130)
[2017.02.21-16.38.02:373][669]LogModuleManager: Shutting down and abandoning module CableComponent (129)
[2017.02.21-16.38.02:373][669]LogModuleManager: Shutting down and abandoning module ArchVisCharacter (128)
[2017.02.21-16.38.02:373][669]LogModuleManager: Shutting down and abandoning module MediaPlayerEditor (126)
[2017.02.21-16.38.02:397][669]LogModuleManager: Shutting down and abandoning module HTML5Networking (125)
[2017.02.21-16.38.02:397][669]LogModuleManager: Shutting down and abandoning module GeometryCacheEd (124)
[2017.02.21-16.38.02:397][669]LogModuleManager: Shutting down and abandoning module GeometryCache (123)
[2017.02.21-16.38.02:397][669]LogModuleManager: Shutting down and abandoning module AlembicLibrary (122)
[2017.02.21-16.38.02:398][669]LogModuleManager: Shutting down and abandoning module AlembicImporter (121)
[2017.02.21-16.38.02:406][669]LogModuleManager: Shutting down and abandoning module SuperSearch (120)
[2017.02.21-16.38.02:406][669]LogModuleManager: Shutting down and abandoning module SuperSearchEditor (119)
[2017.02.21-16.38.02:406][669]LogModuleManager: Shutting down and abandoning module SpeedTreeImporter (118)
[2017.02.21-16.38.02:406][669]LogModuleManager: Shutting down and abandoning module PluginBrowser (117)
[2017.02.21-16.38.02:419][669]LogModuleManager: Shutting down and abandoning module MobileLauncherProfileWizard (116)
[2017.02.21-16.38.02:436][669]LogModuleManager: Shutting down and abandoning module EpicSurvey (115)
[2017.02.21-16.38.02:438][669]LogModuleManager: Shutting down and abandoning module DesktopPlatform (114)
[2017.02.21-16.38.02:447][669]LogModuleManager: Shutting down and abandoning module VisualStudioSourceCodeAccess (113)
[2017.02.21-16.38.02:459][669]LogModuleManager: Shutting down and abandoning module UObjectPlugin (112)
[2017.02.21-16.38.02:459][669]LogModuleManager: Shutting down and abandoning module SubversionSourceControl (111)
[2017.02.21-16.38.02:470][669]LogModuleManager: Shutting down and abandoning module PerforceSourceControl (110)
[2017.02.21-16.38.02:482][669]LogModuleManager: Shutting down and abandoning module SourceControl (109)
[2017.02.21-16.38.02:496][669]LogModuleManager: Shutting down and abandoning module GitSourceControl (108)
[2017.02.21-16.38.02:514][669]LogModuleManager: Shutting down and abandoning module LightPropagationVolumeEditor (107)
[2017.02.21-16.38.02:514][669]LogModuleManager: Shutting down and abandoning module PaperTiledImporter (106)
[2017.02.21-16.38.02:514][669]LogModuleManager: Shutting down and abandoning module PaperSpriteSheetImporter (105)
[2017.02.21-16.38.02:514][669]LogModuleManager: Shutting down and abandoning module MeshPaint (104)
[2017.02.21-16.38.02:514][669]LogModuleManager: Shutting down and abandoning module FbxAutomationBuilderModule (103)
[2017.02.21-16.38.02:527][669]LogModuleManager: Shutting down and abandoning module PixelInspectorModule (102)
[2017.02.21-16.38.02:542][669]LogModuleManager: Shutting down and abandoning module HotReload (101)
[2017.02.21-16.38.02:562][669]LogModuleManager: Shutting down and abandoning module MainFrame (100)
[2017.02.21-16.38.02:562][669]LogModuleManager: Shutting down and abandoning module LevelEditor (99)
[2017.02.21-16.38.02:563][669]LogModuleManager: Shutting down and abandoning module ContentBrowser (98)
[2017.02.21-16.38.02:563][669]LogModuleManager: Shutting down and abandoning module Paper2DEditor (97)
[2017.02.21-16.38.02:585][669]LogModuleManager: Shutting down and abandoning module UdpMessaging (96)
[2017.02.21-16.38.02:686][669]LogModuleManager: Shutting down and abandoning module TcpMessaging (95)
[2017.02.21-16.38.02:697][669]LogModuleManager: Shutting down and abandoning module LightPropagationVolumeRuntime (94)
[2017.02.21-16.38.02:697][669]LogModuleManager: Shutting down and abandoning module Paper2D (93)
[2017.02.21-16.38.02:709][669]LogModuleManager: Shutting down and abandoning module WindowsMoviePlayer (92)
[2017.02.21-16.38.02:723][669]LogModuleManager: Shutting down and abandoning module WmfMedia (91)
[2017.02.21-16.38.02:735][669]LogModuleManager: Shutting down and abandoning module MediaAssets (90)
[2017.02.21-16.38.02:735][669]LogModuleManager: Shutting down and abandoning module GameLiveStreaming (89)
[2017.02.21-16.38.02:745][669]LogModuleManager: Shutting down and abandoning module GameplayTagsEditor (88)
[2017.02.21-16.38.02:753][669]LogModuleManager: Shutting down and abandoning module VREditor (87)
[2017.02.21-16.38.02:753][669]LogModuleManager: Shutting down and abandoning module GameplayTasksEditor (86)
[2017.02.21-16.38.02:753][669]LogModuleManager: Shutting down and abandoning module PropertyEditor (85)
[2017.02.21-16.38.02:774][669]LogModuleManager: Shutting down and abandoning module BehaviorTreeEditor (84)
[2017.02.21-16.38.02:820][669]LogModuleManager: Shutting down and abandoning module FunctionalTesting (83)
[2017.02.21-16.38.02:820][669]LogModuleManager: Shutting down and abandoning module CollisionAnalyzer (82)
[2017.02.21-16.38.02:831][669]LogModuleManager: Shutting down and abandoning module Sequencer (81)
[2017.02.21-16.38.02:859][669]LogModuleManager: Shutting down and abandoning module WorkspaceMenuStructure (80)
[2017.02.21-16.38.02:859][669]LogModuleManager: Shutting down and abandoning module MessageLog (79)
[2017.02.21-16.38.02:859][669]LogModuleManager: Shutting down and abandoning module AssetTools (78)
[2017.02.21-16.38.02:875][669]LogModuleManager: Shutting down and abandoning module UMGEditor (77)
[2017.02.21-16.38.02:907][669]LogModuleManager: Shutting down and abandoning module UMG (76)
[2017.02.21-16.38.02:924][669]LogModuleManager: Shutting down and abandoning module SlateReflector (75)
[2017.02.21-16.38.02:948][669]LogModuleManager: Shutting down and abandoning module Slate (74)
[2017.02.21-16.38.02:948][669]LogModuleManager: Shutting down and abandoning module EditorStyle (73)
[2017.02.21-16.38.02:960][669]LogModuleManager: Shutting down and abandoning module SourceCodeAccess (72)
[2017.02.21-16.38.02:960][669]LogModuleManager: Shutting down and abandoning module HeadMountedDisplay (71)
[2017.02.21-16.38.02:960][669]LogModuleManager: Shutting down and abandoning module XAudio2 (70)
[2017.02.21-16.38.02:960][669]LogModuleManager: Shutting down and abandoning module Networking (68)
[2017.02.21-16.38.02:960][669]LogModuleManager: Shutting down and abandoning module Core (67)
[2017.02.21-16.38.02:960][669]LogModuleManager: Shutting down and abandoning module DirectoryWatcher (66)
[2017.02.21-16.38.02:960][669]LogDirectoryWatcher: A directory notification for '../../../Engine/Content/' was aborted.
[2017.02.21-16.38.02:960][669]LogDirectoryWatcher: A directory notification for 'D:/Unreal Projects/Aeon/Aeon/Content/' was aborted.
[2017.02.21-16.38.02:960][669]LogDirectoryWatcher: A directory notification for '../../../Engine/Plugins/2D/Paper2D/Content/' was aborted.
[2017.02.21-16.38.02:960][669]LogModuleManager: Shutting down and abandoning module AssetRegistry (65)
[2017.02.21-16.38.03:081][669]LogModuleManager: Shutting down and abandoning module KismetCompiler (64)
[2017.02.21-16.38.03:081][669]LogModuleManager: Shutting down and abandoning module PhysXFormats (63)
[2017.02.21-16.38.03:081][669]LogModuleManager: Shutting down and abandoning module MeshUtilities (62)
[2017.02.21-16.38.03:097][669]LogModuleManager: Shutting down and abandoning module DerivedDataCache (61)
[2017.02.21-16.38.03:165][669]LogDerivedDataCache: Shutdown
[2017.02.21-16.38.03:165][669]LogModuleManager: Shutting down and abandoning module VulkanShaderFormat (60)
[2017.02.21-16.38.03:172][669]LogModuleManager: Shutting down and abandoning module ShaderFormatOpenGL (59)
[2017.02.21-16.38.03:186][669]LogModuleManager: Shutting down and abandoning module ShaderFormatD3D (58)
[2017.02.21-16.38.03:200][669]LogModuleManager: Shutting down and abandoning module MetalShaderFormat (57)
[2017.02.21-16.38.03:213][669]LogModuleManager: Shutting down and abandoning module TextureFormatUncompressed (56)
[2017.02.21-16.38.03:213][669]LogModuleManager: Shutting down and abandoning module TextureFormatPVR (55)
[2017.02.21-16.38.03:219][669]LogModuleManager: Shutting down and abandoning module TextureFormatDXT (54)
[2017.02.21-16.38.03:229][669]LogModuleManager: Shutting down and abandoning module TextureFormatIntelISPCTexComp (53)
[2017.02.21-16.38.03:231][669]LogModuleManager: Shutting down and abandoning module ImageWrapper (52)
[2017.02.21-16.38.03:231][669]LogModuleManager: Shutting down and abandoning module TextureFormatASTC (51)
[2017.02.21-16.38.03:231][669]LogModuleManager: Shutting down and abandoning module TextureFormatAndroid (50)
[2017.02.21-16.38.03:231][669]LogModuleManager: Shutting down and abandoning module AudioFormatOpus (49)
[2017.02.21-16.38.03:241][669]LogModuleManager: Shutting down and abandoning module AudioFormatOgg (48)
[2017.02.21-16.38.03:241][669]LogModuleManager: Shutting down and abandoning module AudioFormatADPCM (47)
[2017.02.21-16.38.03:248][669]LogModuleManager: Shutting down and abandoning module LinuxTargetPlatform (46)
[2017.02.21-16.38.03:248][669]LogModuleManager: Shutting down and abandoning module LinuxServerTargetPlatform (45)
[2017.02.21-16.38.03:259][669]LogModuleManager: Shutting down and abandoning module LinuxNoEditorTargetPlatform (44)
[2017.02.21-16.38.03:268][669]LogModuleManager: Shutting down and abandoning module LinuxClientTargetPlatform (43)
[2017.02.21-16.38.03:280][669]LogModuleManager: Shutting down and abandoning module TVOSTargetPlatform (42)
[2017.02.21-16.38.03:280][669]LogModuleManager: Shutting down and abandoning module Messaging (41)
[2017.02.21-16.38.03:280][669]LogModuleManager: Shutting down and abandoning module IOSTargetPlatform (40)
[2017.02.21-16.38.03:280][669]LogModuleManager: Shutting down and abandoning module HTML5TargetPlatform (39)
[2017.02.21-16.38.03:280][669]LogModuleManager: Shutting down and abandoning module Android_PVRTCTargetPlatform (38)
[2017.02.21-16.38.03:280][669]LogModuleManager: Shutting down and abandoning module Android_MultiTargetPlatform (37)
[2017.02.21-16.38.03:280][669]LogModuleManager: Shutting down and abandoning module Android_ETC2TargetPlatform (36)
[2017.02.21-16.38.03:280][669]LogModuleManager: Shutting down and abandoning module Android_ETC1TargetPlatform (35)
[2017.02.21-16.38.03:280][669]LogModuleManager: Shutting down and abandoning module Android_DXTTargetPlatform (34)
[2017.02.21-16.38.03:280][669]LogModuleManager: Shutting down and abandoning module Android_ATCTargetPlatform (33)
[2017.02.21-16.38.03:280][669]LogModuleManager: Shutting down and abandoning module Android_ASTCTargetPlatform (32)
[2017.02.21-16.38.03:280][669]LogModuleManager: Shutting down and abandoning module AndroidTargetPlatform (31)
[2017.02.21-16.38.03:280][669]LogModuleManager: Shutting down and abandoning module WindowsTargetPlatform (30)
[2017.02.21-16.38.03:280][669]LogModuleManager: Shutting down and abandoning module WindowsServerTargetPlatform (29)
[2017.02.21-16.38.03:285][669]LogModuleManager: Shutting down and abandoning module WindowsNoEditorTargetPlatform (28)
[2017.02.21-16.38.03:288][669]LogModuleManager: Shutting down and abandoning module WindowsClientTargetPlatform (27)
[2017.02.21-16.38.03:295][669]LogModuleManager: Shutting down and abandoning module AllDesktopTargetPlatform (26)
[2017.02.21-16.38.03:295][669]LogModuleManager: Shutting down and abandoning module TargetPlatform (25)
[2017.02.21-16.38.03:295][669]LogModuleManager: Shutting down and abandoning module InputCore (24)
[2017.02.21-16.38.03:295][669]LogModuleManager: Shutting down and abandoning module Settings (23)
[2017.02.21-16.38.03:295][669]LogModuleManager: Shutting down and abandoning module OculusRift (22)
[2017.02.21-16.38.03:305][669]LogModuleManager: Shutting down and abandoning module GearVR (21)
[2017.02.21-16.38.03:305][669]LogModuleManager: Shutting down and abandoning module ExampleDeviceProfileSelector (20)
[2017.02.21-16.38.03:305][669]LogModuleManager: Shutting down and abandoning module OnlineBlueprintSupport (19)
[2017.02.21-16.38.03:305][669]LogModuleManager: Shutting down and abandoning module OnlineSubsystem (17)
[2017.02.21-16.38.03:316][669]LogOnline:Display: Unloading online subsystem: NULL
[2017.02.21-16.38.03:335][669]LogModuleManager: Shutting down and abandoning module HTTP (16)
[2017.02.21-16.38.03:335][669]LogHttp:Display: Http module shutting down, but needs to wait on 1 outstanding Http requests:
[2017.02.21-16.38.03:335][669]LogHttp:Display: 	verb=[POST] url=[https://datarouter.ol.epicgames.com/datarouter/api/v1/public/data?SessionID=%7B4DEE40CA-4DBC-5D62-04A3-7A8D3974A1EE%7D&AppID=UEEditor.Rocket.Release&AppVersion=%2B%2BUE4%2BRelease-4.13-CL-3106830&UserID=1df0b10f4a2c3d22f04dab86eb61d8ba%7C21ec06c067a1450e9d39200616040840%7Cf27dcecb-2c05-40a9-85d0-41c2993f5b0e&AppEnvironment=datacollector-binary&UploadType=eteventstream] status=Processing
[2017.02.21-16.38.03:366][669]LogModuleManager: Shutting down and abandoning module XMPP (15)
[2017.02.21-16.38.03:380][669]LogModuleManager: Shutting down and abandoning module TextureCompressor (14)
[2017.02.21-16.38.03:382][669]LogModuleManager: Shutting down and abandoning module ShaderCore (13)
[2017.02.21-16.38.03:382][669]LogModuleManager: Shutting down and abandoning module Landscape (12)
[2017.02.21-16.38.03:382][669]LogModuleManager: Shutting down and abandoning module SlateRHIRenderer (11)
[2017.02.21-16.38.03:397][669]LogModuleManager: Shutting down and abandoning module OpenGLDrv (10)
[2017.02.21-16.38.03:409][669]LogModuleManager: Shutting down and abandoning module D3D11RHI (9)
[2017.02.21-16.38.03:409][669]LogModuleManager: Shutting down and abandoning module AnimGraphRuntime (8)
[2017.02.21-16.38.03:409][669]LogModuleManager: Shutting down and abandoning module Renderer (7)
[2017.02.21-16.38.03:409][669]LogModuleManager: Shutting down and abandoning module Engine (6)
[2017.02.21-16.38.03:409][669]LogModuleManager: Shutting down and abandoning module CoreUObject (5)
[2017.02.21-16.38.03:409][669]LogModuleManager: Shutting down and abandoning module NetworkFile (4)
[2017.02.21-16.38.03:418][669]LogModuleManager: Shutting down and abandoning module StreamingFile (3)
[2017.02.21-16.38.03:421][669]LogModuleManager: Shutting down and abandoning module SandboxFile (2)
[2017.02.21-16.38.03:422][669]LogModuleManager: Shutting down and abandoning module PakFile (1)
[2017.02.21-16.38.03:451][669]LogExit: Exiting.
[2017.02.21-16.38.03:452][669]Log file closed, 02/21/17 16:38:03
